{"C:\\Users\\Arthur Vidal Regis\\Novo-backend\\src\\main.ts": {"path":"C:\\Users\\Arthur Vidal Regis\\Novo-backend\\src\\main.ts","statementMap":{"0":{"start":{"line":1,"column":0},"end":{"line":1,"column":43}},"1":{"start":{"line":2,"column":0},"end":{"line":2,"column":49}},"2":{"start":{"line":3,"column":0},"end":{"line":3,"column":48}},"3":{"start":{"line":4,"column":0},"end":{"line":4,"column":65}},"4":{"start":{"line":5,"column":0},"end":{"line":5,"column":78}},"5":{"start":{"line":6,"column":0},"end":{"line":6,"column":75}},"6":{"start":{"line":9,"column":14},"end":{"line":9,"column":49}},"7":{"start":{"line":11,"column":2},"end":{"line":11,"column":32}},"8":{"start":{"line":13,"column":2},"end":{"line":13,"column":50}},"9":{"start":{"line":15,"column":2},"end":{"line":22,"column":4}},"10":{"start":{"line":24,"column":2},"end":{"line":28,"column":5}},"11":{"start":{"line":30,"column":17},"end":{"line":42,"column":12}},"12":{"start":{"line":44,"column":26},"end":{"line":44,"column":73}},"13":{"start":{"line":44,"column":32},"end":{"line":44,"column":73}},"14":{"start":{"line":45,"column":2},"end":{"line":45,"column":52}},"15":{"start":{"line":46,"column":2},"end":{"line":46,"column":45}},"16":{"start":{"line":48,"column":0},"end":{"line":48,"column":12}}},"fnMap":{"0":{"name":"bootstrap","decl":{"start":{"line":8,"column":15},"end":{"line":8,"column":24}},"loc":{"start":{"line":8,"column":24},"end":{"line":47,"column":1}}},"1":{"name":"(anonymous_1)","decl":{"start":{"line":44,"column":26},"end":{"line":44,"column":29}},"loc":{"start":{"line":44,"column":32},"end":{"line":44,"column":73}}}},"branchMap":{"0":{"loc":{"start":{"line":46,"column":19},"end":{"line":46,"column":43}},"type":"binary-expr","locations":[{"start":{"line":46,"column":19},"end":{"line":46,"column":35}},{"start":{"line":46,"column":39},"end":{"line":46,"column":43}}]}},"s":{"0":1,"1":1,"2":1,"3":1,"4":1,"5":1,"6":1,"7":1,"8":1,"9":1,"10":1,"11":1,"12":1,"13":0,"14":1,"15":1,"16":1},"f":{"0":1,"1":0},"b":{"0":[1,1]}}
,"C:\\Users\\Arthur Vidal Regis\\Novo-backend\\src\\common\\database\\prisma.service.ts": {"path":"C:\\Users\\Arthur Vidal Regis\\Novo-backend\\src\\common\\database\\prisma.service.ts","statementMap":{"0":{"start":{"line":1,"column":0},"end":{"line":1,"column":58}},"1":{"start":{"line":2,"column":0},"end":{"line":2,"column":46}},"2":{"start":{"line":5,"column":7},"end":{"line":13,"column":null}},"3":{"start":{"line":7,"column":4},"end":{"line":7,"column":26}},"4":{"start":{"line":11,"column":4},"end":{"line":11,"column":29}},"5":{"start":{"line":5,"column":13},"end":{"line":5,"column":26}},"6":{"start":{"line":5,"column":13},"end":{"line":13,"column":null}}},"fnMap":{"0":{"name":"(anonymous_1)","decl":{"start":{"line":6,"column":2},"end":{"line":6,"column":7}},"loc":{"start":{"line":6,"column":20},"end":{"line":8,"column":3}}},"1":{"name":"(anonymous_2)","decl":{"start":{"line":10,"column":2},"end":{"line":10,"column":7}},"loc":{"start":{"line":10,"column":23},"end":{"line":12,"column":3}}}},"branchMap":{},"s":{"0":55,"1":55,"2":55,"3":1,"4":1,"5":55,"6":55},"f":{"0":1,"1":1},"b":{}}
,"C:\\Users\\Arthur Vidal Regis\\Novo-backend\\src\\common\\decorators\\current.user.decorator.ts": {"path":"C:\\Users\\Arthur Vidal Regis\\Novo-backend\\src\\common\\decorators\\current.user.decorator.ts","statementMap":{"0":{"start":{"line":1,"column":0},"end":{"line":1,"column":72}},"1":{"start":{"line":4,"column":13},"end":{"line":9,"column":2}},"2":{"start":{"line":6,"column":20},"end":{"line":6,"column":55}},"3":{"start":{"line":7,"column":4},"end":{"line":7,"column":24}}},"fnMap":{"0":{"name":"(anonymous_0)","decl":{"start":{"line":5,"column":2},"end":{"line":5,"column":3}},"loc":{"start":{"line":5,"column":60},"end":{"line":8,"column":3}}}},"branchMap":{},"s":{"0":26,"1":26,"2":1,"3":1},"f":{"0":1},"b":{}}
,"C:\\Users\\Arthur Vidal Regis\\Novo-backend\\src\\common\\decorators\\index.ts": {"path":"C:\\Users\\Arthur Vidal Regis\\Novo-backend\\src\\common\\decorators\\index.ts","statementMap":{"0":{"start":{"line":1,"column":0},"end":{"line":1,"column":41}},"1":{"start":{"line":2,"column":0},"end":{"line":2,"column":38}},"2":{"start":{"line":3,"column":0},"end":{"line":3,"column":34}},"3":{"start":{"line":4,"column":0},"end":{"line":4,"column":43}}},"fnMap":{},"branchMap":{},"s":{"0":24,"1":24,"2":24,"3":24},"f":{},"b":{}}
,"C:\\Users\\Arthur Vidal Regis\\Novo-backend\\src\\common\\decorators\\is-public.decorator.ts": {"path":"C:\\Users\\Arthur Vidal Regis\\Novo-backend\\src\\common\\decorators\\is-public.decorator.ts","statementMap":{"0":{"start":{"line":1,"column":0},"end":{"line":1,"column":45}},"1":{"start":{"line":3,"column":13},"end":{"line":3,"column":40}},"2":{"start":{"line":4,"column":24},"end":{"line":4,"column":64}},"3":{"start":{"line":4,"column":30},"end":{"line":4,"column":64}},"4":{"start":{"line":4,"column":13},"end":{"line":4,"column":24}}},"fnMap":{"0":{"name":"(anonymous_0)","decl":{"start":{"line":4,"column":24},"end":{"line":4,"column":27}},"loc":{"start":{"line":4,"column":30},"end":{"line":4,"column":64}}}},"branchMap":{},"s":{"0":24,"1":24,"2":24,"3":6,"4":24},"f":{"0":6},"b":{}}
,"C:\\Users\\Arthur Vidal Regis\\Novo-backend\\src\\common\\decorators\\roles.decorator.ts": {"path":"C:\\Users\\Arthur Vidal Regis\\Novo-backend\\src\\common\\decorators\\roles.decorator.ts","statementMap":{"0":{"start":{"line":1,"column":0},"end":{"line":1,"column":45}},"1":{"start":{"line":3,"column":13},"end":{"line":3,"column":33}},"2":{"start":{"line":4,"column":21},"end":{"line":4,"column":74}},"3":{"start":{"line":4,"column":45},"end":{"line":4,"column":74}},"4":{"start":{"line":4,"column":13},"end":{"line":4,"column":21}}},"fnMap":{"0":{"name":"(anonymous_0)","decl":{"start":{"line":4,"column":21},"end":{"line":4,"column":22}},"loc":{"start":{"line":4,"column":45},"end":{"line":4,"column":74}}}},"branchMap":{},"s":{"0":25,"1":25,"2":25,"3":1,"4":25},"f":{"0":1},"b":{}}
,"C:\\Users\\Arthur Vidal Regis\\Novo-backend\\src\\common\\decorators\\skip-uppercase.decorator.ts": {"path":"C:\\Users\\Arthur Vidal Regis\\Novo-backend\\src\\common\\decorators\\skip-uppercase.decorator.ts","statementMap":{"0":{"start":{"line":1,"column":0},"end":{"line":1,"column":26}},"1":{"start":{"line":3,"column":29},"end":{"line":7,"column":1}},"2":{"start":{"line":4,"column":1},"end":{"line":6,"column":3}},"3":{"start":{"line":5,"column":2},"end":{"line":5,"column":69}},"4":{"start":{"line":3,"column":13},"end":{"line":3,"column":29}}},"fnMap":{"0":{"name":"(anonymous_0)","decl":{"start":{"line":3,"column":29},"end":{"line":3,"column":51}},"loc":{"start":{"line":3,"column":53},"end":{"line":7,"column":1}}},"1":{"name":"(anonymous_1)","decl":{"start":{"line":4,"column":8},"end":{"line":4,"column":9}},"loc":{"start":{"line":4,"column":54},"end":{"line":6,"column":2}}}},"branchMap":{},"s":{"0":24,"1":24,"2":50,"3":50,"4":24},"f":{"0":50,"1":50},"b":{}}
,"C:\\Users\\Arthur Vidal Regis\\Novo-backend\\src\\common\\filters\\all-exceptions.filters.ts": {"path":"C:\\Users\\Arthur Vidal Regis\\Novo-backend\\src\\common\\filters\\all-exceptions.filters.ts","statementMap":{"0":{"start":{"line":1,"column":0},"end":{"line":1,"column":null}},"1":{"start":{"line":12,"column":32},"end":{"line":45,"column":null}},"2":{"start":{"line":13,"column":28},"end":{"line":13,"column":64}},"3":{"start":{"line":16,"column":16},"end":{"line":16,"column":35}},"4":{"start":{"line":17,"column":21},"end":{"line":17,"column":38}},"5":{"start":{"line":18,"column":20},"end":{"line":18,"column":36}},"6":{"start":{"line":23,"column":4},"end":{"line":36,"column":5}},"7":{"start":{"line":24,"column":6},"end":{"line":24,"column":36}},"8":{"start":{"line":25,"column":6},"end":{"line":25,"column":68}},"9":{"start":{"line":26,"column":11},"end":{"line":36,"column":5}},"10":{"start":{"line":27,"column":6},"end":{"line":27,"column":37}},"11":{"start":{"line":28,"column":6},"end":{"line":28,"column":40}},"12":{"start":{"line":30,"column":6},"end":{"line":30,"column":48}},"13":{"start":{"line":31,"column":6},"end":{"line":31,"column":63}},"14":{"start":{"line":32,"column":6},"end":{"line":35,"column":8}},"15":{"start":{"line":38,"column":4},"end":{"line":43,"column":7}},"16":{"start":{"line":12,"column":13},"end":{"line":12,"column":32}},"17":{"start":{"line":12,"column":13},"end":{"line":45,"column":null}}},"fnMap":{"0":{"name":"(anonymous_1)","decl":{"start":{"line":15,"column":2},"end":{"line":15,"column":7}},"loc":{"start":{"line":15,"column":47},"end":{"line":44,"column":3}}}},"branchMap":{"0":{"loc":{"start":{"line":23,"column":4},"end":{"line":36,"column":5}},"type":"if","locations":[{"start":{"line":23,"column":4},"end":{"line":36,"column":5}},{"start":{"line":26,"column":11},"end":{"line":36,"column":5}}]},"1":{"loc":{"start":{"line":25,"column":16},"end":{"line":25,"column":67}},"type":"binary-expr","locations":[{"start":{"line":25,"column":16},"end":{"line":25,"column":39}},{"start":{"line":25,"column":43},"end":{"line":25,"column":67}}]},"2":{"loc":{"start":{"line":26,"column":11},"end":{"line":36,"column":5}},"type":"if","locations":[{"start":{"line":26,"column":11},"end":{"line":36,"column":5}},{"start":{"line":29,"column":11},"end":{"line":36,"column":5}}]}},"s":{"0":2,"1":2,"2":4,"3":3,"4":3,"5":3,"6":3,"7":1,"8":1,"9":2,"10":1,"11":1,"12":1,"13":1,"14":1,"15":3,"16":2,"17":2},"f":{"0":3},"b":{"0":[1,2],"1":[1,0],"2":[1,1]}}
,"C:\\Users\\Arthur Vidal Regis\\Novo-backend\\src\\common\\guards\\index.ts": {"path":"C:\\Users\\Arthur Vidal Regis\\Novo-backend\\src\\common\\guards\\index.ts","statementMap":{"0":{"start":{"line":1,"column":0},"end":{"line":1,"column":33}},"1":{"start":{"line":2,"column":0},"end":{"line":2,"column":35}},"2":{"start":{"line":3,"column":0},"end":{"line":3,"column":30}}},"fnMap":{},"branchMap":{},"s":{"0":1,"1":1,"2":1},"f":{},"b":{}}
,"C:\\Users\\Arthur Vidal Regis\\Novo-backend\\src\\common\\guards\\jwt-auth.guard.ts": {"path":"C:\\Users\\Arthur Vidal Regis\\Novo-backend\\src\\common\\guards\\jwt-auth.guard.ts","statementMap":{"0":{"start":{"line":1,"column":0},"end":{"line":1,"column":null}},"1":{"start":{"line":6,"column":0},"end":{"line":6,"column":41}},"2":{"start":{"line":7,"column":0},"end":{"line":7,"column":45}},"3":{"start":{"line":8,"column":0},"end":{"line":8,"column":46}},"4":{"start":{"line":11,"column":7},"end":{"line":42,"column":null}},"5":{"start":{"line":13,"column":4},"end":{"line":13,"column":12}},"6":{"start":{"line":12,"column":22},"end":{"line":12,"column":33}},"7":{"start":{"line":17,"column":21},"end":{"line":20,"column":6}},"8":{"start":{"line":22,"column":4},"end":{"line":24,"column":5}},"9":{"start":{"line":23,"column":6},"end":{"line":23,"column":18}},"10":{"start":{"line":26,"column":24},"end":{"line":26,"column":50}},"11":{"start":{"line":28,"column":4},"end":{"line":30,"column":5}},"12":{"start":{"line":29,"column":6},"end":{"line":29,"column":25}},"13":{"start":{"line":32,"column":31},"end":{"line":32,"column":62}},"14":{"start":{"line":34,"column":4},"end":{"line":40,"column":7}},"15":{"start":{"line":35,"column":6},"end":{"line":37,"column":7}},"16":{"start":{"line":36,"column":8},"end":{"line":36,"column":55}},"17":{"start":{"line":39,"column":6},"end":{"line":39,"column":40}},"18":{"start":{"line":11,"column":13},"end":{"line":11,"column":25}},"19":{"start":{"line":11,"column":13},"end":{"line":42,"column":null}}},"fnMap":{"0":{"name":"(anonymous_2)","decl":{"start":{"line":12,"column":2},"end":{"line":12,"column":22}},"loc":{"start":{"line":12,"column":42},"end":{"line":14,"column":3}}},"1":{"name":"(anonymous_3)","decl":{"start":{"line":16,"column":2},"end":{"line":16,"column":13}},"loc":{"start":{"line":16,"column":39},"end":{"line":41,"column":3}}},"2":{"name":"(anonymous_4)","decl":{"start":{"line":34,"column":36},"end":{"line":34,"column":37}},"loc":{"start":{"line":34,"column":46},"end":{"line":40,"column":5}}}},"branchMap":{"0":{"loc":{"start":{"line":22,"column":4},"end":{"line":24,"column":5}},"type":"if","locations":[{"start":{"line":22,"column":4},"end":{"line":24,"column":5}}]},"1":{"loc":{"start":{"line":28,"column":4},"end":{"line":30,"column":5}},"type":"if","locations":[{"start":{"line":28,"column":4},"end":{"line":30,"column":5}}]},"2":{"loc":{"start":{"line":35,"column":6},"end":{"line":37,"column":7}},"type":"if","locations":[{"start":{"line":35,"column":6},"end":{"line":37,"column":7}}]}},"s":{"0":13,"1":13,"2":13,"3":13,"4":13,"5":21,"6":21,"7":4,"8":4,"9":1,"10":3,"11":3,"12":1,"13":2,"14":2,"15":2,"16":1,"17":1,"18":13,"19":13},"f":{"0":21,"1":4,"2":2},"b":{"0":[1],"1":[1],"2":[1]}}
,"C:\\Users\\Arthur Vidal Regis\\Novo-backend\\src\\common\\guards\\local-auth.guard.ts": {"path":"C:\\Users\\Arthur Vidal Regis\\Novo-backend\\src\\common\\guards\\local-auth.guard.ts","statementMap":{"0":{"start":{"line":1,"column":0},"end":{"line":1,"column":null}},"1":{"start":{"line":6,"column":0},"end":{"line":6,"column":45}},"2":{"start":{"line":9,"column":7},"end":{"line":21,"column":null}},"3":{"start":{"line":11,"column":4},"end":{"line":11,"column":38}},"4":{"start":{"line":15,"column":4},"end":{"line":17,"column":5}},"5":{"start":{"line":16,"column":6},"end":{"line":16,"column":52}},"6":{"start":{"line":19,"column":4},"end":{"line":19,"column":16}},"7":{"start":{"line":9,"column":13},"end":{"line":9,"column":27}},"8":{"start":{"line":9,"column":13},"end":{"line":21,"column":null}}},"fnMap":{"0":{"name":"(anonymous_1)","decl":{"start":{"line":10,"column":2},"end":{"line":10,"column":13}},"loc":{"start":{"line":10,"column":39},"end":{"line":12,"column":3}}},"1":{"name":"(anonymous_2)","decl":{"start":{"line":14,"column":2},"end":{"line":14,"column":15}},"loc":{"start":{"line":14,"column":25},"end":{"line":20,"column":3}}}},"branchMap":{"0":{"loc":{"start":{"line":15,"column":4},"end":{"line":17,"column":5}},"type":"if","locations":[{"start":{"line":15,"column":4},"end":{"line":17,"column":5}}]},"1":{"loc":{"start":{"line":15,"column":8},"end":{"line":15,"column":20}},"type":"binary-expr","locations":[{"start":{"line":15,"column":8},"end":{"line":15,"column":11}},{"start":{"line":15,"column":15},"end":{"line":15,"column":20}}]}},"s":{"0":5,"1":5,"2":5,"3":1,"4":5,"5":4,"6":1,"7":5,"8":5},"f":{"0":1,"1":5},"b":{"0":[4],"1":[5,3]}}
,"C:\\Users\\Arthur Vidal Regis\\Novo-backend\\src\\common\\guards\\roles.guard.ts": {"path":"C:\\Users\\Arthur Vidal Regis\\Novo-backend\\src\\common\\guards\\roles.guard.ts","statementMap":{"0":{"start":{"line":1,"column":0},"end":{"line":1,"column":null}},"1":{"start":{"line":7,"column":0},"end":{"line":7,"column":41}},"2":{"start":{"line":9,"column":0},"end":{"line":9,"column":59}},"3":{"start":{"line":10,"column":0},"end":{"line":10,"column":42}},"4":{"start":{"line":18,"column":7},"end":{"line":57,"column":null}},"5":{"start":{"line":20,"column":12},"end":{"line":20,"column":23}},"6":{"start":{"line":21,"column":12},"end":{"line":21,"column":20}},"7":{"start":{"line":26,"column":6},"end":{"line":28,"column":14}},"8":{"start":{"line":31,"column":6},"end":{"line":33,"column":14}},"9":{"start":{"line":35,"column":36},"end":{"line":36,"column":null}},"10":{"start":{"line":39,"column":4},"end":{"line":41,"column":5}},"11":{"start":{"line":40,"column":6},"end":{"line":40,"column":18}},"12":{"start":{"line":43,"column":20},"end":{"line":43,"column":72}},"13":{"start":{"line":45,"column":17},"end":{"line":45,"column":29}},"14":{"start":{"line":47,"column":4},"end":{"line":49,"column":5}},"15":{"start":{"line":48,"column":6},"end":{"line":48,"column":54}},"16":{"start":{"line":51,"column":4},"end":{"line":53,"column":5}},"17":{"start":{"line":52,"column":6},"end":{"line":52,"column":68}},"18":{"start":{"line":55,"column":4},"end":{"line":55,"column":16}},"19":{"start":{"line":18,"column":13},"end":{"line":18,"column":23}},"20":{"start":{"line":18,"column":13},"end":{"line":57,"column":null}}},"fnMap":{"0":{"name":"(anonymous_2)","decl":{"start":{"line":19,"column":2},"end":{"line":19,"column":null}},"loc":{"start":{"line":21,"column":33},"end":{"line":22,"column":6}}},"1":{"name":"(anonymous_3)","decl":{"start":{"line":24,"column":2},"end":{"line":24,"column":7}},"loc":{"start":{"line":24,"column":45},"end":{"line":56,"column":3}}}},"branchMap":{"0":{"loc":{"start":{"line":26,"column":6},"end":{"line":28,"column":14}},"type":"binary-expr","locations":[{"start":{"line":26,"column":6},"end":{"line":28,"column":8}},{"start":{"line":28,"column":12},"end":{"line":28,"column":14}}]},"1":{"loc":{"start":{"line":31,"column":6},"end":{"line":33,"column":14}},"type":"binary-expr","locations":[{"start":{"line":31,"column":6},"end":{"line":33,"column":8}},{"start":{"line":33,"column":12},"end":{"line":33,"column":14}}]},"2":{"loc":{"start":{"line":39,"column":4},"end":{"line":41,"column":5}},"type":"if","locations":[{"start":{"line":39,"column":4},"end":{"line":41,"column":5}}]},"3":{"loc":{"start":{"line":47,"column":4},"end":{"line":49,"column":5}},"type":"if","locations":[{"start":{"line":47,"column":4},"end":{"line":49,"column":5}}]},"4":{"loc":{"start":{"line":51,"column":4},"end":{"line":53,"column":5}},"type":"if","locations":[{"start":{"line":51,"column":4},"end":{"line":53,"column":5}}]}},"s":{"0":16,"1":16,"2":16,"3":16,"4":16,"5":4,"6":4,"7":4,"8":4,"9":4,"10":4,"11":1,"12":3,"13":3,"14":3,"15":1,"16":2,"17":1,"18":1,"19":16,"20":16},"f":{"0":4,"1":4},"b":{"0":[4,1],"1":[4,1],"2":[1],"3":[1],"4":[1]}}
,"C:\\Users\\Arthur Vidal Regis\\Novo-backend\\src\\common\\guards\\strategies\\jwt.strategy.ts": {"path":"C:\\Users\\Arthur Vidal Regis\\Novo-backend\\src\\common\\guards\\strategies\\jwt.strategy.ts","statementMap":{"0":{"start":{"line":1,"column":0},"end":{"line":1,"column":44}},"1":{"start":{"line":2,"column":0},"end":{"line":2,"column":52}},"2":{"start":{"line":3,"column":0},"end":{"line":3,"column":52}},"3":{"start":{"line":7,"column":7},"end":{"line":19,"column":null}},"4":{"start":{"line":9,"column":4},"end":{"line":13,"column":7}},"5":{"start":{"line":17,"column":4},"end":{"line":17,"column":19}},"6":{"start":{"line":7,"column":13},"end":{"line":7,"column":24}},"7":{"start":{"line":7,"column":13},"end":{"line":19,"column":null}}},"fnMap":{"0":{"name":"(anonymous_2)","decl":{"start":{"line":8,"column":2},"end":{"line":8,"column":null}},"loc":{"start":{"line":8,"column":2},"end":{"line":14,"column":3}}},"1":{"name":"(anonymous_3)","decl":{"start":{"line":16,"column":2},"end":{"line":16,"column":7}},"loc":{"start":{"line":16,"column":37},"end":{"line":18,"column":3}}}},"branchMap":{},"s":{"0":1,"1":1,"2":1,"3":1,"4":1,"5":1,"6":1,"7":1},"f":{"0":1,"1":1},"b":{}}
,"C:\\Users\\Arthur Vidal Regis\\Novo-backend\\src\\common\\guards\\strategies\\local.strategy.ts": {"path":"C:\\Users\\Arthur Vidal Regis\\Novo-backend\\src\\common\\guards\\strategies\\local.strategy.ts","statementMap":{"0":{"start":{"line":1,"column":0},"end":{"line":1,"column":42}},"1":{"start":{"line":2,"column":0},"end":{"line":2,"column":44}},"2":{"start":{"line":3,"column":0},"end":{"line":3,"column":52}},"3":{"start":{"line":4,"column":0},"end":{"line":4,"column":61}},"4":{"start":{"line":7,"column":7},"end":{"line":15,"column":null}},"5":{"start":{"line":9,"column":4},"end":{"line":9,"column":42}},"6":{"start":{"line":8,"column":22},"end":{"line":8,"column":35}},"7":{"start":{"line":13,"column":4},"end":{"line":13,"column":62}},"8":{"start":{"line":7,"column":13},"end":{"line":7,"column":26}},"9":{"start":{"line":7,"column":13},"end":{"line":15,"column":null}}},"fnMap":{"0":{"name":"(anonymous_2)","decl":{"start":{"line":8,"column":2},"end":{"line":8,"column":22}},"loc":{"start":{"line":8,"column":46},"end":{"line":10,"column":3}}},"1":{"name":"(anonymous_3)","decl":{"start":{"line":12,"column":2},"end":{"line":12,"column":10}},"loc":{"start":{"line":12,"column":46},"end":{"line":14,"column":3}}}},"branchMap":{},"s":{"0":1,"1":1,"2":1,"3":1,"4":1,"5":1,"6":1,"7":1,"8":1,"9":1},"f":{"0":1,"1":1},"b":{}}
,"C:\\Users\\Arthur Vidal Regis\\Novo-backend\\src\\common\\middlewares\\login-validation.middleware.ts": {"path":"C:\\Users\\Arthur Vidal Regis\\Novo-backend\\src\\common\\middlewares\\login-validation.middleware.ts","statementMap":{"0":{"start":{"line":1,"column":0},"end":{"line":1,"column":null}},"1":{"start":{"line":6,"column":0},"end":{"line":6,"column":43}},"2":{"start":{"line":8,"column":0},"end":{"line":8,"column":46}},"3":{"start":{"line":11,"column":7},"end":{"line":31,"column":null}},"4":{"start":{"line":13,"column":17},"end":{"line":13,"column":25}},"5":{"start":{"line":15,"column":29},"end":{"line":15,"column":43}},"6":{"start":{"line":16,"column":4},"end":{"line":16,"column":48}},"7":{"start":{"line":17,"column":4},"end":{"line":17,"column":46}},"8":{"start":{"line":19,"column":24},"end":{"line":19,"column":56}},"9":{"start":{"line":21,"column":4},"end":{"line":27,"column":5}},"10":{"start":{"line":22,"column":6},"end":{"line":26,"column":8}},"11":{"start":{"line":24,"column":10},"end":{"line":24,"column":59}},"12":{"start":{"line":29,"column":4},"end":{"line":29,"column":11}},"13":{"start":{"line":11,"column":13},"end":{"line":11,"column":38}},"14":{"start":{"line":11,"column":13},"end":{"line":31,"column":null}}},"fnMap":{"0":{"name":"(anonymous_1)","decl":{"start":{"line":12,"column":2},"end":{"line":12,"column":7}},"loc":{"start":{"line":12,"column":59},"end":{"line":30,"column":3}}},"1":{"name":"(anonymous_2)","decl":{"start":{"line":23,"column":28},"end":{"line":23,"column":29}},"loc":{"start":{"line":24,"column":10},"end":{"line":24,"column":59}}}},"branchMap":{"0":{"loc":{"start":{"line":21,"column":4},"end":{"line":27,"column":5}},"type":"if","locations":[{"start":{"line":21,"column":4},"end":{"line":27,"column":5}}]},"1":{"loc":{"start":{"line":24,"column":10},"end":{"line":24,"column":59}},"type":"cond-expr","locations":[{"start":{"line":24,"column":26},"end":{"line":24,"column":54}},{"start":{"line":24,"column":57},"end":{"line":24,"column":59}}]}},"s":{"0":1,"1":1,"2":1,"3":1,"4":4,"5":4,"6":4,"7":4,"8":4,"9":4,"10":3,"11":3,"12":1,"13":1,"14":1},"f":{"0":4,"1":3},"b":{"0":[3],"1":[3,0]}}
,"C:\\Users\\Arthur Vidal Regis\\Novo-backend\\src\\common\\pipes\\uppercase-global.pipe.ts": {"path":"C:\\Users\\Arthur Vidal Regis\\Novo-backend\\src\\common\\pipes\\uppercase-global.pipe.ts","statementMap":{"0":{"start":{"line":1,"column":0},"end":{"line":1,"column":77}},"1":{"start":{"line":2,"column":0},"end":{"line":2,"column":41}},"2":{"start":{"line":5,"column":7},"end":{"line":27,"column":null}},"3":{"start":{"line":7,"column":4},"end":{"line":7,"column":60}},"4":{"start":{"line":7,"column":47},"end":{"line":7,"column":60}},"5":{"start":{"line":9,"column":22},"end":{"line":9,"column":57}},"6":{"start":{"line":11,"column":4},"end":{"line":23,"column":5}},"7":{"start":{"line":12,"column":19},"end":{"line":12,"column":71}},"8":{"start":{"line":14,"column":6},"end":{"line":14,"column":25}},"9":{"start":{"line":14,"column":16},"end":{"line":14,"column":25}},"10":{"start":{"line":16,"column":6},"end":{"line":16,"column":39}},"11":{"start":{"line":16,"column":30},"end":{"line":16,"column":39}},"12":{"start":{"line":18,"column":27},"end":{"line":18,"column":77}},"13":{"start":{"line":20,"column":6},"end":{"line":20,"column":44}},"14":{"start":{"line":20,"column":35},"end":{"line":20,"column":44}},"15":{"start":{"line":22,"column":6},"end":{"line":22,"column":80}},"16":{"start":{"line":22,"column":42},"end":{"line":22,"column":80}},"17":{"start":{"line":25,"column":4},"end":{"line":25,"column":17}},"18":{"start":{"line":5,"column":13},"end":{"line":5,"column":32}},"19":{"start":{"line":5,"column":13},"end":{"line":27,"column":null}}},"fnMap":{"0":{"name":"(anonymous_1)","decl":{"start":{"line":6,"column":2},"end":{"line":6,"column":11}},"loc":{"start":{"line":6,"column":50},"end":{"line":26,"column":3}}}},"branchMap":{"0":{"loc":{"start":{"line":7,"column":4},"end":{"line":7,"column":60}},"type":"if","locations":[{"start":{"line":7,"column":4},"end":{"line":7,"column":60}}]},"1":{"loc":{"start":{"line":7,"column":10},"end":{"line":7,"column":44}},"type":"binary-expr","locations":[{"start":{"line":7,"column":10},"end":{"line":7,"column":15}},{"start":{"line":7,"column":19},"end":{"line":7,"column":44}}]},"2":{"loc":{"start":{"line":9,"column":23},"end":{"line":9,"column":46}},"type":"binary-expr","locations":[{"start":{"line":9,"column":23},"end":{"line":9,"column":40}},{"start":{"line":9,"column":44},"end":{"line":9,"column":46}}]},"3":{"loc":{"start":{"line":14,"column":6},"end":{"line":14,"column":25}},"type":"if","locations":[{"start":{"line":14,"column":6},"end":{"line":14,"column":25}}]},"4":{"loc":{"start":{"line":16,"column":6},"end":{"line":16,"column":39}},"type":"if","locations":[{"start":{"line":16,"column":6},"end":{"line":16,"column":39}}]},"5":{"loc":{"start":{"line":20,"column":6},"end":{"line":20,"column":44}},"type":"if","locations":[{"start":{"line":20,"column":6},"end":{"line":20,"column":44}}]},"6":{"loc":{"start":{"line":22,"column":6},"end":{"line":22,"column":80}},"type":"if","locations":[{"start":{"line":22,"column":6},"end":{"line":22,"column":80}}]}},"s":{"0":2,"1":2,"2":2,"3":2,"4":0,"5":2,"6":2,"7":4,"8":4,"9":1,"10":3,"11":1,"12":2,"13":2,"14":1,"15":1,"16":1,"17":2,"18":2,"19":2},"f":{"0":2},"b":{"0":[0],"1":[2,2],"2":[2,0],"3":[1],"4":[1],"5":[1],"6":[1]}}
,"C:\\Users\\Arthur Vidal Regis\\Novo-backend\\src\\contracts\\pagination\\prisma.utils.ts": {"path":"C:\\Users\\Arthur Vidal Regis\\Novo-backend\\src\\contracts\\pagination\\prisma.utils.ts","statementMap":{"0":{"start":{"line":36,"column":0},"end":{"line":36,"column":16}},"1":{"start":{"line":13,"column":2},"end":{"line":13,"column":67}},"2":{"start":{"line":20,"column":2},"end":{"line":20,"column":26}},"3":{"start":{"line":20,"column":14},"end":{"line":20,"column":26}},"4":{"start":{"line":22,"column":21},"end":{"line":22,"column":47}},"5":{"start":{"line":25,"column":21},"end":{"line":25,"column":65}},"6":{"start":{"line":28,"column":22},"end":{"line":28,"column":69}},"7":{"start":{"line":30,"column":2},"end":{"line":30,"column":51}},"8":{"start":{"line":30,"column":39},"end":{"line":30,"column":51}},"9":{"start":{"line":31,"column":2},"end":{"line":31,"column":53}},"10":{"start":{"line":31,"column":40},"end":{"line":31,"column":53}},"11":{"start":{"line":33,"column":2},"end":{"line":33,"column":14}},"12":{"start":{"line":41,"column":16},"end":{"line":41,"column":33}},"13":{"start":{"line":42,"column":44},"end":{"line":42,"column":47}},"14":{"start":{"line":45,"column":2},"end":{"line":45,"column":68}},"15":{"start":{"line":45,"column":55},"end":{"line":45,"column":68}},"16":{"start":{"line":48,"column":16},"end":{"line":48,"column":59}},"17":{"start":{"line":50,"column":2},"end":{"line":109,"column":3}},"18":{"start":{"line":50,"column":15},"end":{"line":50,"column":16}},"19":{"start":{"line":51,"column":16},"end":{"line":51,"column":29}},"20":{"start":{"line":52,"column":16},"end":{"line":52,"column":26}},"21":{"start":{"line":55,"column":4},"end":{"line":55,"column":58}},"22":{"start":{"line":55,"column":49},"end":{"line":55,"column":58}},"23":{"start":{"line":58,"column":4},"end":{"line":62,"column":5}},"24":{"start":{"line":59,"column":27},"end":{"line":59,"column":59}},"25":{"start":{"line":60,"column":6},"end":{"line":60,"column":41}},"26":{"start":{"line":61,"column":6},"end":{"line":61,"column":15}},"27":{"start":{"line":65,"column":24},"end":{"line":65,"column":58}},"28":{"start":{"line":66,"column":4},"end":{"line":71,"column":5}},"29":{"start":{"line":67,"column":6},"end":{"line":69,"column":7}},"30":{"start":{"line":68,"column":8},"end":{"line":68,"column":37}},"31":{"start":{"line":70,"column":6},"end":{"line":70,"column":15}},"32":{"start":{"line":74,"column":4},"end":{"line":78,"column":5}},"33":{"start":{"line":75,"column":24},"end":{"line":75,"column":41}},"34":{"start":{"line":76,"column":6},"end":{"line":76,"column":41}},"35":{"start":{"line":77,"column":6},"end":{"line":77,"column":15}},"36":{"start":{"line":81,"column":4},"end":{"line":87,"column":5}},"37":{"start":{"line":82,"column":24},"end":{"line":82,"column":41}},"38":{"start":{"line":83,"column":6},"end":{"line":85,"column":7}},"39":{"start":{"line":84,"column":8},"end":{"line":84,"column":43}},"40":{"start":{"line":86,"column":6},"end":{"line":86,"column":15}},"41":{"start":{"line":90,"column":4},"end":{"line":94,"column":5}},"42":{"start":{"line":91,"column":23},"end":{"line":91,"column":34}},"43":{"start":{"line":92,"column":6},"end":{"line":92,"column":62}},"44":{"start":{"line":92,"column":28},"end":{"line":92,"column":62}},"45":{"start":{"line":93,"column":6},"end":{"line":93,"column":15}},"46":{"start":{"line":97,"column":4},"end":{"line":105,"column":5}},"47":{"start":{"line":98,"column":24},"end":{"line":98,"column":37}},"48":{"start":{"line":99,"column":6},"end":{"line":103,"column":7}},"49":{"start":{"line":100,"column":27},"end":{"line":100,"column":67}},"50":{"start":{"line":101,"column":25},"end":{"line":101,"column":70}},"51":{"start":{"line":102,"column":8},"end":{"line":102,"column":56}},"52":{"start":{"line":104,"column":6},"end":{"line":104,"column":15}},"53":{"start":{"line":108,"column":4},"end":{"line":108,"column":56}},"54":{"start":{"line":111,"column":2},"end":{"line":111,"column":15}}},"fnMap":{"0":{"name":"parseBoolean","decl":{"start":{"line":19,"column":9},"end":{"line":19,"column":21}},"loc":{"start":{"line":19,"column":35},"end":{"line":34,"column":1}}},"1":{"name":"buildDynamicWhere","decl":{"start":{"line":36,"column":16},"end":{"line":36,"column":33}},"loc":{"start":{"line":39,"column":29},"end":{"line":112,"column":1}}}},"branchMap":{"0":{"loc":{"start":{"line":20,"column":2},"end":{"line":20,"column":26}},"type":"if","locations":[{"start":{"line":20,"column":2},"end":{"line":20,"column":26}}]},"1":{"loc":{"start":{"line":30,"column":2},"end":{"line":30,"column":51}},"type":"if","locations":[{"start":{"line":30,"column":2},"end":{"line":30,"column":51}}]},"2":{"loc":{"start":{"line":31,"column":2},"end":{"line":31,"column":53}},"type":"if","locations":[{"start":{"line":31,"column":2},"end":{"line":31,"column":53}}]},"3":{"loc":{"start":{"line":38,"column":2},"end":{"line":38,"column":22}},"type":"default-arg","locations":[{"start":{"line":38,"column":20},"end":{"line":38,"column":22}}]},"4":{"loc":{"start":{"line":39,"column":2},"end":{"line":39,"column":29}},"type":"default-arg","locations":[{"start":{"line":39,"column":27},"end":{"line":39,"column":29}}]},"5":{"loc":{"start":{"line":42,"column":10},"end":{"line":42,"column":25}},"type":"default-arg","locations":[{"start":{"line":42,"column":23},"end":{"line":42,"column":25}}]},"6":{"loc":{"start":{"line":42,"column":27},"end":{"line":42,"column":39}},"type":"default-arg","locations":[{"start":{"line":42,"column":37},"end":{"line":42,"column":39}}]},"7":{"loc":{"start":{"line":45,"column":2},"end":{"line":45,"column":68}},"type":"if","locations":[{"start":{"line":45,"column":2},"end":{"line":45,"column":68}}]},"8":{"loc":{"start":{"line":45,"column":6},"end":{"line":45,"column":53}},"type":"binary-expr","locations":[{"start":{"line":45,"column":6},"end":{"line":45,"column":29}},{"start":{"line":45,"column":33},"end":{"line":45,"column":53}}]},"9":{"loc":{"start":{"line":55,"column":4},"end":{"line":55,"column":58}},"type":"if","locations":[{"start":{"line":55,"column":4},"end":{"line":55,"column":58}}]},"10":{"loc":{"start":{"line":55,"column":8},"end":{"line":55,"column":47}},"type":"binary-expr","locations":[{"start":{"line":55,"column":8},"end":{"line":55,"column":12}},{"start":{"line":55,"column":16},"end":{"line":55,"column":33}},{"start":{"line":55,"column":37},"end":{"line":55,"column":47}}]},"11":{"loc":{"start":{"line":58,"column":4},"end":{"line":62,"column":5}},"type":"if","locations":[{"start":{"line":58,"column":4},"end":{"line":62,"column":5}}]},"12":{"loc":{"start":{"line":58,"column":8},"end":{"line":58,"column":61}},"type":"binary-expr","locations":[{"start":{"line":58,"column":8},"end":{"line":58,"column":30}},{"start":{"line":58,"column":34},"end":{"line":58,"column":61}}]},"13":{"loc":{"start":{"line":65,"column":24},"end":{"line":65,"column":58}},"type":"binary-expr","locations":[{"start":{"line":65,"column":24},"end":{"line":65,"column":42}},{"start":{"line":65,"column":46},"end":{"line":65,"column":58}}]},"14":{"loc":{"start":{"line":66,"column":4},"end":{"line":71,"column":5}},"type":"if","locations":[{"start":{"line":66,"column":4},"end":{"line":71,"column":5}}]},"15":{"loc":{"start":{"line":67,"column":6},"end":{"line":69,"column":7}},"type":"if","locations":[{"start":{"line":67,"column":6},"end":{"line":69,"column":7}}]},"16":{"loc":{"start":{"line":74,"column":4},"end":{"line":78,"column":5}},"type":"if","locations":[{"start":{"line":74,"column":4},"end":{"line":78,"column":5}}]},"17":{"loc":{"start":{"line":81,"column":4},"end":{"line":87,"column":5}},"type":"if","locations":[{"start":{"line":81,"column":4},"end":{"line":87,"column":5}}]},"18":{"loc":{"start":{"line":83,"column":6},"end":{"line":85,"column":7}},"type":"if","locations":[{"start":{"line":83,"column":6},"end":{"line":85,"column":7}}]},"19":{"loc":{"start":{"line":90,"column":4},"end":{"line":94,"column":5}},"type":"if","locations":[{"start":{"line":90,"column":4},"end":{"line":94,"column":5}}]},"20":{"loc":{"start":{"line":92,"column":6},"end":{"line":92,"column":62}},"type":"if","locations":[{"start":{"line":92,"column":6},"end":{"line":92,"column":62}}]},"21":{"loc":{"start":{"line":97,"column":4},"end":{"line":105,"column":5}},"type":"if","locations":[{"start":{"line":97,"column":4},"end":{"line":105,"column":5}}]},"22":{"loc":{"start":{"line":99,"column":6},"end":{"line":103,"column":7}},"type":"if","locations":[{"start":{"line":99,"column":6},"end":{"line":103,"column":7}}]}},"s":{"0":26,"1":26,"2":3,"3":0,"4":3,"5":3,"6":3,"7":3,"8":1,"9":2,"10":1,"11":1,"12":11,"13":11,"14":11,"15":2,"16":9,"17":9,"18":9,"19":17,"20":17,"21":17,"22":3,"23":14,"24":1,"25":1,"26":1,"27":13,"28":13,"29":2,"30":1,"31":2,"32":11,"33":1,"34":1,"35":1,"36":10,"37":3,"38":3,"39":2,"40":3,"41":7,"42":2,"43":2,"44":1,"45":2,"46":5,"47":2,"48":2,"49":1,"50":1,"51":1,"52":2,"53":3,"54":9},"f":{"0":3,"1":11},"b":{"0":[0],"1":[1],"2":[1],"3":[4],"4":[5],"5":[1],"6":[1],"7":[2],"8":[11,9],"9":[3],"10":[17,16,16],"11":[1],"12":[14,1],"13":[13,12],"14":[2],"15":[1],"16":[1],"17":[3],"18":[2],"19":[2],"20":[1],"21":[2],"22":[1]}}
,"C:\\Users\\Arthur Vidal Regis\\Novo-backend\\src\\controllers\\app.controller.ts": {"path":"C:\\Users\\Arthur Vidal Regis\\Novo-backend\\src\\controllers\\app.controller.ts","statementMap":{"0":{"start":{"line":1,"column":0},"end":{"line":1,"column":null}},"1":{"start":{"line":13,"column":0},"end":{"line":13,"column":59}},"2":{"start":{"line":14,"column":0},"end":{"line":14,"column":null}},"3":{"start":{"line":21,"column":0},"end":{"line":21,"column":62}},"4":{"start":{"line":22,"column":0},"end":{"line":22,"column":49}},"5":{"start":{"line":23,"column":0},"end":{"line":23,"column":66}},"6":{"start":{"line":24,"column":0},"end":{"line":24,"column":54}},"7":{"start":{"line":25,"column":0},"end":{"line":25,"column":77}},"8":{"start":{"line":28,"column":7},"end":{"line":117,"column":null}},"9":{"start":{"line":30,"column":21},"end":{"line":30,"column":33}},"10":{"start":{"line":31,"column":21},"end":{"line":31,"column":41}},"11":{"start":{"line":37,"column":4},"end":{"line":37,"column":38}},"12":{"start":{"line":59,"column":8},"end":{"line":59,"column":12}},"13":{"start":{"line":60,"column":4},"end":{"line":67,"column":6}},"14":{"start":{"line":89,"column":4},"end":{"line":91,"column":5}},"15":{"start":{"line":90,"column":6},"end":{"line":90,"column":61}},"16":{"start":{"line":92,"column":30},"end":{"line":92,"column":75}},"17":{"start":{"line":93,"column":4},"end":{"line":97,"column":6}},"18":{"start":{"line":105,"column":16},"end":{"line":105,"column":66}},"19":{"start":{"line":106,"column":4},"end":{"line":106,"column":19}},"20":{"start":{"line":114,"column":4},"end":{"line":114,"column":55}},"21":{"start":{"line":115,"column":4},"end":{"line":115,"column":70}},"22":{"start":{"line":28,"column":13},"end":{"line":28,"column":26}},"23":{"start":{"line":36,"column":2},"end":{"line":38,"column":null}},"24":{"start":{"line":51,"column":2},"end":{"line":68,"column":null}},"25":{"start":{"line":88,"column":8},"end":{"line":98,"column":null}},"26":{"start":{"line":104,"column":8},"end":{"line":107,"column":null}},"27":{"start":{"line":113,"column":8},"end":{"line":116,"column":null}},"28":{"start":{"line":28,"column":13},"end":{"line":117,"column":null}}},"fnMap":{"0":{"name":"(anonymous_4)","decl":{"start":{"line":29,"column":2},"end":{"line":29,"column":null}},"loc":{"start":{"line":31,"column":59},"end":{"line":32,"column":6}}},"1":{"name":"(anonymous_5)","decl":{"start":{"line":36,"column":2},"end":{"line":36,"column":10}},"loc":{"start":{"line":36,"column":10},"end":{"line":38,"column":3}}},"2":{"name":"(anonymous_6)","decl":{"start":{"line":51,"column":2},"end":{"line":51,"column":7}},"loc":{"start":{"line":51,"column":40},"end":{"line":68,"column":3}}},"3":{"name":"(anonymous_7)","decl":{"start":{"line":88,"column":2},"end":{"line":88,"column":7}},"loc":{"start":{"line":88,"column":60},"end":{"line":98,"column":3}}},"4":{"name":"(anonymous_8)","decl":{"start":{"line":104,"column":2},"end":{"line":104,"column":7}},"loc":{"start":{"line":104,"column":60},"end":{"line":107,"column":3}}},"5":{"name":"(anonymous_9)","decl":{"start":{"line":113,"column":2},"end":{"line":113,"column":7}},"loc":{"start":{"line":113,"column":54},"end":{"line":116,"column":3}}}},"branchMap":{"0":{"loc":{"start":{"line":89,"column":4},"end":{"line":91,"column":5}},"type":"if","locations":[{"start":{"line":89,"column":4},"end":{"line":91,"column":5}}]}},"s":{"0":1,"1":1,"2":1,"3":1,"4":1,"5":1,"6":1,"7":1,"8":1,"9":6,"10":6,"11":1,"12":1,"13":1,"14":2,"15":1,"16":1,"17":1,"18":1,"19":1,"20":1,"21":1,"22":1,"23":1,"24":1,"25":1,"26":1,"27":1,"28":1},"f":{"0":6,"1":1,"2":1,"3":2,"4":1,"5":1},"b":{"0":[1]}}
,"C:\\Users\\Arthur Vidal Regis\\Novo-backend\\src\\controllers\\auth\\auth.controller.ts": {"path":"C:\\Users\\Arthur Vidal Regis\\Novo-backend\\src\\controllers\\auth\\auth.controller.ts","statementMap":{"0":{"start":{"line":1,"column":0},"end":{"line":1,"column":null}},"1":{"start":{"line":8,"column":0},"end":{"line":8,"column":null}},"2":{"start":{"line":20,"column":0},"end":{"line":20,"column":49}},"3":{"start":{"line":21,"column":0},"end":{"line":21,"column":61}},"4":{"start":{"line":22,"column":0},"end":{"line":22,"column":51}},"5":{"start":{"line":23,"column":0},"end":{"line":23,"column":61}},"6":{"start":{"line":24,"column":0},"end":{"line":24,"column":73}},"7":{"start":{"line":25,"column":0},"end":{"line":25,"column":73}},"8":{"start":{"line":26,"column":0},"end":{"line":26,"column":62}},"9":{"start":{"line":30,"column":27},"end":{"line":89,"column":null}},"10":{"start":{"line":31,"column":28},"end":{"line":31,"column":59}},"11":{"start":{"line":34,"column":21},"end":{"line":34,"column":34}},"12":{"start":{"line":35,"column":21},"end":{"line":35,"column":34}},"13":{"start":{"line":55,"column":4},"end":{"line":55,"column":44}},"14":{"start":{"line":75,"column":4},"end":{"line":87,"column":5}},"15":{"start":{"line":76,"column":31},"end":{"line":77,"column":null}},"16":{"start":{"line":79,"column":6},"end":{"line":83,"column":8}},"17":{"start":{"line":85,"column":6},"end":{"line":85,"column":97}},"18":{"start":{"line":86,"column":6},"end":{"line":86,"column":74}},"19":{"start":{"line":30,"column":13},"end":{"line":30,"column":27}},"20":{"start":{"line":54,"column":2},"end":{"line":56,"column":null}},"21":{"start":{"line":72,"column":8},"end":{"line":88,"column":null}},"22":{"start":{"line":30,"column":13},"end":{"line":89,"column":null}}},"fnMap":{"0":{"name":"(anonymous_4)","decl":{"start":{"line":33,"column":2},"end":{"line":33,"column":null}},"loc":{"start":{"line":35,"column":45},"end":{"line":36,"column":6}}},"1":{"name":"(anonymous_5)","decl":{"start":{"line":54,"column":2},"end":{"line":54,"column":7}},"loc":{"start":{"line":54,"column":40},"end":{"line":56,"column":3}}},"2":{"name":"(anonymous_6)","decl":{"start":{"line":72,"column":2},"end":{"line":72,"column":7}},"loc":{"start":{"line":73,"column":50},"end":{"line":88,"column":3}}}},"branchMap":{},"s":{"0":1,"1":1,"2":1,"3":1,"4":1,"5":1,"6":1,"7":1,"8":1,"9":1,"10":3,"11":3,"12":3,"13":1,"14":3,"15":3,"16":1,"17":2,"18":2,"19":1,"20":1,"21":1,"22":1},"f":{"0":3,"1":1,"2":3},"b":{}}
,"C:\\Users\\Arthur Vidal Regis\\Novo-backend\\src\\controllers\\auth\\user.controller.ts": {"path":"C:\\Users\\Arthur Vidal Regis\\Novo-backend\\src\\controllers\\auth\\user.controller.ts","statementMap":{"0":{"start":{"line":1,"column":0},"end":{"line":1,"column":null}},"1":{"start":{"line":9,"column":0},"end":{"line":9,"column":null}},"2":{"start":{"line":22,"column":0},"end":{"line":22,"column":59}},"3":{"start":{"line":23,"column":0},"end":{"line":23,"column":71}},"4":{"start":{"line":24,"column":0},"end":{"line":24,"column":61}},"5":{"start":{"line":25,"column":0},"end":{"line":25,"column":92}},"6":{"start":{"line":26,"column":0},"end":{"line":26,"column":72}},"7":{"start":{"line":28,"column":0},"end":{"line":28,"column":65}},"8":{"start":{"line":33,"column":7},"end":{"line":166,"column":null}},"9":{"start":{"line":34,"column":31},"end":{"line":34,"column":44}},"10":{"start":{"line":49,"column":4},"end":{"line":49,"column":50}},"11":{"start":{"line":66,"column":4},"end":{"line":66,"column":66}},"12":{"start":{"line":83,"column":4},"end":{"line":83,"column":59}},"13":{"start":{"line":104,"column":4},"end":{"line":104,"column":55}},"14":{"start":{"line":126,"column":4},"end":{"line":126,"column":59}},"15":{"start":{"line":147,"column":4},"end":{"line":147,"column":52}},"16":{"start":{"line":164,"column":4},"end":{"line":164,"column":58}},"17":{"start":{"line":33,"column":13},"end":{"line":33,"column":27}},"18":{"start":{"line":46,"column":2},"end":{"line":50,"column":null}},"19":{"start":{"line":62,"column":2},"end":{"line":67,"column":null}},"20":{"start":{"line":79,"column":2},"end":{"line":84,"column":null}},"21":{"start":{"line":100,"column":2},"end":{"line":105,"column":null}},"22":{"start":{"line":121,"column":2},"end":{"line":127,"column":null}},"23":{"start":{"line":143,"column":2},"end":{"line":148,"column":null}},"24":{"start":{"line":160,"column":2},"end":{"line":165,"column":null}},"25":{"start":{"line":33,"column":13},"end":{"line":166,"column":null}}},"fnMap":{"0":{"name":"(anonymous_4)","decl":{"start":{"line":34,"column":2},"end":{"line":34,"column":31}},"loc":{"start":{"line":34,"column":55},"end":{"line":34,"column":59}}},"1":{"name":"(anonymous_5)","decl":{"start":{"line":46,"column":2},"end":{"line":46,"column":8}},"loc":{"start":{"line":47,"column":49},"end":{"line":50,"column":3}}},"2":{"name":"(anonymous_6)","decl":{"start":{"line":62,"column":2},"end":{"line":62,"column":18}},"loc":{"start":{"line":64,"column":32},"end":{"line":67,"column":3}}},"3":{"name":"(anonymous_7)","decl":{"start":{"line":79,"column":2},"end":{"line":79,"column":9}},"loc":{"start":{"line":81,"column":49},"end":{"line":84,"column":3}}},"4":{"name":"(anonymous_8)","decl":{"start":{"line":100,"column":2},"end":{"line":100,"column":8}},"loc":{"start":{"line":102,"column":49},"end":{"line":105,"column":3}}},"5":{"name":"(anonymous_9)","decl":{"start":{"line":121,"column":2},"end":{"line":121,"column":8}},"loc":{"start":{"line":124,"column":49},"end":{"line":127,"column":3}}},"6":{"name":"(anonymous_10)","decl":{"start":{"line":143,"column":2},"end":{"line":143,"column":16}},"loc":{"start":{"line":145,"column":32},"end":{"line":148,"column":3}}},"7":{"name":"(anonymous_11)","decl":{"start":{"line":160,"column":2},"end":{"line":160,"column":8}},"loc":{"start":{"line":162,"column":49},"end":{"line":165,"column":3}}}},"branchMap":{},"s":{"0":1,"1":1,"2":1,"3":1,"4":1,"5":1,"6":1,"7":1,"8":1,"9":7,"10":1,"11":1,"12":1,"13":1,"14":1,"15":1,"16":1,"17":1,"18":1,"19":1,"20":1,"21":1,"22":1,"23":1,"24":1,"25":1},"f":{"0":7,"1":1,"2":1,"3":1,"4":1,"5":1,"6":1,"7":1},"b":{}}
,"C:\\Users\\Arthur Vidal Regis\\Novo-backend\\src\\controllers\\charges\\charge.controller.ts": {"path":"C:\\Users\\Arthur Vidal Regis\\Novo-backend\\src\\controllers\\charges\\charge.controller.ts","statementMap":{"0":{"start":{"line":1,"column":0},"end":{"line":1,"column":null}},"1":{"start":{"line":14,"column":0},"end":{"line":14,"column":81}},"2":{"start":{"line":15,"column":0},"end":{"line":15,"column":46}},"3":{"start":{"line":16,"column":0},"end":{"line":16,"column":64}},"4":{"start":{"line":17,"column":0},"end":{"line":17,"column":59}},"5":{"start":{"line":18,"column":0},"end":{"line":18,"column":74}},"6":{"start":{"line":19,"column":0},"end":{"line":19,"column":61}},"7":{"start":{"line":21,"column":0},"end":{"line":21,"column":70}},"8":{"start":{"line":27,"column":7},"end":{"line":90,"column":null}},"9":{"start":{"line":28,"column":31},"end":{"line":28,"column":40}},"10":{"start":{"line":36,"column":4},"end":{"line":36,"column":59}},"11":{"start":{"line":51,"column":4},"end":{"line":51,"column":78}},"12":{"start":{"line":60,"column":4},"end":{"line":60,"column":57}},"13":{"start":{"line":70,"column":4},"end":{"line":70,"column":61}},"14":{"start":{"line":79,"column":4},"end":{"line":79,"column":56}},"15":{"start":{"line":88,"column":4},"end":{"line":88,"column":55}},"16":{"start":{"line":27,"column":13},"end":{"line":27,"column":30}},"17":{"start":{"line":33,"column":2},"end":{"line":37,"column":null}},"18":{"start":{"line":45,"column":2},"end":{"line":52,"column":null}},"19":{"start":{"line":57,"column":2},"end":{"line":61,"column":null}},"20":{"start":{"line":66,"column":2},"end":{"line":71,"column":null}},"21":{"start":{"line":76,"column":2},"end":{"line":80,"column":null}},"22":{"start":{"line":85,"column":8},"end":{"line":89,"column":null}},"23":{"start":{"line":27,"column":13},"end":{"line":90,"column":null}}},"fnMap":{"0":{"name":"(anonymous_4)","decl":{"start":{"line":28,"column":2},"end":{"line":28,"column":31}},"loc":{"start":{"line":28,"column":54},"end":{"line":28,"column":59}}},"1":{"name":"(anonymous_5)","decl":{"start":{"line":33,"column":2},"end":{"line":33,"column":8}},"loc":{"start":{"line":35,"column":26},"end":{"line":37,"column":3}}},"2":{"name":"(anonymous_6)","decl":{"start":{"line":45,"column":2},"end":{"line":45,"column":6}},"loc":{"start":{"line":49,"column":42},"end":{"line":52,"column":3}}},"3":{"name":"(anonymous_7)","decl":{"start":{"line":57,"column":2},"end":{"line":57,"column":9}},"loc":{"start":{"line":59,"column":39},"end":{"line":61,"column":3}}},"4":{"name":"(anonymous_8)","decl":{"start":{"line":66,"column":2},"end":{"line":66,"column":8}},"loc":{"start":{"line":69,"column":32},"end":{"line":71,"column":3}}},"5":{"name":"(anonymous_9)","decl":{"start":{"line":76,"column":2},"end":{"line":76,"column":8}},"loc":{"start":{"line":78,"column":39},"end":{"line":80,"column":3}}},"6":{"name":"(anonymous_10)","decl":{"start":{"line":85,"column":2},"end":{"line":85,"column":7}},"loc":{"start":{"line":87,"column":39},"end":{"line":89,"column":3}}}},"branchMap":{},"s":{"0":1,"1":1,"2":1,"3":1,"4":1,"5":1,"6":1,"7":1,"8":1,"9":6,"10":1,"11":1,"12":1,"13":1,"14":1,"15":1,"16":1,"17":1,"18":1,"19":1,"20":1,"21":1,"22":1,"23":1},"f":{"0":6,"1":1,"2":1,"3":1,"4":1,"5":1,"6":1},"b":{}}
,"C:\\Users\\Arthur Vidal Regis\\Novo-backend\\src\\controllers\\charges\\charges-payment.controller.ts": {"path":"C:\\Users\\Arthur Vidal Regis\\Novo-backend\\src\\controllers\\charges\\charges-payment.controller.ts","statementMap":{"0":{"start":{"line":1,"column":0},"end":{"line":1,"column":null}},"1":{"start":{"line":15,"column":0},"end":{"line":15,"column":59}},"2":{"start":{"line":16,"column":0},"end":{"line":16,"column":93}},"3":{"start":{"line":17,"column":0},"end":{"line":17,"column":64}},"4":{"start":{"line":18,"column":0},"end":{"line":18,"column":59}},"5":{"start":{"line":19,"column":0},"end":{"line":19,"column":85}},"6":{"start":{"line":20,"column":0},"end":{"line":20,"column":91}},"7":{"start":{"line":21,"column":0},"end":{"line":21,"column":91}},"8":{"start":{"line":27,"column":7},"end":{"line":123,"column":null}},"9":{"start":{"line":28,"column":31},"end":{"line":28,"column":40}},"10":{"start":{"line":53,"column":4},"end":{"line":53,"column":67}},"11":{"start":{"line":62,"column":4},"end":{"line":62,"column":54}},"12":{"start":{"line":73,"column":4},"end":{"line":73,"column":68}},"13":{"start":{"line":84,"column":4},"end":{"line":84,"column":80}},"14":{"start":{"line":110,"column":4},"end":{"line":110,"column":78}},"15":{"start":{"line":121,"column":4},"end":{"line":121,"column":67}},"16":{"start":{"line":27,"column":13},"end":{"line":27,"column":37}},"17":{"start":{"line":47,"column":8},"end":{"line":54,"column":null}},"18":{"start":{"line":59,"column":8},"end":{"line":63,"column":null}},"19":{"start":{"line":68,"column":8},"end":{"line":74,"column":null}},"20":{"start":{"line":79,"column":8},"end":{"line":85,"column":null}},"21":{"start":{"line":103,"column":8},"end":{"line":111,"column":null}},"22":{"start":{"line":116,"column":8},"end":{"line":122,"column":null}},"23":{"start":{"line":27,"column":13},"end":{"line":123,"column":null}}},"fnMap":{"0":{"name":"(anonymous_4)","decl":{"start":{"line":28,"column":2},"end":{"line":28,"column":31}},"loc":{"start":{"line":28,"column":61},"end":{"line":28,"column":66}}},"1":{"name":"(anonymous_5)","decl":{"start":{"line":47,"column":2},"end":{"line":47,"column":7}},"loc":{"start":{"line":51,"column":46},"end":{"line":54,"column":3}}},"2":{"name":"(anonymous_6)","decl":{"start":{"line":59,"column":2},"end":{"line":59,"column":7}},"loc":{"start":{"line":61,"column":39},"end":{"line":63,"column":3}}},"3":{"name":"(anonymous_7)","decl":{"start":{"line":68,"column":2},"end":{"line":68,"column":7}},"loc":{"start":{"line":71,"column":41},"end":{"line":74,"column":3}}},"4":{"name":"(anonymous_8)","decl":{"start":{"line":79,"column":2},"end":{"line":79,"column":7}},"loc":{"start":{"line":82,"column":41},"end":{"line":85,"column":3}}},"5":{"name":"(anonymous_9)","decl":{"start":{"line":103,"column":2},"end":{"line":103,"column":7}},"loc":{"start":{"line":108,"column":46},"end":{"line":111,"column":3}}},"6":{"name":"(anonymous_10)","decl":{"start":{"line":116,"column":2},"end":{"line":116,"column":7}},"loc":{"start":{"line":119,"column":41},"end":{"line":122,"column":3}}}},"branchMap":{},"s":{"0":1,"1":1,"2":1,"3":1,"4":1,"5":1,"6":1,"7":1,"8":1,"9":7,"10":2,"11":1,"12":1,"13":1,"14":1,"15":1,"16":1,"17":1,"18":1,"19":1,"20":1,"21":1,"22":1,"23":1},"f":{"0":7,"1":2,"2":1,"3":1,"4":1,"5":1,"6":1},"b":{}}
,"C:\\Users\\Arthur Vidal Regis\\Novo-backend\\src\\controllers\\charges\\interest-calculator.controller.ts": {"path":"C:\\Users\\Arthur Vidal Regis\\Novo-backend\\src\\controllers\\charges\\interest-calculator.controller.ts","statementMap":{"0":{"start":{"line":1,"column":0},"end":{"line":1,"column":null}},"1":{"start":{"line":9,"column":0},"end":{"line":9,"column":71}},"2":{"start":{"line":10,"column":0},"end":{"line":10,"column":64}},"3":{"start":{"line":11,"column":0},"end":{"line":11,"column":59}},"4":{"start":{"line":12,"column":0},"end":{"line":12,"column":null}},"5":{"start":{"line":16,"column":0},"end":{"line":16,"column":107}},"6":{"start":{"line":18,"column":0},"end":{"line":18,"column":93}},"7":{"start":{"line":24,"column":7},"end":{"line":37,"column":null}},"8":{"start":{"line":25,"column":31},"end":{"line":25,"column":40}},"9":{"start":{"line":35,"column":4},"end":{"line":35,"column":39}},"10":{"start":{"line":24,"column":13},"end":{"line":24,"column":41}},"11":{"start":{"line":34,"column":2},"end":{"line":36,"column":null}},"12":{"start":{"line":24,"column":13},"end":{"line":37,"column":null}}},"fnMap":{"0":{"name":"(anonymous_4)","decl":{"start":{"line":25,"column":2},"end":{"line":25,"column":31}},"loc":{"start":{"line":25,"column":65},"end":{"line":25,"column":69}}},"1":{"name":"(anonymous_5)","decl":{"start":{"line":34,"column":2},"end":{"line":34,"column":11}},"loc":{"start":{"line":34,"column":46},"end":{"line":36,"column":3}}}},"branchMap":{},"s":{"0":1,"1":1,"2":1,"3":1,"4":1,"5":1,"6":1,"7":1,"8":1,"9":1,"10":1,"11":1,"12":1},"f":{"0":1,"1":1},"b":{}}
,"C:\\Users\\Arthur Vidal Regis\\Novo-backend\\src\\controllers\\condominiums\\condominium.controller.ts": {"path":"C:\\Users\\Arthur Vidal Regis\\Novo-backend\\src\\controllers\\condominiums\\condominium.controller.ts","statementMap":{"0":{"start":{"line":1,"column":0},"end":{"line":1,"column":null}},"1":{"start":{"line":13,"column":0},"end":{"line":13,"column":null}},"2":{"start":{"line":21,"column":0},"end":{"line":21,"column":52}},"3":{"start":{"line":22,"column":0},"end":{"line":22,"column":49}},"4":{"start":{"line":23,"column":0},"end":{"line":23,"column":76}},"5":{"start":{"line":24,"column":0},"end":{"line":24,"column":86}},"6":{"start":{"line":26,"column":0},"end":{"line":26,"column":72}},"7":{"start":{"line":27,"column":0},"end":{"line":27,"column":92}},"8":{"start":{"line":28,"column":0},"end":{"line":28,"column":83}},"9":{"start":{"line":33,"column":7},"end":{"line":135,"column":null}},"10":{"start":{"line":34,"column":31},"end":{"line":34,"column":51}},"11":{"start":{"line":47,"column":4},"end":{"line":47,"column":44}},"12":{"start":{"line":63,"column":4},"end":{"line":63,"column":54}},"13":{"start":{"line":79,"column":4},"end":{"line":79,"column":57}},"14":{"start":{"line":97,"column":4},"end":{"line":97,"column":53}},"15":{"start":{"line":119,"column":4},"end":{"line":119,"column":51}},"16":{"start":{"line":133,"column":4},"end":{"line":133,"column":57}},"17":{"start":{"line":33,"column":13},"end":{"line":33,"column":34}},"18":{"start":{"line":46,"column":2},"end":{"line":48,"column":null}},"19":{"start":{"line":60,"column":2},"end":{"line":64,"column":null}},"20":{"start":{"line":78,"column":2},"end":{"line":80,"column":null}},"21":{"start":{"line":96,"column":2},"end":{"line":98,"column":null}},"22":{"start":{"line":115,"column":2},"end":{"line":120,"column":null}},"23":{"start":{"line":132,"column":2},"end":{"line":134,"column":null}},"24":{"start":{"line":33,"column":13},"end":{"line":135,"column":null}}},"fnMap":{"0":{"name":"(anonymous_4)","decl":{"start":{"line":34,"column":2},"end":{"line":34,"column":31}},"loc":{"start":{"line":34,"column":69},"end":{"line":34,"column":73}}},"1":{"name":"(anonymous_5)","decl":{"start":{"line":46,"column":2},"end":{"line":46,"column":8}},"loc":{"start":{"line":46,"column":8},"end":{"line":48,"column":3}}},"2":{"name":"(anonymous_6)","decl":{"start":{"line":60,"column":2},"end":{"line":60,"column":14}},"loc":{"start":{"line":61,"column":32},"end":{"line":64,"column":3}}},"3":{"name":"(anonymous_7)","decl":{"start":{"line":78,"column":2},"end":{"line":78,"column":9}},"loc":{"start":{"line":78,"column":43},"end":{"line":80,"column":3}}},"4":{"name":"(anonymous_8)","decl":{"start":{"line":96,"column":2},"end":{"line":96,"column":8}},"loc":{"start":{"line":96,"column":68},"end":{"line":98,"column":3}}},"5":{"name":"(anonymous_9)","decl":{"start":{"line":115,"column":2},"end":{"line":115,"column":8}},"loc":{"start":{"line":117,"column":31},"end":{"line":120,"column":3}}},"6":{"name":"(anonymous_10)","decl":{"start":{"line":132,"column":2},"end":{"line":132,"column":8}},"loc":{"start":{"line":132,"column":43},"end":{"line":134,"column":3}}}},"branchMap":{},"s":{"0":1,"1":1,"2":1,"3":1,"4":1,"5":1,"6":1,"7":1,"8":1,"9":1,"10":5,"11":1,"12":0,"13":1,"14":1,"15":1,"16":1,"17":1,"18":1,"19":1,"20":1,"21":1,"22":1,"23":1,"24":1},"f":{"0":5,"1":1,"2":0,"3":1,"4":1,"5":1,"6":1},"b":{}}
,"C:\\Users\\Arthur Vidal Regis\\Novo-backend\\src\\controllers\\condominiums\\expense.controller.ts": {"path":"C:\\Users\\Arthur Vidal Regis\\Novo-backend\\src\\controllers\\condominiums\\expense.controller.ts","statementMap":{"0":{"start":{"line":1,"column":0},"end":{"line":1,"column":null}},"1":{"start":{"line":14,"column":0},"end":{"line":14,"column":86}},"2":{"start":{"line":15,"column":0},"end":{"line":15,"column":64}},"3":{"start":{"line":16,"column":0},"end":{"line":16,"column":59}},"4":{"start":{"line":17,"column":0},"end":{"line":17,"column":64}},"5":{"start":{"line":18,"column":0},"end":{"line":18,"column":74}},"6":{"start":{"line":20,"column":0},"end":{"line":20,"column":72}},"7":{"start":{"line":21,"column":0},"end":{"line":21,"column":92}},"8":{"start":{"line":22,"column":0},"end":{"line":22,"column":71}},"9":{"start":{"line":28,"column":7},"end":{"line":81,"column":null}},"10":{"start":{"line":29,"column":31},"end":{"line":29,"column":40}},"11":{"start":{"line":35,"column":4},"end":{"line":35,"column":51}},"12":{"start":{"line":42,"column":4},"end":{"line":42,"column":33}},"13":{"start":{"line":58,"column":4},"end":{"line":58,"column":44}},"14":{"start":{"line":65,"column":4},"end":{"line":65,"column":36}},"15":{"start":{"line":72,"column":4},"end":{"line":72,"column":40}},"16":{"start":{"line":79,"column":4},"end":{"line":79,"column":34}},"17":{"start":{"line":28,"column":13},"end":{"line":28,"column":30}},"18":{"start":{"line":34,"column":2},"end":{"line":36,"column":null}},"19":{"start":{"line":41,"column":2},"end":{"line":43,"column":null}},"20":{"start":{"line":55,"column":2},"end":{"line":59,"column":null}},"21":{"start":{"line":64,"column":2},"end":{"line":66,"column":null}},"22":{"start":{"line":71,"column":2},"end":{"line":73,"column":null}},"23":{"start":{"line":78,"column":8},"end":{"line":80,"column":null}},"24":{"start":{"line":28,"column":13},"end":{"line":81,"column":null}}},"fnMap":{"0":{"name":"(anonymous_4)","decl":{"start":{"line":29,"column":2},"end":{"line":29,"column":31}},"loc":{"start":{"line":29,"column":54},"end":{"line":29,"column":59}}},"1":{"name":"(anonymous_5)","decl":{"start":{"line":34,"column":2},"end":{"line":34,"column":8}},"loc":{"start":{"line":34,"column":72},"end":{"line":36,"column":3}}},"2":{"name":"(anonymous_6)","decl":{"start":{"line":41,"column":2},"end":{"line":41,"column":6}},"loc":{"start":{"line":41,"column":6},"end":{"line":43,"column":3}}},"3":{"name":"(anonymous_7)","decl":{"start":{"line":55,"column":2},"end":{"line":55,"column":14}},"loc":{"start":{"line":56,"column":32},"end":{"line":59,"column":3}}},"4":{"name":"(anonymous_8)","decl":{"start":{"line":64,"column":2},"end":{"line":64,"column":9}},"loc":{"start":{"line":64,"column":33},"end":{"line":66,"column":3}}},"5":{"name":"(anonymous_9)","decl":{"start":{"line":71,"column":2},"end":{"line":71,"column":8}},"loc":{"start":{"line":71,"column":57},"end":{"line":73,"column":3}}},"6":{"name":"(anonymous_10)","decl":{"start":{"line":78,"column":2},"end":{"line":78,"column":7}},"loc":{"start":{"line":78,"column":38},"end":{"line":80,"column":3}}}},"branchMap":{},"s":{"0":1,"1":1,"2":1,"3":1,"4":1,"5":1,"6":1,"7":1,"8":1,"9":1,"10":1,"11":1,"12":0,"13":0,"14":0,"15":0,"16":0,"17":1,"18":1,"19":1,"20":1,"21":1,"22":1,"23":1,"24":1},"f":{"0":1,"1":1,"2":0,"3":0,"4":0,"5":0,"6":0},"b":{}}
,"C:\\Users\\Arthur Vidal Regis\\Novo-backend\\src\\controllers\\condominiums\\property-documents.controller.ts": {"path":"C:\\Users\\Arthur Vidal Regis\\Novo-backend\\src\\controllers\\condominiums\\property-documents.controller.ts","statementMap":{"0":{"start":{"line":1,"column":0},"end":{"line":1,"column":null}},"1":{"start":{"line":13,"column":0},"end":{"line":13,"column":59}},"2":{"start":{"line":14,"column":0},"end":{"line":14,"column":93}},"3":{"start":{"line":15,"column":0},"end":{"line":15,"column":99}},"4":{"start":{"line":21,"column":7},"end":{"line":92,"column":null}},"5":{"start":{"line":22,"column":31},"end":{"line":22,"column":40}},"6":{"start":{"line":46,"column":4},"end":{"line":46,"column":82}},"7":{"start":{"line":46,"column":15},"end":{"line":46,"column":82}},"8":{"start":{"line":47,"column":4},"end":{"line":47,"column":64}},"9":{"start":{"line":57,"column":4},"end":{"line":57,"column":56}},"10":{"start":{"line":68,"column":4},"end":{"line":68,"column":71}},"11":{"start":{"line":79,"column":4},"end":{"line":79,"column":78}},"12":{"start":{"line":90,"column":4},"end":{"line":90,"column":69}},"13":{"start":{"line":21,"column":13},"end":{"line":21,"column":40}},"14":{"start":{"line":41,"column":8},"end":{"line":48,"column":null}},"15":{"start":{"line":53,"column":8},"end":{"line":58,"column":null}},"16":{"start":{"line":63,"column":8},"end":{"line":69,"column":null}},"17":{"start":{"line":74,"column":8},"end":{"line":80,"column":null}},"18":{"start":{"line":85,"column":8},"end":{"line":91,"column":null}},"19":{"start":{"line":21,"column":13},"end":{"line":92,"column":null}}},"fnMap":{"0":{"name":"(anonymous_4)","decl":{"start":{"line":22,"column":2},"end":{"line":22,"column":31}},"loc":{"start":{"line":22,"column":64},"end":{"line":22,"column":68}}},"1":{"name":"(anonymous_5)","decl":{"start":{"line":41,"column":2},"end":{"line":41,"column":7}},"loc":{"start":{"line":44,"column":46},"end":{"line":48,"column":3}}},"2":{"name":"(anonymous_6)","decl":{"start":{"line":53,"column":2},"end":{"line":53,"column":7}},"loc":{"start":{"line":55,"column":43},"end":{"line":58,"column":3}}},"3":{"name":"(anonymous_7)","decl":{"start":{"line":63,"column":2},"end":{"line":63,"column":7}},"loc":{"start":{"line":66,"column":43},"end":{"line":69,"column":3}}},"4":{"name":"(anonymous_8)","decl":{"start":{"line":74,"column":2},"end":{"line":74,"column":7}},"loc":{"start":{"line":77,"column":43},"end":{"line":80,"column":3}}},"5":{"name":"(anonymous_9)","decl":{"start":{"line":85,"column":2},"end":{"line":85,"column":7}},"loc":{"start":{"line":88,"column":43},"end":{"line":91,"column":3}}}},"branchMap":{"0":{"loc":{"start":{"line":46,"column":4},"end":{"line":46,"column":82}},"type":"if","locations":[{"start":{"line":46,"column":4},"end":{"line":46,"column":82}}]}},"s":{"0":1,"1":1,"2":1,"3":1,"4":1,"5":5,"6":1,"7":0,"8":1,"9":1,"10":1,"11":1,"12":1,"13":1,"14":1,"15":1,"16":1,"17":1,"18":1,"19":1},"f":{"0":5,"1":1,"2":1,"3":1,"4":1,"5":1},"b":{"0":[0]}}
,"C:\\Users\\Arthur Vidal Regis\\Novo-backend\\src\\controllers\\condominiums\\property-inspections.controller.ts": {"path":"C:\\Users\\Arthur Vidal Regis\\Novo-backend\\src\\controllers\\condominiums\\property-inspections.controller.ts","statementMap":{"0":{"start":{"line":1,"column":0},"end":{"line":1,"column":null}},"1":{"start":{"line":13,"column":0},"end":{"line":13,"column":59}},"2":{"start":{"line":14,"column":0},"end":{"line":14,"column":93}},"3":{"start":{"line":15,"column":0},"end":{"line":15,"column":100}},"4":{"start":{"line":20,"column":7},"end":{"line":91,"column":null}},"5":{"start":{"line":21,"column":31},"end":{"line":21,"column":40}},"6":{"start":{"line":45,"column":4},"end":{"line":45,"column":82}},"7":{"start":{"line":45,"column":15},"end":{"line":45,"column":82}},"8":{"start":{"line":46,"column":4},"end":{"line":46,"column":64}},"9":{"start":{"line":56,"column":4},"end":{"line":56,"column":56}},"10":{"start":{"line":67,"column":4},"end":{"line":67,"column":73}},"11":{"start":{"line":78,"column":4},"end":{"line":78,"column":80}},"12":{"start":{"line":89,"column":4},"end":{"line":89,"column":71}},"13":{"start":{"line":20,"column":13},"end":{"line":20,"column":42}},"14":{"start":{"line":40,"column":8},"end":{"line":47,"column":null}},"15":{"start":{"line":52,"column":8},"end":{"line":57,"column":null}},"16":{"start":{"line":62,"column":8},"end":{"line":68,"column":null}},"17":{"start":{"line":73,"column":8},"end":{"line":79,"column":null}},"18":{"start":{"line":84,"column":8},"end":{"line":90,"column":null}},"19":{"start":{"line":20,"column":13},"end":{"line":91,"column":null}}},"fnMap":{"0":{"name":"(anonymous_4)","decl":{"start":{"line":21,"column":2},"end":{"line":21,"column":31}},"loc":{"start":{"line":21,"column":66},"end":{"line":21,"column":70}}},"1":{"name":"(anonymous_5)","decl":{"start":{"line":40,"column":2},"end":{"line":40,"column":7}},"loc":{"start":{"line":43,"column":46},"end":{"line":47,"column":3}}},"2":{"name":"(anonymous_6)","decl":{"start":{"line":52,"column":2},"end":{"line":52,"column":7}},"loc":{"start":{"line":54,"column":43},"end":{"line":57,"column":3}}},"3":{"name":"(anonymous_7)","decl":{"start":{"line":62,"column":2},"end":{"line":62,"column":7}},"loc":{"start":{"line":65,"column":47},"end":{"line":68,"column":3}}},"4":{"name":"(anonymous_8)","decl":{"start":{"line":73,"column":2},"end":{"line":73,"column":7}},"loc":{"start":{"line":76,"column":47},"end":{"line":79,"column":3}}},"5":{"name":"(anonymous_9)","decl":{"start":{"line":84,"column":2},"end":{"line":84,"column":7}},"loc":{"start":{"line":87,"column":47},"end":{"line":90,"column":3}}}},"branchMap":{"0":{"loc":{"start":{"line":45,"column":4},"end":{"line":45,"column":82}},"type":"if","locations":[{"start":{"line":45,"column":4},"end":{"line":45,"column":82}}]}},"s":{"0":1,"1":1,"2":1,"3":1,"4":1,"5":4,"6":1,"7":0,"8":1,"9":1,"10":1,"11":0,"12":1,"13":1,"14":1,"15":1,"16":1,"17":1,"18":1,"19":1},"f":{"0":4,"1":1,"2":1,"3":1,"4":0,"5":1},"b":{"0":[0]}}
,"C:\\Users\\Arthur Vidal Regis\\Novo-backend\\src\\controllers\\condominiums\\property.controller.ts": {"path":"C:\\Users\\Arthur Vidal Regis\\Novo-backend\\src\\controllers\\condominiums\\property.controller.ts","statementMap":{"0":{"start":{"line":1,"column":0},"end":{"line":1,"column":null}},"1":{"start":{"line":13,"column":0},"end":{"line":13,"column":null}},"2":{"start":{"line":22,"column":0},"end":{"line":22,"column":70}},"3":{"start":{"line":23,"column":0},"end":{"line":23,"column":80}},"4":{"start":{"line":25,"column":0},"end":{"line":25,"column":72}},"5":{"start":{"line":26,"column":0},"end":{"line":26,"column":92}},"6":{"start":{"line":27,"column":0},"end":{"line":27,"column":77}},"7":{"start":{"line":32,"column":7},"end":{"line":123,"column":null}},"8":{"start":{"line":33,"column":31},"end":{"line":33,"column":48}},"9":{"start":{"line":45,"column":4},"end":{"line":45,"column":54}},"10":{"start":{"line":62,"column":4},"end":{"line":62,"column":66}},"11":{"start":{"line":77,"column":4},"end":{"line":77,"column":67}},"12":{"start":{"line":92,"column":4},"end":{"line":92,"column":59}},"13":{"start":{"line":107,"column":4},"end":{"line":107,"column":71}},"14":{"start":{"line":121,"column":4},"end":{"line":121,"column":66}},"15":{"start":{"line":32,"column":13},"end":{"line":32,"column":31}},"16":{"start":{"line":44,"column":2},"end":{"line":46,"column":null}},"17":{"start":{"line":58,"column":2},"end":{"line":63,"column":null}},"18":{"start":{"line":76,"column":2},"end":{"line":78,"column":null}},"19":{"start":{"line":91,"column":2},"end":{"line":93,"column":null}},"20":{"start":{"line":106,"column":2},"end":{"line":108,"column":null}},"21":{"start":{"line":120,"column":2},"end":{"line":122,"column":null}},"22":{"start":{"line":32,"column":13},"end":{"line":123,"column":null}}},"fnMap":{"0":{"name":"(anonymous_4)","decl":{"start":{"line":33,"column":2},"end":{"line":33,"column":31}},"loc":{"start":{"line":33,"column":63},"end":{"line":33,"column":67}}},"1":{"name":"(anonymous_5)","decl":{"start":{"line":44,"column":2},"end":{"line":44,"column":8}},"loc":{"start":{"line":44,"column":47},"end":{"line":46,"column":3}}},"2":{"name":"(anonymous_6)","decl":{"start":{"line":58,"column":2},"end":{"line":58,"column":14}},"loc":{"start":{"line":60,"column":49},"end":{"line":63,"column":3}}},"3":{"name":"(anonymous_7)","decl":{"start":{"line":76,"column":2},"end":{"line":76,"column":9}},"loc":{"start":{"line":76,"column":81},"end":{"line":78,"column":3}}},"4":{"name":"(anonymous_8)","decl":{"start":{"line":91,"column":2},"end":{"line":91,"column":8}},"loc":{"start":{"line":91,"column":73},"end":{"line":93,"column":3}}},"5":{"name":"(anonymous_9)","decl":{"start":{"line":106,"column":2},"end":{"line":106,"column":8}},"loc":{"start":{"line":106,"column":106},"end":{"line":108,"column":3}}},"6":{"name":"(anonymous_10)","decl":{"start":{"line":120,"column":2},"end":{"line":120,"column":8}},"loc":{"start":{"line":120,"column":80},"end":{"line":122,"column":3}}}},"branchMap":{},"s":{"0":1,"1":1,"2":1,"3":1,"4":1,"5":1,"6":1,"7":1,"8":5,"9":1,"10":0,"11":1,"12":1,"13":1,"14":1,"15":1,"16":1,"17":1,"18":1,"19":1,"20":1,"21":1,"22":1},"f":{"0":5,"1":1,"2":0,"3":1,"4":1,"5":1,"6":1},"b":{}}
,"C:\\Users\\Arthur Vidal Regis\\Novo-backend\\src\\controllers\\contract.templates\\contract.template.controller.ts": {"path":"C:\\Users\\Arthur Vidal Regis\\Novo-backend\\src\\controllers\\contract.templates\\contract.template.controller.ts","statementMap":{"0":{"start":{"line":1,"column":0},"end":{"line":1,"column":110}},"1":{"start":{"line":2,"column":0},"end":{"line":2,"column":96}},"2":{"start":{"line":4,"column":0},"end":{"line":4,"column":93}},"3":{"start":{"line":5,"column":0},"end":{"line":5,"column":103}},"4":{"start":{"line":7,"column":0},"end":{"line":7,"column":72}},"5":{"start":{"line":8,"column":0},"end":{"line":8,"column":92}},"6":{"start":{"line":9,"column":0},"end":{"line":9,"column":100}},"7":{"start":{"line":14,"column":7},"end":{"line":76,"column":null}},"8":{"start":{"line":15,"column":33},"end":{"line":15,"column":58}},"9":{"start":{"line":26,"column":8},"end":{"line":26,"column":null}},"10":{"start":{"line":43,"column":8},"end":{"line":43,"column":78}},"11":{"start":{"line":51,"column":8},"end":{"line":51,"column":null}},"12":{"start":{"line":59,"column":8},"end":{"line":59,"column":null}},"13":{"start":{"line":67,"column":8},"end":{"line":67,"column":null}},"14":{"start":{"line":74,"column":8},"end":{"line":74,"column":null}},"15":{"start":{"line":14,"column":13},"end":{"line":14,"column":39}},"16":{"start":{"line":23,"column":4},"end":{"line":27,"column":null}},"17":{"start":{"line":39,"column":4},"end":{"line":44,"column":null}},"18":{"start":{"line":47,"column":4},"end":{"line":52,"column":null}},"19":{"start":{"line":55,"column":4},"end":{"line":60,"column":null}},"20":{"start":{"line":63,"column":4},"end":{"line":68,"column":null}},"21":{"start":{"line":71,"column":4},"end":{"line":75,"column":null}},"22":{"start":{"line":14,"column":13},"end":{"line":76,"column":null}}},"fnMap":{"0":{"name":"(anonymous_4)","decl":{"start":{"line":15,"column":4},"end":{"line":15,"column":33}},"loc":{"start":{"line":15,"column":81},"end":{"line":15,"column":86}}},"1":{"name":"(anonymous_5)","decl":{"start":{"line":23,"column":4},"end":{"line":23,"column":10}},"loc":{"start":{"line":24,"column":36},"end":{"line":27,"column":5}}},"2":{"name":"(anonymous_6)","decl":{"start":{"line":39,"column":4},"end":{"line":39,"column":16}},"loc":{"start":{"line":41,"column":36},"end":{"line":44,"column":5}}},"3":{"name":"(anonymous_7)","decl":{"start":{"line":47,"column":4},"end":{"line":47,"column":11}},"loc":{"start":{"line":49,"column":47},"end":{"line":52,"column":5}}},"4":{"name":"(anonymous_8)","decl":{"start":{"line":55,"column":4},"end":{"line":55,"column":10}},"loc":{"start":{"line":57,"column":40},"end":{"line":60,"column":5}}},"5":{"name":"(anonymous_9)","decl":{"start":{"line":63,"column":4},"end":{"line":63,"column":10}},"loc":{"start":{"line":66,"column":40},"end":{"line":68,"column":5}}},"6":{"name":"(anonymous_10)","decl":{"start":{"line":71,"column":4},"end":{"line":71,"column":10}},"loc":{"start":{"line":73,"column":47},"end":{"line":75,"column":5}}}},"branchMap":{},"s":{"0":1,"1":1,"2":1,"3":1,"4":1,"5":1,"6":1,"7":1,"8":5,"9":1,"10":0,"11":1,"12":1,"13":1,"14":1,"15":1,"16":1,"17":1,"18":1,"19":1,"20":1,"21":1,"22":1},"f":{"0":5,"1":1,"2":0,"3":1,"4":1,"5":1,"6":1},"b":{}}
,"C:\\Users\\Arthur Vidal Regis\\Novo-backend\\src\\controllers\\contracts\\contract.controller.ts": {"path":"C:\\Users\\Arthur Vidal Regis\\Novo-backend\\src\\controllers\\contracts\\contract.controller.ts","statementMap":{"0":{"start":{"line":1,"column":0},"end":{"line":1,"column":null}},"1":{"start":{"line":15,"column":0},"end":{"line":15,"column":59}},"2":{"start":{"line":16,"column":0},"end":{"line":16,"column":null}},"3":{"start":{"line":24,"column":0},"end":{"line":24,"column":67}},"4":{"start":{"line":25,"column":0},"end":{"line":25,"column":77}},"5":{"start":{"line":26,"column":0},"end":{"line":26,"column":82}},"6":{"start":{"line":28,"column":0},"end":{"line":28,"column":72}},"7":{"start":{"line":29,"column":0},"end":{"line":29,"column":92}},"8":{"start":{"line":30,"column":0},"end":{"line":30,"column":74}},"9":{"start":{"line":31,"column":0},"end":{"line":31,"column":89}},"10":{"start":{"line":36,"column":7},"end":{"line":189,"column":null}},"11":{"start":{"line":38,"column":21},"end":{"line":38,"column":38}},"12":{"start":{"line":39,"column":21},"end":{"line":39,"column":45}},"13":{"start":{"line":53,"column":4},"end":{"line":53,"column":54}},"14":{"start":{"line":70,"column":4},"end":{"line":70,"column":67}},"15":{"start":{"line":88,"column":4},"end":{"line":88,"column":67}},"16":{"start":{"line":121,"column":4},"end":{"line":121,"column":65}},"17":{"start":{"line":144,"column":4},"end":{"line":144,"column":71}},"18":{"start":{"line":161,"column":4},"end":{"line":161,"column":66}},"19":{"start":{"line":187,"column":4},"end":{"line":187,"column":70}},"20":{"start":{"line":36,"column":13},"end":{"line":36,"column":31}},"21":{"start":{"line":52,"column":2},"end":{"line":54,"column":null}},"22":{"start":{"line":66,"column":2},"end":{"line":71,"column":null}},"23":{"start":{"line":84,"column":2},"end":{"line":89,"column":null}},"24":{"start":{"line":114,"column":8},"end":{"line":122,"column":null}},"25":{"start":{"line":139,"column":2},"end":{"line":145,"column":null}},"26":{"start":{"line":157,"column":2},"end":{"line":162,"column":null}},"27":{"start":{"line":184,"column":8},"end":{"line":188,"column":null}},"28":{"start":{"line":36,"column":13},"end":{"line":189,"column":null}}},"fnMap":{"0":{"name":"(anonymous_4)","decl":{"start":{"line":37,"column":2},"end":{"line":37,"column":null}},"loc":{"start":{"line":39,"column":67},"end":{"line":40,"column":7}}},"1":{"name":"(anonymous_5)","decl":{"start":{"line":52,"column":2},"end":{"line":52,"column":8}},"loc":{"start":{"line":52,"column":47},"end":{"line":54,"column":3}}},"2":{"name":"(anonymous_6)","decl":{"start":{"line":66,"column":2},"end":{"line":66,"column":14}},"loc":{"start":{"line":68,"column":32},"end":{"line":71,"column":3}}},"3":{"name":"(anonymous_7)","decl":{"start":{"line":84,"column":2},"end":{"line":84,"column":9}},"loc":{"start":{"line":86,"column":35},"end":{"line":89,"column":3}}},"4":{"name":"(anonymous_8)","decl":{"start":{"line":114,"column":2},"end":{"line":114,"column":7}},"loc":{"start":{"line":117,"column":46},"end":{"line":122,"column":3}}},"5":{"name":"(anonymous_9)","decl":{"start":{"line":139,"column":2},"end":{"line":139,"column":8}},"loc":{"start":{"line":142,"column":28},"end":{"line":145,"column":3}}},"6":{"name":"(anonymous_10)","decl":{"start":{"line":157,"column":2},"end":{"line":157,"column":8}},"loc":{"start":{"line":159,"column":35},"end":{"line":162,"column":3}}},"7":{"name":"(anonymous_11)","decl":{"start":{"line":184,"column":2},"end":{"line":184,"column":7}},"loc":{"start":{"line":186,"column":35},"end":{"line":188,"column":3}}}},"branchMap":{},"s":{"0":1,"1":1,"2":1,"3":1,"4":1,"5":1,"6":1,"7":1,"8":1,"9":1,"10":1,"11":2,"12":2,"13":1,"14":0,"15":1,"16":0,"17":0,"18":0,"19":0,"20":1,"21":1,"22":1,"23":1,"24":1,"25":1,"26":1,"27":1,"28":1},"f":{"0":2,"1":1,"2":0,"3":1,"4":0,"5":0,"6":0,"7":0},"b":{}}
,"C:\\Users\\Arthur Vidal Regis\\Novo-backend\\src\\controllers\\employees\\employee-benefits.controller.ts": {"path":"C:\\Users\\Arthur Vidal Regis\\Novo-backend\\src\\controllers\\employees\\employee-benefits.controller.ts","statementMap":{"0":{"start":{"line":1,"column":0},"end":{"line":1,"column":null}},"1":{"start":{"line":14,"column":0},"end":{"line":14,"column":null}},"2":{"start":{"line":21,"column":0},"end":{"line":21,"column":64}},"3":{"start":{"line":22,"column":0},"end":{"line":22,"column":59}},"4":{"start":{"line":23,"column":0},"end":{"line":23,"column":91}},"5":{"start":{"line":24,"column":0},"end":{"line":24,"column":81}},"6":{"start":{"line":25,"column":0},"end":{"line":25,"column":92}},"7":{"start":{"line":26,"column":0},"end":{"line":26,"column":91}},"8":{"start":{"line":27,"column":0},"end":{"line":27,"column":72}},"9":{"start":{"line":34,"column":7},"end":{"line":85,"column":null}},"10":{"start":{"line":35,"column":31},"end":{"line":35,"column":40}},"11":{"start":{"line":45,"column":4},"end":{"line":45,"column":48}},"12":{"start":{"line":62,"column":4},"end":{"line":62,"column":56}},"13":{"start":{"line":69,"column":4},"end":{"line":69,"column":41}},"14":{"start":{"line":76,"column":4},"end":{"line":76,"column":52}},"15":{"start":{"line":83,"column":4},"end":{"line":83,"column":46}},"16":{"start":{"line":34,"column":13},"end":{"line":34,"column":39}},"17":{"start":{"line":41,"column":8},"end":{"line":46,"column":null}},"18":{"start":{"line":58,"column":8},"end":{"line":63,"column":null}},"19":{"start":{"line":68,"column":8},"end":{"line":70,"column":null}},"20":{"start":{"line":75,"column":8},"end":{"line":77,"column":null}},"21":{"start":{"line":82,"column":8},"end":{"line":84,"column":null}},"22":{"start":{"line":34,"column":13},"end":{"line":85,"column":null}}},"fnMap":{"0":{"name":"(anonymous_4)","decl":{"start":{"line":35,"column":2},"end":{"line":35,"column":31}},"loc":{"start":{"line":35,"column":63},"end":{"line":35,"column":67}}},"1":{"name":"(anonymous_5)","decl":{"start":{"line":41,"column":2},"end":{"line":41,"column":7}},"loc":{"start":{"line":43,"column":35},"end":{"line":46,"column":3}}},"2":{"name":"(anonymous_6)","decl":{"start":{"line":58,"column":2},"end":{"line":58,"column":7}},"loc":{"start":{"line":60,"column":32},"end":{"line":63,"column":3}}},"3":{"name":"(anonymous_7)","decl":{"start":{"line":68,"column":2},"end":{"line":68,"column":7}},"loc":{"start":{"line":68,"column":52},"end":{"line":70,"column":3}}},"4":{"name":"(anonymous_8)","decl":{"start":{"line":75,"column":2},"end":{"line":75,"column":7}},"loc":{"start":{"line":75,"column":120},"end":{"line":77,"column":3}}},"5":{"name":"(anonymous_9)","decl":{"start":{"line":82,"column":2},"end":{"line":82,"column":7}},"loc":{"start":{"line":82,"column":86},"end":{"line":84,"column":3}}}},"branchMap":{},"s":{"0":1,"1":1,"2":1,"3":1,"4":1,"5":1,"6":1,"7":1,"8":1,"9":1,"10":4,"11":1,"12":0,"13":1,"14":1,"15":1,"16":1,"17":1,"18":1,"19":1,"20":1,"21":1,"22":1},"f":{"0":4,"1":1,"2":0,"3":1,"4":1,"5":1},"b":{}}
[...]
,"C:\\Users\\Arthur Vidal Regis\\Novo-backend\\src\\services\\tools\\generate-contract.service.ts": {"path":"C:\\Users\\Arthur Vidal Regis\\Novo-backend\\src\\services\\tools\\generate-contract.service.ts","statementMap":{"0":{"start":{"line":1,"column":0},"end":{"line":1,"column":62}},"1":{"start":{"line":3,"column":0},"end":{"line":3,"column":85}},"2":{"start":{"line":5,"column":0},"end":{"line":5,"column":65}},"3":{"start":{"line":6,"column":0},"end":{"line":6,"column":61}},"4":{"start":{"line":7,"column":0},"end":{"line":7,"column":59}},"5":{"start":{"line":11,"column":7},"end":{"line":147,"column":null}},"6":{"start":{"line":13,"column":25},"end":{"line":13,"column":46}},"7":{"start":{"line":14,"column":25},"end":{"line":14,"column":41}},"8":{"start":{"line":15,"column":25},"end":{"line":15,"column":39}},"9":{"start":{"line":16,"column":25},"end":{"line":16,"column":39}},"10":{"start":{"line":21,"column":25},"end":{"line":21,"column":90}},"11":{"start":{"line":22,"column":8},"end":{"line":24,"column":9}},"12":{"start":{"line":23,"column":12},"end":{"line":23,"column":67}},"13":{"start":{"line":25,"column":25},"end":{"line":25,"column":50}},"14":{"start":{"line":26,"column":8},"end":{"line":28,"column":9}},"15":{"start":{"line":27,"column":12},"end":{"line":27,"column":67}},"16":{"start":{"line":29,"column":28},"end":{"line":29,"column":57}},"17":{"start":{"line":30,"column":8},"end":{"line":32,"column":9}},"18":{"start":{"line":31,"column":12},"end":{"line":31,"column":69}},"19":{"start":{"line":33,"column":25},"end":{"line":33,"column":42}},"20":{"start":{"line":34,"column":8},"end":{"line":36,"column":9}},"21":{"start":{"line":35,"column":12},"end":{"line":35,"column":65}},"22":{"start":{"line":37,"column":23},"end":{"line":37,"column":38}},"23":{"start":{"line":38,"column":8},"end":{"line":40,"column":9}},"24":{"start":{"line":39,"column":12},"end":{"line":39,"column":68}},"25":{"start":{"line":41,"column":24},"end":{"line":41,"column":43}},"26":{"start":{"line":42,"column":8},"end":{"line":44,"column":9}},"27":{"start":{"line":43,"column":12},"end":{"line":43,"column":67}},"28":{"start":{"line":46,"column":29},"end":{"line":90,"column":10}},"29":{"start":{"line":92,"column":28},"end":{"line":92,"column":62}},"30":{"start":{"line":93,"column":34},"end":{"line":95,"column":null}},"31":{"start":{"line":98,"column":26},"end":{"line":98,"column":77}},"32":{"start":{"line":100,"column":26},"end":{"line":100,"column":46}},"33":{"start":{"line":101,"column":25},"end":{"line":101,"column":57}},"34":{"start":{"line":102,"column":27},"end":{"line":102,"column":50}},"35":{"start":{"line":104,"column":20},"end":{"line":107,"column":null}},"36":{"start":{"line":110,"column":8},"end":{"line":110,"column":37}},"37":{"start":{"line":119,"column":34},"end":{"line":121,"column":null}},"38":{"start":{"line":124,"column":26},"end":{"line":124,"column":77}},"39":{"start":{"line":126,"column":27},"end":{"line":126,"column":50}},"40":{"start":{"line":128,"column":23},"end":{"line":131,"column":null}},"41":{"start":{"line":134,"column":8},"end":{"line":134,"column":40}},"42":{"start":{"line":143,"column":25},"end":{"line":143,"column":69}},"43":{"start":{"line":145,"column":8},"end":{"line":145,"column":73}},"44":{"start":{"line":11,"column":13},"end":{"line":11,"column":36}},"45":{"start":{"line":11,"column":13},"end":{"line":147,"column":null}}},"fnMap":{"0":{"name":"(anonymous_2)","decl":{"start":{"line":12,"column":4},"end":{"line":12,"column":null}},"loc":{"start":{"line":16,"column":57},"end":{"line":17,"column":9}}},"1":{"name":"(anonymous_3)","decl":{"start":{"line":19,"column":4},"end":{"line":19,"column":9}},"loc":{"start":{"line":19,"column":83},"end":{"line":111,"column":5}}},"2":{"name":"(anonymous_4)","decl":{"start":{"line":113,"column":12},"end":{"line":113,"column":17}},"loc":{"start":{"line":116,"column":24},"end":{"line":135,"column":5}}},"3":{"name":"(anonymous_5)","decl":{"start":{"line":137,"column":4},"end":{"line":137,"column":9}},"loc":{"start":{"line":140,"column":29},"end":{"line":146,"column":5}}}},"branchMap":{"0":{"loc":{"start":{"line":22,"column":8},"end":{"line":24,"column":9}},"type":"if","locations":[{"start":{"line":22,"column":8},"end":{"line":24,"column":9}}]},"1":{"loc":{"start":{"line":26,"column":8},"end":{"line":28,"column":9}},"type":"if","locations":[{"start":{"line":26,"column":8},"end":{"line":28,"column":9}}]},"2":{"loc":{"start":{"line":30,"column":8},"end":{"line":32,"column":9}},"type":"if","locations":[{"start":{"line":30,"column":8},"end":{"line":32,"column":9}}]},"3":{"loc":{"start":{"line":34,"column":8},"end":{"line":36,"column":9}},"type":"if","locations":[{"start":{"line":34,"column":8},"end":{"line":36,"column":9}}]},"4":{"loc":{"start":{"line":38,"column":8},"end":{"line":40,"column":9}},"type":"if","locations":[{"start":{"line":38,"column":8},"end":{"line":40,"column":9}}]},"5":{"loc":{"start":{"line":42,"column":8},"end":{"line":44,"column":9}},"type":"if","locations":[{"start":{"line":42,"column":8},"end":{"line":44,"column":9}}]},"6":{"loc":{"start":{"line":92,"column":28},"end":{"line":92,"column":62}},"type":"binary-expr","locations":[{"start":{"line":92,"column":28},"end":{"line":92,"column":41}},{"start":{"line":92,"column":45},"end":{"line":92,"column":62}}]}},"s":{"0":4,"1":4,"2":4,"3":4,"4":4,"5":4,"6":7,"7":7,"8":7,"9":7,"10":12,"11":12,"12":2,"13":10,"14":10,"15":2,"16":8,"17":8,"18":2,"19":6,"20":6,"21":0,"22":6,"23":6,"24":2,"25":4,"26":4,"27":2,"28":2,"29":2,"30":2,"31":2,"32":2,"33":2,"34":2,"35":2,"36":2,"37":0,"38":0,"39":0,"40":0,"41":0,"42":0,"43":0,"44":4,"45":4},"f":{"0":7,"1":12,"2":0,"3":0},"b":{"0":[2],"1":[2],"2":[2],"3":[0],"4":[2],"5":[2],"6":[2,1]}}
,"C:\\Users\\Arthur Vidal Regis\\Novo-backend\\src\\services\\tools\\mail.service.ts": {"path":"C:\\Users\\Arthur Vidal Regis\\Novo-backend\\src\\services\\tools\\mail.service.ts","statementMap":{"0":{"start":{"line":1,"column":0},"end":{"line":1,"column":44}},"1":{"start":{"line":2,"column":0},"end":{"line":2,"column":41}},"2":{"start":{"line":5,"column":7},"end":{"line":24,"column":null}},"3":{"start":{"line":6,"column":24},"end":{"line":12,"column":4}},"4":{"start":{"line":15,"column":24},"end":{"line":20,"column":6}},"5":{"start":{"line":22,"column":4},"end":{"line":22,"column":50}},"6":{"start":{"line":5,"column":13},"end":{"line":5,"column":24}},"7":{"start":{"line":5,"column":13},"end":{"line":24,"column":null}}},"fnMap":{"0":{"name":"(anonymous_1)","decl":{"start":{"line":14,"column":2},"end":{"line":14,"column":7}},"loc":{"start":{"line":14,"column":58},"end":{"line":23,"column":3}}}},"branchMap":{},"s":{"0":6,"1":6,"2":6,"3":2,"4":2,"5":2,"6":6,"7":6},"f":{"0":2},"b":{}}
,"C:\\Users\\Arthur Vidal Regis\\Novo-backend\\src\\services\\tools\\minio-client.service.ts": {"path":"C:\\Users\\Arthur Vidal Regis\\Novo-backend\\src\\services\\tools\\minio-client.service.ts","statementMap":{"0":{"start":{"line":1,"column":0},"end":{"line":1,"column":null}},"1":{"start":{"line":7,"column":0},"end":{"line":7,"column":47}},"2":{"start":{"line":8,"column":0},"end":{"line":8,"column":51}},"3":{"start":{"line":9,"column":0},"end":{"line":9,"column":31}},"4":{"start":{"line":18,"column":31},"end":{"line":160,"column":null}},"5":{"start":{"line":19,"column":28},"end":{"line":19,"column":63}},"6":{"start":{"line":24,"column":21},"end":{"line":24,"column":28}},"7":{"start":{"line":25,"column":21},"end":{"line":25,"column":36}},"8":{"start":{"line":27,"column":4},"end":{"line":28,"column":65}},"9":{"start":{"line":30,"column":4},"end":{"line":32,"column":5}},"10":{"start":{"line":31,"column":6},"end":{"line":31,"column":64}},"11":{"start":{"line":34,"column":4},"end":{"line":42,"column":7}},"12":{"start":{"line":50,"column":22},"end":{"line":50,"column":71}},"13":{"start":{"line":52,"column":4},"end":{"line":59,"column":5}},"14":{"start":{"line":54,"column":36},"end":{"line":54,"column":51}},"15":{"start":{"line":56,"column":6},"end":{"line":58,"column":8}},"16":{"start":{"line":61,"column":21},"end":{"line":61,"column":55}},"17":{"start":{"line":62,"column":21},"end":{"line":62,"column":54}},"18":{"start":{"line":64,"column":4},"end":{"line":79,"column":5}},"19":{"start":{"line":65,"column":6},"end":{"line":71,"column":8}},"20":{"start":{"line":73,"column":6},"end":{"line":73,"column":26}},"21":{"start":{"line":75,"column":6},"end":{"line":75,"column":31}},"22":{"start":{"line":76,"column":6},"end":{"line":78,"column":8}},"23":{"start":{"line":83,"column":4},"end":{"line":103,"column":7}},"24":{"start":{"line":84,"column":35},"end":{"line":84,"column":37}},"25":{"start":{"line":85,"column":21},"end":{"line":85,"column":77}},"26":{"start":{"line":87,"column":6},"end":{"line":99,"column":9}},"27":{"start":{"line":88,"column":29},"end":{"line":88,"column":54}},"28":{"start":{"line":90,"column":10},"end":{"line":90,"column":64}},"29":{"start":{"line":92,"column":8},"end":{"line":98,"column":11}},"30":{"start":{"line":101,"column":6},"end":{"line":101,"column":48}},"31":{"start":{"line":101,"column":29},"end":{"line":101,"column":46}},"32":{"start":{"line":102,"column":6},"end":{"line":102,"column":47}},"33":{"start":{"line":102,"column":34},"end":{"line":102,"column":45}},"34":{"start":{"line":110,"column":4},"end":{"line":125,"column":5}},"35":{"start":{"line":116,"column":6},"end":{"line":120,"column":8}},"36":{"start":{"line":122,"column":6},"end":{"line":124,"column":8}},"37":{"start":{"line":129,"column":4},"end":{"line":133,"column":5}},"38":{"start":{"line":130,"column":6},"end":{"line":130,"column":70}},"39":{"start":{"line":132,"column":6},"end":{"line":132,"column":78}},"40":{"start":{"line":141,"column":21},"end":{"line":141,"column":49}},"41":{"start":{"line":143,"column":4},"end":{"line":158,"column":5}},"42":{"start":{"line":144,"column":6},"end":{"line":150,"column":8}},"43":{"start":{"line":152,"column":6},"end":{"line":152,"column":26}},"44":{"start":{"line":154,"column":6},"end":{"line":154,"column":31}},"45":{"start":{"line":155,"column":6},"end":{"line":157,"column":8}},"46":{"start":{"line":18,"column":13},"end":{"line":18,"column":31}},"47":{"start":{"line":18,"column":13},"end":{"line":160,"column":null}}},"fnMap":{"0":{"name":"(anonymous_2)","decl":{"start":{"line":23,"column":2},"end":{"line":23,"column":null}},"loc":{"start":{"line":25,"column":49},"end":{"line":43,"column":3}}},"1":{"name":"(anonymous_3)","decl":{"start":{"line":45,"column":9},"end":{"line":45,"column":14}},"loc":{"start":{"line":48,"column":26},"end":{"line":80,"column":3}}},"2":{"name":"(anonymous_4)","decl":{"start":{"line":54,"column":29},"end":{"line":54,"column":30}},"loc":{"start":{"line":54,"column":36},"end":{"line":54,"column":51}}},"3":{"name":"(anonymous_5)","decl":{"start":{"line":82,"column":9},"end":{"line":82,"column":14}},"loc":{"start":{"line":82,"column":24},"end":{"line":104,"column":3}}},"4":{"name":"(anonymous_6)","decl":{"start":{"line":83,"column":23},"end":{"line":83,"column":24}},"loc":{"start":{"line":83,"column":43},"end":{"line":103,"column":5}}},"5":{"name":"(anonymous_7)","decl":{"start":{"line":87,"column":24},"end":{"line":87,"column":25}},"loc":{"start":{"line":87,"column":32},"end":{"line":99,"column":7}}},"6":{"name":"(anonymous_8)","decl":{"start":{"line":101,"column":23},"end":{"line":101,"column":26}},"loc":{"start":{"line":101,"column":29},"end":{"line":101,"column":46}}},"7":{"name":"(anonymous_9)","decl":{"start":{"line":102,"column":25},"end":{"line":102,"column":26}},"loc":{"start":{"line":102,"column":34},"end":{"line":102,"column":45}}},"8":{"name":"(anonymous_10)","decl":{"start":{"line":106,"column":9},"end":{"line":106,"column":14}},"loc":{"start":{"line":108,"column":28},"end":{"line":126,"column":3}}},"9":{"name":"(anonymous_11)","decl":{"start":{"line":128,"column":9},"end":{"line":128,"column":14}},"loc":{"start":{"line":128,"column":42},"end":{"line":134,"column":3}}},"10":{"name":"(anonymous_12)","decl":{"start":{"line":136,"column":9},"end":{"line":136,"column":14}},"loc":{"start":{"line":139,"column":20},"end":{"line":159,"column":3}}}},"branchMap":{"0":{"loc":{"start":{"line":30,"column":4},"end":{"line":32,"column":5}},"type":"if","locations":[{"start":{"line":30,"column":4},"end":{"line":32,"column":5}}]},"1":{"loc":{"start":{"line":39,"column":8},"end":{"line":39,"column":74}},"type":"binary-expr","locations":[{"start":{"line":39,"column":8},"end":{"line":39,"column":58}},{"start":{"line":39,"column":62},"end":{"line":39,"column":74}}]},"2":{"loc":{"start":{"line":41,"column":8},"end":{"line":41,"column":74}},"type":"binary-expr","locations":[{"start":{"line":41,"column":8},"end":{"line":41,"column":58}},{"start":{"line":41,"column":62},"end":{"line":41,"column":74}}]},"3":{"loc":{"start":{"line":52,"column":4},"end":{"line":59,"column":5}},"type":"if","locations":[{"start":{"line":52,"column":4},"end":{"line":59,"column":5}}]},"4":{"loc":{"start":{"line":53,"column":6},"end":{"line":54,"column":72}},"type":"binary-expr","locations":[{"start":{"line":53,"column":6},"end":{"line":53,"column":16}},{"start":{"line":54,"column":6},"end":{"line":54,"column":72}}]},"5":{"loc":{"start":{"line":90,"column":10},"end":{"line":90,"column":64}},"type":"binary-expr","locations":[{"start":{"line":90,"column":10},"end":{"line":90,"column":26}},{"start":{"line":90,"column":30},"end":{"line":90,"column":64}}]},"6":{"loc":{"start":{"line":94,"column":20},"end":{"line":96,"column":22}},"type":"cond-expr","locations":[{"start":{"line":95,"column":14},"end":{"line":95,"column":49}},{"start":{"line":96,"column":14},"end":{"line":96,"column":22}}]},"7":{"loc":{"start":{"line":97,"column":21},"end":{"line":97,"column":77}},"type":"cond-expr","locations":[{"start":{"line":97,"column":36},"end":{"line":97,"column":72}},{"start":{"line":97,"column":75},"end":{"line":97,"column":77}}]},"8":{"loc":{"start":{"line":108,"column":4},"end":{"line":108,"column":28}},"type":"default-arg","locations":[{"start":{"line":108,"column":21},"end":{"line":108,"column":28}}]}},"s":{"0":18,"1":18,"2":18,"3":18,"4":18,"5":7,"6":7,"7":7,"8":7,"9":7,"10":0,"11":7,"12":3,"13":3,"14":3,"15":1,"16":2,"17":2,"18":2,"19":2,"20":1,"21":1,"22":1,"23":1,"24":1,"25":1,"26":1,"27":2,"28":2,"29":2,"30":1,"31":1,"32":1,"33":0,"34":1,"35":1,"36":0,"37":1,"38":1,"39":0,"40":1,"41":1,"42":1,"43":1,"44":0,"45":0,"46":18,"47":18},"f":{"0":7,"1":3,"2":3,"3":1,"4":1,"5":2,"6":1,"7":0,"8":1,"9":1,"10":1},"b":{"0":[0],"1":[7,0],"2":[7,0],"3":[1],"4":[3,3],"5":[2,1],"6":[1,1],"7":[1,1],"8":[1]}}
,"C:\\Users\\Arthur Vidal Regis\\Novo-backend\\src\\services\\tools\\pdf-generator.service.ts": {"path":"C:\\Users\\Arthur Vidal Regis\\Novo-backend\\src\\services\\tools\\pdf-generator.service.ts","statementMap":{"0":{"start":{"line":1,"column":0},"end":{"line":1,"column":74}},"1":{"start":{"line":2,"column":0},"end":{"line":2,"column":39}},"2":{"start":{"line":3,"column":0},"end":{"line":3,"column":33}},"3":{"start":{"line":6,"column":7},"end":{"line":114,"column":null}},"4":{"start":{"line":8,"column":48},"end":{"line":8,"column":52}},"5":{"start":{"line":10,"column":8},"end":{"line":46,"column":9}},"6":{"start":{"line":11,"column":32},"end":{"line":11,"column":61}},"7":{"start":{"line":13,"column":12},"end":{"line":16,"column":15}},"8":{"start":{"line":18,"column":25},"end":{"line":18,"column":48}},"9":{"start":{"line":20,"column":29},"end":{"line":20,"column":64}},"10":{"start":{"line":22,"column":12},"end":{"line":24,"column":15}},"11":{"start":{"line":26,"column":30},"end":{"line":35,"column":14}},"12":{"start":{"line":37,"column":12},"end":{"line":37,"column":42}},"13":{"start":{"line":39,"column":12},"end":{"line":41,"column":14}},"14":{"start":{"line":43,"column":12},"end":{"line":45,"column":13}},"15":{"start":{"line":44,"column":16},"end":{"line":44,"column":38}},"16":{"start":{"line":50,"column":8},"end":{"line":112,"column":6}},"17":{"start":{"line":6,"column":13},"end":{"line":6,"column":32}},"18":{"start":{"line":6,"column":13},"end":{"line":114,"column":null}}},"fnMap":{"0":{"name":"(anonymous_1)","decl":{"start":{"line":7,"column":11},"end":{"line":7,"column":16}},"loc":{"start":{"line":7,"column":49},"end":{"line":47,"column":5}}},"1":{"name":"(anonymous_2)","decl":{"start":{"line":49,"column":12},"end":{"line":49,"column":29}},"loc":{"start":{"line":49,"column":45},"end":{"line":113,"column":5}}}},"branchMap":{"0":{"loc":{"start":{"line":43,"column":12},"end":{"line":45,"column":13}},"type":"if","locations":[{"start":{"line":43,"column":12},"end":{"line":45,"column":13}}]}},"s":{"0":5,"1":5,"2":5,"3":5,"4":3,"5":3,"6":3,"7":3,"8":3,"9":3,"10":3,"11":3,"12":1,"13":2,"14":3,"15":3,"16":3,"17":5,"18":5},"f":{"0":3,"1":3},"b":{"0":[3]}}
,"C:\\Users\\Arthur Vidal Regis\\Novo-backend\\src\\services\\tools\\template-engine.service.ts": {"path":"C:\\Users\\Arthur Vidal Regis\\Novo-backend\\src\\services\\tools\\template-engine.service.ts","statementMap":{"0":{"start":{"line":1,"column":0},"end":{"line":1,"column":44}},"1":{"start":{"line":4,"column":7},"end":{"line":15,"column":null}},"2":{"start":{"line":6,"column":8},"end":{"line":9,"column":11}},"3":{"start":{"line":7,"column":26},"end":{"line":7,"column":53}},"4":{"start":{"line":8,"column":12},"end":{"line":8,"column":78}},"5":{"start":{"line":13,"column":8},"end":{"line":13,"column":71}},"6":{"start":{"line":13,"column":53},"end":{"line":13,"column":64}},"7":{"start":{"line":4,"column":13},"end":{"line":4,"column":34}},"8":{"start":{"line":4,"column":13},"end":{"line":15,"column":null}}},"fnMap":{"0":{"name":"(anonymous_1)","decl":{"start":{"line":5,"column":4},"end":{"line":5,"column":9}},"loc":{"start":{"line":5,"column":53},"end":{"line":10,"column":5}}},"1":{"name":"(anonymous_2)","decl":{"start":{"line":6,"column":55},"end":{"line":6,"column":56}},"loc":{"start":{"line":6,"column":66},"end":{"line":9,"column":9}}},"2":{"name":"(anonymous_3)","decl":{"start":{"line":12,"column":12},"end":{"line":12,"column":23}},"loc":{"start":{"line":12,"column":62},"end":{"line":14,"column":5}}},"3":{"name":"(anonymous_4)","decl":{"start":{"line":13,"column":38},"end":{"line":13,"column":39}},"loc":{"start":{"line":13,"column":53},"end":{"line":13,"column":64}}}},"branchMap":{"0":{"loc":{"start":{"line":8,"column":19},"end":{"line":8,"column":77}},"type":"cond-expr","locations":[{"start":{"line":8,"column":59},"end":{"line":8,"column":72}},{"start":{"line":8,"column":75},"end":{"line":8,"column":77}}]},"1":{"loc":{"start":{"line":8,"column":19},"end":{"line":8,"column":56}},"type":"binary-expr","locations":[{"start":{"line":8,"column":19},"end":{"line":8,"column":38}},{"start":{"line":8,"column":42},"end":{"line":8,"column":56}}]}},"s":{"0":5,"1":5,"2":6,"3":7,"4":7,"5":7,"6":10,"7":5,"8":5},"f":{"0":6,"1":7,"2":7,"3":10},"b":{"0":[5,2],"1":[7,5]}}
}
