{"C:\\Users\\telma\\OneDrive\\Área de Trabalho\\VSCode\\Novo-backend\\src\\main.ts": {"path":"C:\\Users\\telma\\OneDrive\\Área de Trabalho\\VSCode\\Novo-backend\\src\\main.ts","statementMap":{"0":{"start":{"line":1,"column":0},"end":{"line":1,"column":43}},"1":{"start":{"line":2,"column":0},"end":{"line":2,"column":49}},"2":{"start":{"line":3,"column":0},"end":{"line":3,"column":48}},"3":{"start":{"line":4,"column":0},"end":{"line":4,"column":65}},"4":{"start":{"line":5,"column":0},"end":{"line":5,"column":78}},"5":{"start":{"line":6,"column":0},"end":{"line":6,"column":75}},"6":{"start":{"line":9,"column":14},"end":{"line":9,"column":49}},"7":{"start":{"line":11,"column":2},"end":{"line":11,"column":32}},"8":{"start":{"line":13,"column":2},"end":{"line":13,"column":50}},"9":{"start":{"line":15,"column":2},"end":{"line":22,"column":4}},"10":{"start":{"line":24,"column":2},"end":{"line":28,"column":5}},"11":{"start":{"line":30,"column":17},"end":{"line":42,"column":12}},"12":{"start":{"line":44,"column":26},"end":{"line":44,"column":73}},"13":{"start":{"line":44,"column":32},"end":{"line":44,"column":73}},"14":{"start":{"line":45,"column":2},"end":{"line":45,"column":52}},"15":{"start":{"line":46,"column":2},"end":{"line":46,"column":45}},"16":{"start":{"line":48,"column":0},"end":{"line":48,"column":12}}},"fnMap":{"0":{"name":"bootstrap","decl":{"start":{"line":8,"column":15},"end":{"line":8,"column":24}},"loc":{"start":{"line":8,"column":24},"end":{"line":47,"column":1}}},"1":{"name":"(anonymous_1)","decl":{"start":{"line":44,"column":26},"end":{"line":44,"column":29}},"loc":{"start":{"line":44,"column":32},"end":{"line":44,"column":73}}}},"branchMap":{"0":{"loc":{"start":{"line":46,"column":19},"end":{"line":46,"column":43}},"type":"binary-expr","locations":[{"start":{"line":46,"column":19},"end":{"line":46,"column":35}},{"start":{"line":46,"column":39},"end":{"line":46,"column":43}}]}},"s":{"0":0,"1":0,"2":0,"3":0,"4":0,"5":0,"6":0,"7":0,"8":0,"9":0,"10":0,"11":0,"12":0,"13":0,"14":0,"15":0,"16":0},"f":{"0":0,"1":0},"b":{"0":[0,0]}}
,"C:\\Users\\telma\\OneDrive\\Área de Trabalho\\VSCode\\Novo-backend\\src\\common\\database\\prisma.service.ts": {"path":"C:\\Users\\telma\\OneDrive\\Área de Trabalho\\VSCode\\Novo-backend\\src\\common\\database\\prisma.service.ts","statementMap":{"0":{"start":{"line":1,"column":0},"end":{"line":1,"column":58}},"1":{"start":{"line":2,"column":0},"end":{"line":2,"column":46}},"2":{"start":{"line":5,"column":7},"end":{"line":13,"column":null}},"3":{"start":{"line":7,"column":4},"end":{"line":7,"column":26}},"4":{"start":{"line":11,"column":4},"end":{"line":11,"column":29}},"5":{"start":{"line":5,"column":13},"end":{"line":5,"column":26}},"6":{"start":{"line":5,"column":13},"end":{"line":13,"column":null}}},"fnMap":{"0":{"name":"(anonymous_1)","decl":{"start":{"line":6,"column":2},"end":{"line":6,"column":7}},"loc":{"start":{"line":6,"column":20},"end":{"line":8,"column":3}}},"1":{"name":"(anonymous_2)","decl":{"start":{"line":10,"column":2},"end":{"line":10,"column":7}},"loc":{"start":{"line":10,"column":23},"end":{"line":12,"column":3}}}},"branchMap":{},"s":{"0":54,"1":54,"2":54,"3":0,"4":0,"5":54,"6":54},"f":{"0":0,"1":0},"b":{}}
,"C:\\Users\\telma\\OneDrive\\Área de Trabalho\\VSCode\\Novo-backend\\src\\common\\decorators\\current.user.decorator.ts": {"path":"C:\\Users\\telma\\OneDrive\\Área de Trabalho\\VSCode\\Novo-backend\\src\\common\\decorators\\current.user.decorator.ts","statementMap":{"0":{"start":{"line":1,"column":0},"end":{"line":1,"column":72}},"1":{"start":{"line":4,"column":13},"end":{"line":9,"column":2}},"2":{"start":{"line":6,"column":20},"end":{"line":6,"column":55}},"3":{"start":{"line":7,"column":4},"end":{"line":7,"column":24}}},"fnMap":{"0":{"name":"(anonymous_0)","decl":{"start":{"line":5,"column":2},"end":{"line":5,"column":3}},"loc":{"start":{"line":5,"column":60},"end":{"line":8,"column":3}}}},"branchMap":{},"s":{"0":17,"1":17,"2":0,"3":0},"f":{"0":0},"b":{}}
,"C:\\Users\\telma\\OneDrive\\Área de Trabalho\\VSCode\\Novo-backend\\src\\common\\decorators\\index.ts": {"path":"C:\\Users\\telma\\OneDrive\\Área de Trabalho\\VSCode\\Novo-backend\\src\\common\\decorators\\index.ts","statementMap":{"0":{"start":{"line":1,"column":0},"end":{"line":1,"column":41}},"1":{"start":{"line":2,"column":0},"end":{"line":2,"column":38}},"2":{"start":{"line":3,"column":0},"end":{"line":3,"column":34}},"3":{"start":{"line":4,"column":0},"end":{"line":4,"column":43}}},"fnMap":{},"branchMap":{},"s":{"0":17,"1":17,"2":17,"3":17},"f":{},"b":{}}
,"C:\\Users\\telma\\OneDrive\\Área de Trabalho\\VSCode\\Novo-backend\\src\\common\\decorators\\is-public.decorator.ts": {"path":"C:\\Users\\telma\\OneDrive\\Área de Trabalho\\VSCode\\Novo-backend\\src\\common\\decorators\\is-public.decorator.ts","statementMap":{"0":{"start":{"line":1,"column":0},"end":{"line":1,"column":45}},"1":{"start":{"line":3,"column":13},"end":{"line":3,"column":40}},"2":{"start":{"line":4,"column":24},"end":{"line":4,"column":64}},"3":{"start":{"line":4,"column":30},"end":{"line":4,"column":64}},"4":{"start":{"line":4,"column":13},"end":{"line":4,"column":24}}},"fnMap":{"0":{"name":"(anonymous_0)","decl":{"start":{"line":4,"column":24},"end":{"line":4,"column":27}},"loc":{"start":{"line":4,"column":30},"end":{"line":4,"column":64}}}},"branchMap":{},"s":{"0":17,"1":17,"2":17,"3":2,"4":17},"f":{"0":2},"b":{}}
,"C:\\Users\\telma\\OneDrive\\Área de Trabalho\\VSCode\\Novo-backend\\src\\common\\decorators\\roles.decorator.ts": {"path":"C:\\Users\\telma\\OneDrive\\Área de Trabalho\\VSCode\\Novo-backend\\src\\common\\decorators\\roles.decorator.ts","statementMap":{"0":{"start":{"line":1,"column":0},"end":{"line":1,"column":45}},"1":{"start":{"line":3,"column":13},"end":{"line":3,"column":33}},"2":{"start":{"line":4,"column":21},"end":{"line":4,"column":74}},"3":{"start":{"line":4,"column":45},"end":{"line":4,"column":74}},"4":{"start":{"line":4,"column":13},"end":{"line":4,"column":21}}},"fnMap":{"0":{"name":"(anonymous_0)","decl":{"start":{"line":4,"column":21},"end":{"line":4,"column":22}},"loc":{"start":{"line":4,"column":45},"end":{"line":4,"column":74}}}},"branchMap":{},"s":{"0":17,"1":17,"2":17,"3":0,"4":17},"f":{"0":0},"b":{}}
,"C:\\Users\\telma\\OneDrive\\Área de Trabalho\\VSCode\\Novo-backend\\src\\common\\decorators\\skip-uppercase.decorator.ts": {"path":"C:\\Users\\telma\\OneDrive\\Área de Trabalho\\VSCode\\Novo-backend\\src\\common\\decorators\\skip-uppercase.decorator.ts","statementMap":{"0":{"start":{"line":1,"column":0},"end":{"line":1,"column":26}},"1":{"start":{"line":3,"column":29},"end":{"line":7,"column":1}},"2":{"start":{"line":4,"column":1},"end":{"line":6,"column":3}},"3":{"start":{"line":5,"column":2},"end":{"line":5,"column":69}},"4":{"start":{"line":3,"column":13},"end":{"line":3,"column":29}}},"fnMap":{"0":{"name":"(anonymous_0)","decl":{"start":{"line":3,"column":29},"end":{"line":3,"column":51}},"loc":{"start":{"line":3,"column":53},"end":{"line":7,"column":1}}},"1":{"name":"(anonymous_1)","decl":{"start":{"line":4,"column":8},"end":{"line":4,"column":9}},"loc":{"start":{"line":4,"column":54},"end":{"line":6,"column":2}}}},"branchMap":{},"s":{"0":17,"1":17,"2":16,"3":16,"4":17},"f":{"0":16,"1":16},"b":{}}
,"C:\\Users\\telma\\OneDrive\\Área de Trabalho\\VSCode\\Novo-backend\\src\\common\\filters\\all-exceptions.filters.ts": {"path":"C:\\Users\\telma\\OneDrive\\Área de Trabalho\\VSCode\\Novo-backend\\src\\common\\filters\\all-exceptions.filters.ts","statementMap":{"0":{"start":{"line":1,"column":0},"end":{"line":1,"column":null}},"1":{"start":{"line":12,"column":32},"end":{"line":45,"column":null}},"2":{"start":{"line":13,"column":28},"end":{"line":13,"column":64}},"3":{"start":{"line":16,"column":16},"end":{"line":16,"column":35}},"4":{"start":{"line":17,"column":21},"end":{"line":17,"column":38}},"5":{"start":{"line":18,"column":20},"end":{"line":18,"column":36}},"6":{"start":{"line":23,"column":4},"end":{"line":36,"column":5}},"7":{"start":{"line":24,"column":6},"end":{"line":24,"column":36}},"8":{"start":{"line":25,"column":6},"end":{"line":25,"column":68}},"9":{"start":{"line":26,"column":11},"end":{"line":36,"column":5}},"10":{"start":{"line":27,"column":6},"end":{"line":27,"column":37}},"11":{"start":{"line":28,"column":6},"end":{"line":28,"column":40}},"12":{"start":{"line":30,"column":6},"end":{"line":30,"column":48}},"13":{"start":{"line":31,"column":6},"end":{"line":31,"column":63}},"14":{"start":{"line":32,"column":6},"end":{"line":35,"column":8}},"15":{"start":{"line":38,"column":4},"end":{"line":43,"column":7}},"16":{"start":{"line":12,"column":13},"end":{"line":12,"column":32}},"17":{"start":{"line":12,"column":13},"end":{"line":45,"column":null}}},"fnMap":{"0":{"name":"(anonymous_1)","decl":{"start":{"line":15,"column":2},"end":{"line":15,"column":7}},"loc":{"start":{"line":15,"column":47},"end":{"line":44,"column":3}}}},"branchMap":{"0":{"loc":{"start":{"line":23,"column":4},"end":{"line":36,"column":5}},"type":"if","locations":[{"start":{"line":23,"column":4},"end":{"line":36,"column":5}},{"start":{"line":26,"column":11},"end":{"line":36,"column":5}}]},"1":{"loc":{"start":{"line":25,"column":16},"end":{"line":25,"column":67}},"type":"binary-expr","locations":[{"start":{"line":25,"column":16},"end":{"line":25,"column":39}},{"start":{"line":25,"column":43},"end":{"line":25,"column":67}}]},"2":{"loc":{"start":{"line":26,"column":11},"end":{"line":36,"column":5}},"type":"if","locations":[{"start":{"line":26,"column":11},"end":{"line":36,"column":5}},{"start":{"line":29,"column":11},"end":{"line":36,"column":5}}]}},"s":{"0":0,"1":0,"2":0,"3":0,"4":0,"5":0,"6":0,"7":0,"8":0,"9":0,"10":0,"11":0,"12":0,"13":0,"14":0,"15":0,"16":0,"17":0},"f":{"0":0},"b":{"0":[0,0],"1":[0,0],"2":[0,0]}}
,"C:\\Users\\telma\\OneDrive\\Área de Trabalho\\VSCode\\Novo-backend\\src\\common\\guards\\index.ts": {"path":"C:\\Users\\telma\\OneDrive\\Área de Trabalho\\VSCode\\Novo-backend\\src\\common\\guards\\index.ts","statementMap":{"0":{"start":{"line":1,"column":0},"end":{"line":1,"column":33}},"1":{"start":{"line":2,"column":0},"end":{"line":2,"column":35}},"2":{"start":{"line":3,"column":0},"end":{"line":3,"column":30}}},"fnMap":{},"branchMap":{},"s":{"0":1,"1":1,"2":1},"f":{},"b":{}}
,"C:\\Users\\telma\\OneDrive\\Área de Trabalho\\VSCode\\Novo-backend\\src\\common\\guards\\jwt-auth.guard.ts": {"path":"C:\\Users\\telma\\OneDrive\\Área de Trabalho\\VSCode\\Novo-backend\\src\\common\\guards\\jwt-auth.guard.ts","statementMap":{"0":{"start":{"line":1,"column":0},"end":{"line":1,"column":null}},"1":{"start":{"line":6,"column":0},"end":{"line":6,"column":41}},"2":{"start":{"line":7,"column":0},"end":{"line":7,"column":45}},"3":{"start":{"line":8,"column":0},"end":{"line":8,"column":46}},"4":{"start":{"line":11,"column":7},"end":{"line":42,"column":null}},"5":{"start":{"line":13,"column":4},"end":{"line":13,"column":12}},"6":{"start":{"line":12,"column":22},"end":{"line":12,"column":33}},"7":{"start":{"line":17,"column":21},"end":{"line":20,"column":6}},"8":{"start":{"line":22,"column":4},"end":{"line":24,"column":5}},"9":{"start":{"line":23,"column":6},"end":{"line":23,"column":18}},"10":{"start":{"line":26,"column":24},"end":{"line":26,"column":50}},"11":{"start":{"line":28,"column":4},"end":{"line":30,"column":5}},"12":{"start":{"line":29,"column":6},"end":{"line":29,"column":25}},"13":{"start":{"line":32,"column":31},"end":{"line":32,"column":62}},"14":{"start":{"line":34,"column":4},"end":{"line":40,"column":7}},"15":{"start":{"line":35,"column":6},"end":{"line":37,"column":7}},"16":{"start":{"line":36,"column":8},"end":{"line":36,"column":55}},"17":{"start":{"line":39,"column":6},"end":{"line":39,"column":40}},"18":{"start":{"line":11,"column":13},"end":{"line":11,"column":25}},"19":{"start":{"line":11,"column":13},"end":{"line":42,"column":null}}},"fnMap":{"0":{"name":"(anonymous_2)","decl":{"start":{"line":12,"column":2},"end":{"line":12,"column":22}},"loc":{"start":{"line":12,"column":42},"end":{"line":14,"column":3}}},"1":{"name":"(anonymous_3)","decl":{"start":{"line":16,"column":2},"end":{"line":16,"column":13}},"loc":{"start":{"line":16,"column":39},"end":{"line":41,"column":3}}},"2":{"name":"(anonymous_4)","decl":{"start":{"line":34,"column":36},"end":{"line":34,"column":37}},"loc":{"start":{"line":34,"column":46},"end":{"line":40,"column":5}}}},"branchMap":{"0":{"loc":{"start":{"line":22,"column":4},"end":{"line":24,"column":5}},"type":"if","locations":[{"start":{"line":22,"column":4},"end":{"line":24,"column":5}}]},"1":{"loc":{"start":{"line":28,"column":4},"end":{"line":30,"column":5}},"type":"if","locations":[{"start":{"line":28,"column":4},"end":{"line":30,"column":5}}]},"2":{"loc":{"start":{"line":35,"column":6},"end":{"line":37,"column":7}},"type":"if","locations":[{"start":{"line":35,"column":6},"end":{"line":37,"column":7}}]}},"s":{"0":9,"1":9,"2":9,"3":9,"4":9,"5":16,"6":16,"7":0,"8":0,"9":0,"10":0,"11":0,"12":0,"13":0,"14":0,"15":0,"16":0,"17":0,"18":9,"19":9},"f":{"0":16,"1":0,"2":0},"b":{"0":[0],"1":[0],"2":[0]}}
,"C:\\Users\\telma\\OneDrive\\Área de Trabalho\\VSCode\\Novo-backend\\src\\common\\guards\\local-auth.guard.ts": {"path":"C:\\Users\\telma\\OneDrive\\Área de Trabalho\\VSCode\\Novo-backend\\src\\common\\guards\\local-auth.guard.ts","statementMap":{"0":{"start":{"line":1,"column":0},"end":{"line":1,"column":null}},"1":{"start":{"line":6,"column":0},"end":{"line":6,"column":45}},"2":{"start":{"line":9,"column":7},"end":{"line":21,"column":null}},"3":{"start":{"line":11,"column":4},"end":{"line":11,"column":38}},"4":{"start":{"line":15,"column":4},"end":{"line":17,"column":5}},"5":{"start":{"line":16,"column":6},"end":{"line":16,"column":52}},"6":{"start":{"line":19,"column":4},"end":{"line":19,"column":16}},"7":{"start":{"line":9,"column":13},"end":{"line":9,"column":27}},"8":{"start":{"line":9,"column":13},"end":{"line":21,"column":null}}},"fnMap":{"0":{"name":"(anonymous_1)","decl":{"start":{"line":10,"column":2},"end":{"line":10,"column":13}},"loc":{"start":{"line":10,"column":39},"end":{"line":12,"column":3}}},"1":{"name":"(anonymous_2)","decl":{"start":{"line":14,"column":2},"end":{"line":14,"column":15}},"loc":{"start":{"line":14,"column":25},"end":{"line":20,"column":3}}}},"branchMap":{"0":{"loc":{"start":{"line":15,"column":4},"end":{"line":17,"column":5}},"type":"if","locations":[{"start":{"line":15,"column":4},"end":{"line":17,"column":5}}]},"1":{"loc":{"start":{"line":15,"column":8},"end":{"line":15,"column":20}},"type":"binary-expr","locations":[{"start":{"line":15,"column":8},"end":{"line":15,"column":11}},{"start":{"line":15,"column":15},"end":{"line":15,"column":20}}]}},"s":{"0":1,"1":1,"2":1,"3":0,"4":0,"5":0,"6":0,"7":1,"8":1},"f":{"0":0,"1":0},"b":{"0":[0],"1":[0,0]}}
,"C:\\Users\\telma\\OneDrive\\Área de Trabalho\\VSCode\\Novo-backend\\src\\common\\guards\\roles.guard.ts": {"path":"C:\\Users\\telma\\OneDrive\\Área de Trabalho\\VSCode\\Novo-backend\\src\\common\\guards\\roles.guard.ts","statementMap":{"0":{"start":{"line":1,"column":0},"end":{"line":1,"column":null}},"1":{"start":{"line":7,"column":0},"end":{"line":7,"column":41}},"2":{"start":{"line":9,"column":0},"end":{"line":9,"column":59}},"3":{"start":{"line":10,"column":0},"end":{"line":10,"column":42}},"4":{"start":{"line":18,"column":7},"end":{"line":57,"column":null}},"5":{"start":{"line":20,"column":12},"end":{"line":20,"column":23}},"6":{"start":{"line":21,"column":12},"end":{"line":21,"column":20}},"7":{"start":{"line":26,"column":6},"end":{"line":28,"column":14}},"8":{"start":{"line":31,"column":6},"end":{"line":33,"column":14}},"9":{"start":{"line":35,"column":36},"end":{"line":36,"column":null}},"10":{"start":{"line":39,"column":4},"end":{"line":41,"column":5}},"11":{"start":{"line":40,"column":6},"end":{"line":40,"column":18}},"12":{"start":{"line":43,"column":20},"end":{"line":43,"column":72}},"13":{"start":{"line":45,"column":17},"end":{"line":45,"column":29}},"14":{"start":{"line":47,"column":4},"end":{"line":49,"column":5}},"15":{"start":{"line":48,"column":6},"end":{"line":48,"column":54}},"16":{"start":{"line":51,"column":4},"end":{"line":53,"column":5}},"17":{"start":{"line":52,"column":6},"end":{"line":52,"column":68}},"18":{"start":{"line":55,"column":4},"end":{"line":55,"column":16}},"19":{"start":{"line":18,"column":13},"end":{"line":18,"column":23}},"20":{"start":{"line":18,"column":13},"end":{"line":57,"column":null}}},"fnMap":{"0":{"name":"(anonymous_2)","decl":{"start":{"line":19,"column":2},"end":{"line":19,"column":null}},"loc":{"start":{"line":21,"column":33},"end":{"line":22,"column":6}}},"1":{"name":"(anonymous_3)","decl":{"start":{"line":24,"column":2},"end":{"line":24,"column":7}},"loc":{"start":{"line":24,"column":45},"end":{"line":56,"column":3}}}},"branchMap":{"0":{"loc":{"start":{"line":26,"column":6},"end":{"line":28,"column":14}},"type":"binary-expr","locations":[{"start":{"line":26,"column":6},"end":{"line":28,"column":8}},{"start":{"line":28,"column":12},"end":{"line":28,"column":14}}]},"1":{"loc":{"start":{"line":31,"column":6},"end":{"line":33,"column":14}},"type":"binary-expr","locations":[{"start":{"line":31,"column":6},"end":{"line":33,"column":8}},{"start":{"line":33,"column":12},"end":{"line":33,"column":14}}]},"2":{"loc":{"start":{"line":39,"column":4},"end":{"line":41,"column":5}},"type":"if","locations":[{"start":{"line":39,"column":4},"end":{"line":41,"column":5}}]},"3":{"loc":{"start":{"line":47,"column":4},"end":{"line":49,"column":5}},"type":"if","locations":[{"start":{"line":47,"column":4},"end":{"line":49,"column":5}}]},"4":{"loc":{"start":{"line":51,"column":4},"end":{"line":53,"column":5}},"type":"if","locations":[{"start":{"line":51,"column":4},"end":{"line":53,"column":5}}]}},"s":{"0":16,"1":16,"2":16,"3":16,"4":16,"5":0,"6":0,"7":0,"8":0,"9":0,"10":0,"11":0,"12":0,"13":0,"14":0,"15":0,"16":0,"17":0,"18":0,"19":16,"20":16},"f":{"0":0,"1":0},"b":{"0":[0,0],"1":[0,0],"2":[0],"3":[0],"4":[0]}}
,"C:\\Users\\telma\\OneDrive\\Área de Trabalho\\VSCode\\Novo-backend\\src\\common\\guards\\strategies\\jwt.strategy.ts": {"path":"C:\\Users\\telma\\OneDrive\\Área de Trabalho\\VSCode\\Novo-backend\\src\\common\\guards\\strategies\\jwt.strategy.ts","statementMap":{"0":{"start":{"line":1,"column":0},"end":{"line":1,"column":44}},"1":{"start":{"line":2,"column":0},"end":{"line":2,"column":52}},"2":{"start":{"line":3,"column":0},"end":{"line":3,"column":52}},"3":{"start":{"line":7,"column":7},"end":{"line":19,"column":null}},"4":{"start":{"line":9,"column":4},"end":{"line":13,"column":7}},"5":{"start":{"line":17,"column":4},"end":{"line":17,"column":19}},"6":{"start":{"line":7,"column":13},"end":{"line":7,"column":24}},"7":{"start":{"line":7,"column":13},"end":{"line":19,"column":null}}},"fnMap":{"0":{"name":"(anonymous_2)","decl":{"start":{"line":8,"column":2},"end":{"line":8,"column":null}},"loc":{"start":{"line":8,"column":2},"end":{"line":14,"column":3}}},"1":{"name":"(anonymous_3)","decl":{"start":{"line":16,"column":2},"end":{"line":16,"column":7}},"loc":{"start":{"line":16,"column":37},"end":{"line":18,"column":3}}}},"branchMap":{},"s":{"0":0,"1":0,"2":0,"3":0,"4":0,"5":0,"6":0,"7":0},"f":{"0":0,"1":0},"b":{}}
,"C:\\Users\\telma\\OneDrive\\Área de Trabalho\\VSCode\\Novo-backend\\src\\common\\guards\\strategies\\local.strategy.ts": {"path":"C:\\Users\\telma\\OneDrive\\Área de Trabalho\\VSCode\\Novo-backend\\src\\common\\guards\\strategies\\local.strategy.ts","statementMap":{"0":{"start":{"line":1,"column":0},"end":{"line":1,"column":42}},"1":{"start":{"line":2,"column":0},"end":{"line":2,"column":44}},"2":{"start":{"line":3,"column":0},"end":{"line":3,"column":52}},"3":{"start":{"line":4,"column":0},"end":{"line":4,"column":61}},"4":{"start":{"line":7,"column":7},"end":{"line":15,"column":null}},"5":{"start":{"line":9,"column":4},"end":{"line":9,"column":42}},"6":{"start":{"line":8,"column":22},"end":{"line":8,"column":35}},"7":{"start":{"line":13,"column":4},"end":{"line":13,"column":62}},"8":{"start":{"line":7,"column":13},"end":{"line":7,"column":26}},"9":{"start":{"line":7,"column":13},"end":{"line":15,"column":null}}},"fnMap":{"0":{"name":"(anonymous_2)","decl":{"start":{"line":8,"column":2},"end":{"line":8,"column":22}},"loc":{"start":{"line":8,"column":46},"end":{"line":10,"column":3}}},"1":{"name":"(anonymous_3)","decl":{"start":{"line":12,"column":2},"end":{"line":12,"column":10}},"loc":{"start":{"line":12,"column":46},"end":{"line":14,"column":3}}}},"branchMap":{},"s":{"0":0,"1":0,"2":0,"3":0,"4":0,"5":0,"6":0,"7":0,"8":0,"9":0},"f":{"0":0,"1":0},"b":{}}
,"C:\\Users\\telma\\OneDrive\\Área de Trabalho\\VSCode\\Novo-backend\\src\\common\\middlewares\\login-validation.middleware.ts": {"path":"C:\\Users\\telma\\OneDrive\\Área de Trabalho\\VSCode\\Novo-backend\\src\\common\\middlewares\\login-validation.middleware.ts","statementMap":{"0":{"start":{"line":1,"column":0},"end":{"line":1,"column":null}},"1":{"start":{"line":6,"column":0},"end":{"line":6,"column":43}},"2":{"start":{"line":8,"column":0},"end":{"line":8,"column":46}},"3":{"start":{"line":11,"column":7},"end":{"line":31,"column":null}},"4":{"start":{"line":13,"column":17},"end":{"line":13,"column":25}},"5":{"start":{"line":15,"column":29},"end":{"line":15,"column":43}},"6":{"start":{"line":16,"column":4},"end":{"line":16,"column":48}},"7":{"start":{"line":17,"column":4},"end":{"line":17,"column":46}},"8":{"start":{"line":19,"column":24},"end":{"line":19,"column":56}},"9":{"start":{"line":21,"column":4},"end":{"line":27,"column":5}},"10":{"start":{"line":22,"column":6},"end":{"line":26,"column":8}},"11":{"start":{"line":24,"column":10},"end":{"line":24,"column":59}},"12":{"start":{"line":29,"column":4},"end":{"line":29,"column":11}},"13":{"start":{"line":11,"column":13},"end":{"line":11,"column":38}},"14":{"start":{"line":11,"column":13},"end":{"line":31,"column":null}}},"fnMap":{"0":{"name":"(anonymous_1)","decl":{"start":{"line":12,"column":2},"end":{"line":12,"column":7}},"loc":{"start":{"line":12,"column":59},"end":{"line":30,"column":3}}},"1":{"name":"(anonymous_2)","decl":{"start":{"line":23,"column":28},"end":{"line":23,"column":29}},"loc":{"start":{"line":24,"column":10},"end":{"line":24,"column":59}}}},"branchMap":{"0":{"loc":{"start":{"line":21,"column":4},"end":{"line":27,"column":5}},"type":"if","locations":[{"start":{"line":21,"column":4},"end":{"line":27,"column":5}}]},"1":{"loc":{"start":{"line":24,"column":10},"end":{"line":24,"column":59}},"type":"cond-expr","locations":[{"start":{"line":24,"column":26},"end":{"line":24,"column":54}},{"start":{"line":24,"column":57},"end":{"line":24,"column":59}}]}},"s":{"0":0,"1":0,"2":0,"3":0,"4":0,"5":0,"6":0,"7":0,"8":0,"9":0,"10":0,"11":0,"12":0,"13":0,"14":0},"f":{"0":0,"1":0},"b":{"0":[0],"1":[0,0]}}
,"C:\\Users\\telma\\OneDrive\\Área de Trabalho\\VSCode\\Novo-backend\\src\\common\\pipes\\uppercase-global.pipe.ts": {"path":"C:\\Users\\telma\\OneDrive\\Área de Trabalho\\VSCode\\Novo-backend\\src\\common\\pipes\\uppercase-global.pipe.ts","statementMap":{"0":{"start":{"line":1,"column":0},"end":{"line":1,"column":77}},"1":{"start":{"line":2,"column":0},"end":{"line":2,"column":41}},"2":{"start":{"line":5,"column":7},"end":{"line":27,"column":null}},"3":{"start":{"line":7,"column":4},"end":{"line":7,"column":60}},"4":{"start":{"line":7,"column":47},"end":{"line":7,"column":60}},"5":{"start":{"line":9,"column":22},"end":{"line":9,"column":57}},"6":{"start":{"line":11,"column":4},"end":{"line":23,"column":5}},"7":{"start":{"line":12,"column":19},"end":{"line":12,"column":71}},"8":{"start":{"line":14,"column":6},"end":{"line":14,"column":25}},"9":{"start":{"line":14,"column":16},"end":{"line":14,"column":25}},"10":{"start":{"line":16,"column":6},"end":{"line":16,"column":39}},"11":{"start":{"line":16,"column":30},"end":{"line":16,"column":39}},"12":{"start":{"line":18,"column":27},"end":{"line":18,"column":77}},"13":{"start":{"line":20,"column":6},"end":{"line":20,"column":44}},"14":{"start":{"line":20,"column":35},"end":{"line":20,"column":44}},"15":{"start":{"line":22,"column":6},"end":{"line":22,"column":80}},"16":{"start":{"line":22,"column":42},"end":{"line":22,"column":80}},"17":{"start":{"line":25,"column":4},"end":{"line":25,"column":17}},"18":{"start":{"line":5,"column":13},"end":{"line":5,"column":32}},"19":{"start":{"line":5,"column":13},"end":{"line":27,"column":null}}},"fnMap":{"0":{"name":"(anonymous_1)","decl":{"start":{"line":6,"column":2},"end":{"line":6,"column":11}},"loc":{"start":{"line":6,"column":50},"end":{"line":26,"column":3}}}},"branchMap":{"0":{"loc":{"start":{"line":7,"column":4},"end":{"line":7,"column":60}},"type":"if","locations":[{"start":{"line":7,"column":4},"end":{"line":7,"column":60}}]},"1":{"loc":{"start":{"line":7,"column":10},"end":{"line":7,"column":44}},"type":"binary-expr","locations":[{"start":{"line":7,"column":10},"end":{"line":7,"column":15}},{"start":{"line":7,"column":19},"end":{"line":7,"column":44}}]},"2":{"loc":{"start":{"line":9,"column":23},"end":{"line":9,"column":46}},"type":"binary-expr","locations":[{"start":{"line":9,"column":23},"end":{"line":9,"column":40}},{"start":{"line":9,"column":44},"end":{"line":9,"column":46}}]},"3":{"loc":{"start":{"line":14,"column":6},"end":{"line":14,"column":25}},"type":"if","locations":[{"start":{"line":14,"column":6},"end":{"line":14,"column":25}}]},"4":{"loc":{"start":{"line":16,"column":6},"end":{"line":16,"column":39}},"type":"if","locations":[{"start":{"line":16,"column":6},"end":{"line":16,"column":39}}]},"5":{"loc":{"start":{"line":20,"column":6},"end":{"line":20,"column":44}},"type":"if","locations":[{"start":{"line":20,"column":6},"end":{"line":20,"column":44}}]},"6":{"loc":{"start":{"line":22,"column":6},"end":{"line":22,"column":80}},"type":"if","locations":[{"start":{"line":22,"column":6},"end":{"line":22,"column":80}}]}},"s":{"0":0,"1":0,"2":0,"3":0,"4":0,"5":0,"6":0,"7":0,"8":0,"9":0,"10":0,"11":0,"12":0,"13":0,"14":0,"15":0,"16":0,"17":0,"18":0,"19":0},"f":{"0":0},"b":{"0":[0],"1":[0,0],"2":[0,0],"3":[0],"4":[0],"5":[0],"6":[0]}}
,"C:\\Users\\telma\\OneDrive\\Área de Trabalho\\VSCode\\Novo-backend\\src\\contracts\\auth\\auth-data.model.ts": {"path":"C:\\Users\\telma\\OneDrive\\Área de Trabalho\\VSCode\\Novo-backend\\src\\contracts\\auth\\auth-data.model.ts","statementMap":{"0":{"start":{"line":1,"column":0},"end":{"line":1,"column":46}},"1":{"start":{"line":2,"column":0},"end":{"line":2,"column":59}},"2":{"start":{"line":4,"column":0},"end":{"line":4,"column":13}},"3":{"start":{"line":9,"column":2},"end":{"line":9,"column":null}},"4":{"start":{"line":15,"column":2},"end":{"line":15,"column":null}},"5":{"start":{"line":18,"column":0},"end":{"line":18,"column":13}},"6":{"start":{"line":23,"column":2},"end":{"line":23,"column":null}},"7":{"start":{"line":21,"column":16},"end":{"line":21,"column":34}},"8":{"start":{"line":29,"column":2},"end":{"line":29,"column":null}},"9":{"start":{"line":27,"column":16},"end":{"line":27,"column":41}},"10":{"start":{"line":32,"column":0},"end":{"line":32,"column":13}},"11":{"start":{"line":37,"column":2},"end":{"line":37,"column":null}},"12":{"start":{"line":43,"column":2},"end":{"line":43,"column":null}},"13":{"start":{"line":49,"column":2},"end":{"line":49,"column":null}},"14":{"start":{"line":55,"column":2},"end":{"line":55,"column":null}},"15":{"start":{"line":61,"column":2},"end":{"line":61,"column":null}},"16":{"start":{"line":67,"column":2},"end":{"line":67,"column":null}},"17":{"start":{"line":65,"column":16},"end":{"line":65,"column":26}}},"fnMap":{"0":{"name":"(anonymous_2)","decl":{"start":{"line":21,"column":10},"end":{"line":21,"column":13}},"loc":{"start":{"line":21,"column":16},"end":{"line":21,"column":34}}},"1":{"name":"(anonymous_3)","decl":{"start":{"line":27,"column":10},"end":{"line":27,"column":13}},"loc":{"start":{"line":27,"column":16},"end":{"line":27,"column":41}}},"2":{"name":"(anonymous_4)","decl":{"start":{"line":65,"column":10},"end":{"line":65,"column":13}},"loc":{"start":{"line":65,"column":16},"end":{"line":65,"column":26}}}},"branchMap":{},"s":{"0":2,"1":2,"2":2,"3":2,"4":2,"5":2,"6":2,"7":0,"8":2,"9":0,"10":2,"11":2,"12":2,"13":2,"14":2,"15":2,"16":2,"17":0},"f":{"0":0,"1":0,"2":0},"b":{}}
,"C:\\Users\\telma\\OneDrive\\Área de Trabalho\\VSCode\\Novo-backend\\src\\contracts\\auth\\auth-payload.model.ts": {"path":"C:\\Users\\telma\\OneDrive\\Área de Trabalho\\VSCode\\Novo-backend\\src\\contracts\\auth\\auth-payload.model.ts","statementMap":{"0":{"start":{"line":1,"column":0},"end":{"line":1,"column":67}},"1":{"start":{"line":2,"column":0},"end":{"line":2,"column":41}},"2":{"start":{"line":3,"column":0},"end":{"line":3,"column":null}},"3":{"start":{"line":9,"column":0},"end":{"line":9,"column":54}},"4":{"start":{"line":10,"column":0},"end":{"line":10,"column":59}},"5":{"start":{"line":11,"column":0},"end":{"line":11,"column":62}},"6":{"start":{"line":13,"column":0},"end":{"line":13,"column":13}},"7":{"start":{"line":19,"column":2},"end":{"line":19,"column":null}},"8":{"start":{"line":27,"column":2},"end":{"line":27,"column":null}},"9":{"start":{"line":35,"column":2},"end":{"line":35,"column":null}},"10":{"start":{"line":43,"column":2},"end":{"line":43,"column":null}},"11":{"start":{"line":51,"column":2},"end":{"line":51,"column":null}},"12":{"start":{"line":59,"column":2},"end":{"line":59,"column":null}},"13":{"start":{"line":68,"column":2},"end":{"line":68,"column":null}},"14":{"start":{"line":63,"column":14},"end":{"line":63,"column":20}},"15":{"start":{"line":77,"column":2},"end":{"line":77,"column":null}},"16":{"start":{"line":72,"column":14},"end":{"line":72,"column":20}}},"fnMap":{"0":{"name":"(anonymous_2)","decl":{"start":{"line":63,"column":8},"end":{"line":63,"column":11}},"loc":{"start":{"line":63,"column":14},"end":{"line":63,"column":20}}},"1":{"name":"(anonymous_3)","decl":{"start":{"line":72,"column":8},"end":{"line":72,"column":11}},"loc":{"start":{"line":72,"column":14},"end":{"line":72,"column":20}}}},"branchMap":{},"s":{"0":2,"1":2,"2":2,"3":2,"4":2,"5":2,"6":2,"7":2,"8":2,"9":2,"10":2,"11":2,"12":2,"13":2,"14":0,"15":2,"16":0},"f":{"0":0,"1":0},"b":{}}
,"C:\\Users\\telma\\OneDrive\\Área de Trabalho\\VSCode\\Novo-backend\\src\\contracts\\auth\\auth-request.model.ts": {"path":"C:\\Users\\telma\\OneDrive\\Área de Trabalho\\VSCode\\Novo-backend\\src\\contracts\\auth\\auth-request.model.ts","statementMap":{"0":{"start":{"line":1,"column":0},"end":{"line":1,"column":46}},"1":{"start":{"line":2,"column":0},"end":{"line":2,"column":50}},"2":{"start":{"line":4,"column":0},"end":{"line":4,"column":13}},"3":{"start":{"line":10,"column":2},"end":{"line":10,"column":null}}},"fnMap":{},"branchMap":{},"s":{"0":2,"1":2,"2":2,"3":2},"f":{},"b":{}}
,"C:\\Users\\telma\\OneDrive\\Área de Trabalho\\VSCode\\Novo-backend\\src\\contracts\\auth\\index.ts": {"path":"C:\\Users\\telma\\OneDrive\\Área de Trabalho\\VSCode\\Novo-backend\\src\\contracts\\auth\\index.ts","statementMap":{"0":{"start":{"line":1,"column":0},"end":{"line":1,"column":37}},"1":{"start":{"line":2,"column":0},"end":{"line":2,"column":37}},"2":{"start":{"line":3,"column":0},"end":{"line":3,"column":28}},"3":{"start":{"line":4,"column":0},"end":{"line":4,"column":33}},"4":{"start":{"line":5,"column":0},"end":{"line":5,"column":38}},"5":{"start":{"line":6,"column":0},"end":{"line":6,"column":27}},"6":{"start":{"line":7,"column":0},"end":{"line":7,"column":32}}},"fnMap":{},"branchMap":{},"s":{"0":2,"1":2,"2":2,"3":2,"4":2,"5":2,"6":2},"f":{},"b":{}}
,"C:\\Users\\telma\\OneDrive\\Área de Trabalho\\VSCode\\Novo-backend\\src\\contracts\\auth\\jwt.response.ts": {"path":"C:\\Users\\telma\\OneDrive\\Área de Trabalho\\VSCode\\Novo-backend\\src\\contracts\\auth\\jwt.response.ts","statementMap":{"0":{"start":{"line":1,"column":0},"end":{"line":1,"column":57}},"1":{"start":{"line":2,"column":0},"end":{"line":2,"column":59}},"2":{"start":{"line":3,"column":0},"end":{"line":3,"column":62}},"3":{"start":{"line":6,"column":7},"end":{"line":42,"column":null}},"4":{"start":{"line":6,"column":13},"end":{"line":6,"column":28}},"5":{"start":{"line":11,"column":2},"end":{"line":11,"column":null}},"6":{"start":{"line":17,"column":2},"end":{"line":17,"column":null}},"7":{"start":{"line":23,"column":2},"end":{"line":23,"column":null}},"8":{"start":{"line":29,"column":2},"end":{"line":29,"column":null}},"9":{"start":{"line":35,"column":2},"end":{"line":35,"column":null}},"10":{"start":{"line":41,"column":2},"end":{"line":41,"column":null}},"11":{"start":{"line":6,"column":13},"end":{"line":42,"column":null}}},"fnMap":{},"branchMap":{},"s":{"0":0,"1":0,"2":0,"3":0,"4":0,"5":0,"6":0,"7":0,"8":0,"9":0,"10":0,"11":0},"f":{},"b":{}}
,"C:\\Users\\telma\\OneDrive\\Área de Trabalho\\VSCode\\Novo-backend\\src\\contracts\\auth\\login.dto.ts": {"path":"C:\\Users\\telma\\OneDrive\\Área de Trabalho\\VSCode\\Novo-backend\\src\\contracts\\auth\\login.dto.ts","statementMap":{"0":{"start":{"line":1,"column":0},"end":{"line":1,"column":46}},"1":{"start":{"line":2,"column":0},"end":{"line":2,"column":43}},"2":{"start":{"line":3,"column":0},"end":{"line":3,"column":54}},"3":{"start":{"line":5,"column":0},"end":{"line":5,"column":13}},"4":{"start":{"line":12,"column":2},"end":{"line":12,"column":null}},"5":{"start":{"line":20,"column":2},"end":{"line":20,"column":null}}},"fnMap":{},"branchMap":{},"s":{"0":2,"1":2,"2":2,"3":2,"4":2,"5":2},"f":{},"b":{}}
,"C:\\Users\\telma\\OneDrive\\Área de Trabalho\\VSCode\\Novo-backend\\src\\contracts\\auth\\login.response.ts": {"path":"C:\\Users\\telma\\OneDrive\\Área de Trabalho\\VSCode\\Novo-backend\\src\\contracts\\auth\\login.response.ts","statementMap":{"0":{"start":{"line":1,"column":0},"end":{"line":1,"column":46}},"1":{"start":{"line":3,"column":0},"end":{"line":3,"column":13}},"2":{"start":{"line":8,"column":2},"end":{"line":8,"column":null}},"3":{"start":{"line":14,"column":2},"end":{"line":14,"column":null}}},"fnMap":{},"branchMap":{},"s":{"0":2,"1":2,"2":2,"3":2},"f":{},"b":{}}
,"C:\\Users\\telma\\OneDrive\\Área de Trabalho\\VSCode\\Novo-backend\\src\\contracts\\auth\\permission.response.ts": {"path":"C:\\Users\\telma\\OneDrive\\Área de Trabalho\\VSCode\\Novo-backend\\src\\contracts\\auth\\permission.response.ts","statementMap":{"0":{"start":{"line":1,"column":0},"end":{"line":1,"column":46}},"1":{"start":{"line":3,"column":0},"end":{"line":3,"column":13}},"2":{"start":{"line":8,"column":2},"end":{"line":8,"column":null}},"3":{"start":{"line":14,"column":2},"end":{"line":14,"column":null}}},"fnMap":{},"branchMap":{},"s":{"0":2,"1":2,"2":2,"3":2},"f":{},"b":{}}
,"C:\\Users\\telma\\OneDrive\\Área de Trabalho\\VSCode\\Novo-backend\\src\\contracts\\auth\\reset-password.dto.ts": {"path":"C:\\Users\\telma\\OneDrive\\Área de Trabalho\\VSCode\\Novo-backend\\src\\contracts\\auth\\reset-password.dto.ts","statementMap":{"0":{"start":{"line":1,"column":0},"end":{"line":1,"column":46}},"1":{"start":{"line":2,"column":0},"end":{"line":2,"column":42}},"2":{"start":{"line":3,"column":0},"end":{"line":3,"column":54}},"3":{"start":{"line":5,"column":0},"end":{"line":5,"column":13}},"4":{"start":{"line":12,"column":2},"end":{"line":12,"column":null}}},"fnMap":{},"branchMap":{},"s":{"0":1,"1":1,"2":1,"3":1,"4":1},"f":{},"b":{}}
,"C:\\Users\\telma\\OneDrive\\Área de Trabalho\\VSCode\\Novo-backend\\src\\contracts\\auth\\user-password.dto.ts": {"path":"C:\\Users\\telma\\OneDrive\\Área de Trabalho\\VSCode\\Novo-backend\\src\\contracts\\auth\\user-password.dto.ts","statementMap":{"0":{"start":{"line":1,"column":0},"end":{"line":1,"column":13}}},"fnMap":{},"branchMap":{},"s":{"0":1},"f":{},"b":{}}
,"C:\\Users\\telma\\OneDrive\\Área de Trabalho\\VSCode\\Novo-backend\\src\\contracts\\auth\\user.dto.ts": {"path":"C:\\Users\\telma\\OneDrive\\Área de Trabalho\\VSCode\\Novo-backend\\src\\contracts\\auth\\user.dto.ts","statementMap":{"0":{"start":{"line":3,"column":0},"end":{"line":3,"column":13}}},"fnMap":{},"branchMap":{},"s":{"0":2},"f":{},"b":{}}
,"C:\\Users\\telma\\OneDrive\\Área de Trabalho\\VSCode\\Novo-backend\\src\\contracts\\auth\\user.response.ts": {"path":"C:\\Users\\telma\\OneDrive\\Área de Trabalho\\VSCode\\Novo-backend\\src\\contracts\\auth\\user.response.ts","statementMap":{"0":{"start":{"line":1,"column":0},"end":{"line":1,"column":46}},"1":{"start":{"line":2,"column":0},"end":{"line":2,"column":47}},"2":{"start":{"line":4,"column":0},"end":{"line":4,"column":13}},"3":{"start":{"line":13,"column":2},"end":{"line":13,"column":null}},"4":{"start":{"line":11,"column":16},"end":{"line":11,"column":26}}},"fnMap":{"0":{"name":"(anonymous_2)","decl":{"start":{"line":11,"column":10},"end":{"line":11,"column":13}},"loc":{"start":{"line":11,"column":16},"end":{"line":11,"column":26}}}},"branchMap":{},"s":{"0":2,"1":2,"2":2,"3":2,"4":0},"f":{"0":0},"b":{}}
,"C:\\Users\\telma\\OneDrive\\Área de Trabalho\\VSCode\\Novo-backend\\src\\contracts\\charges\\charge-update.dto.ts": {"path":"C:\\Users\\telma\\OneDrive\\Área de Trabalho\\VSCode\\Novo-backend\\src\\contracts\\charges\\charge-update.dto.ts","statementMap":{"0":{"start":{"line":1,"column":0},"end":{"line":1,"column":54}},"1":{"start":{"line":2,"column":0},"end":{"line":2,"column":47}},"2":{"start":{"line":3,"column":0},"end":{"line":3,"column":82}},"3":{"start":{"line":5,"column":0},"end":{"line":5,"column":13}},"4":{"start":{"line":10,"column":2},"end":{"line":10,"column":null}},"5":{"start":{"line":15,"column":2},"end":{"line":15,"column":null}},"6":{"start":{"line":20,"column":2},"end":{"line":20,"column":null}},"7":{"start":{"line":26,"column":2},"end":{"line":26,"column":null}},"8":{"start":{"line":32,"column":2},"end":{"line":32,"column":null}}},"fnMap":{},"branchMap":{},"s":{"0":1,"1":1,"2":1,"3":1,"4":1,"5":1,"6":1,"7":1,"8":1},"f":{},"b":{}}
,"C:\\Users\\telma\\OneDrive\\Área de Trabalho\\VSCode\\Novo-backend\\src\\contracts\\charges\\charge.dto.ts": {"path":"C:\\Users\\telma\\OneDrive\\Área de Trabalho\\VSCode\\Novo-backend\\src\\contracts\\charges\\charge.dto.ts","statementMap":{"0":{"start":{"line":1,"column":0},"end":{"line":1,"column":67}},"1":{"start":{"line":2,"column":0},"end":{"line":2,"column":90}},"2":{"start":{"line":3,"column":0},"end":{"line":3,"column":47}},"3":{"start":{"line":5,"column":0},"end":{"line":5,"column":13}},"4":{"start":{"line":8,"column":2},"end":{"line":8,"column":null}},"5":{"start":{"line":12,"column":2},"end":{"line":12,"column":null}},"6":{"start":{"line":17,"column":2},"end":{"line":17,"column":null}},"7":{"start":{"line":21,"column":2},"end":{"line":21,"column":null}},"8":{"start":{"line":25,"column":2},"end":{"line":25,"column":null}},"9":{"start":{"line":31,"column":2},"end":{"line":31,"column":null}},"10":{"start":{"line":37,"column":2},"end":{"line":37,"column":null}}},"fnMap":{},"branchMap":{},"s":{"0":1,"1":1,"2":1,"3":1,"4":1,"5":1,"6":1,"7":1,"8":1,"9":1,"10":1},"f":{},"b":{}}
,"C:\\Users\\telma\\OneDrive\\Área de Trabalho\\VSCode\\Novo-backend\\src\\contracts\\charges\\calculator\\interest-calculator.dto.ts": {"path":"C:\\Users\\telma\\OneDrive\\Área de Trabalho\\VSCode\\Novo-backend\\src\\contracts\\charges\\calculator\\interest-calculator.dto.ts","statementMap":{"0":{"start":{"line":1,"column":0},"end":{"line":1,"column":67}},"1":{"start":{"line":2,"column":0},"end":{"line":2,"column":79}},"2":{"start":{"line":4,"column":0},"end":{"line":4,"column":13}},"3":{"start":{"line":12,"column":2},"end":{"line":12,"column":null}},"4":{"start":{"line":19,"column":2},"end":{"line":19,"column":null}},"5":{"start":{"line":26,"column":2},"end":{"line":26,"column":null}},"6":{"start":{"line":38,"column":2},"end":{"line":38,"column":null}},"7":{"start":{"line":51,"column":2},"end":{"line":51,"column":null}}},"fnMap":{},"branchMap":{},"s":{"0":1,"1":1,"2":1,"3":1,"4":1,"5":1,"6":1,"7":1},"f":{},"b":{}}
,"C:\\Users\\telma\\OneDrive\\Área de Trabalho\\VSCode\\Novo-backend\\src\\contracts\\charges\\calculator\\interest-calculator.response.ts": {"path":"C:\\Users\\telma\\OneDrive\\Área de Trabalho\\VSCode\\Novo-backend\\src\\contracts\\charges\\calculator\\interest-calculator.response.ts","statementMap":{"0":{"start":{"line":1,"column":0},"end":{"line":1,"column":46}},"1":{"start":{"line":3,"column":0},"end":{"line":3,"column":13}},"2":{"start":{"line":5,"column":2},"end":{"line":5,"column":null}},"3":{"start":{"line":8,"column":2},"end":{"line":8,"column":null}},"4":{"start":{"line":11,"column":2},"end":{"line":11,"column":null}},"5":{"start":{"line":14,"column":2},"end":{"line":14,"column":null}},"6":{"start":{"line":17,"column":2},"end":{"line":17,"column":null}},"7":{"start":{"line":20,"column":2},"end":{"line":20,"column":null}},"8":{"start":{"line":23,"column":2},"end":{"line":23,"column":null}},"9":{"start":{"line":26,"column":2},"end":{"line":26,"column":null}},"10":{"start":{"line":29,"column":2},"end":{"line":29,"column":null}}},"fnMap":{},"branchMap":{},"s":{"0":1,"1":1,"2":1,"3":1,"4":1,"5":1,"6":1,"7":1,"8":1,"9":1,"10":1},"f":{},"b":{}}
,"C:\\Users\\telma\\OneDrive\\Área de Trabalho\\VSCode\\Novo-backend\\src\\contracts\\charges\\payments\\create-payment.dto.ts": {"path":"C:\\Users\\telma\\OneDrive\\Área de Trabalho\\VSCode\\Novo-backend\\src\\contracts\\charges\\payments\\create-payment.dto.ts","statementMap":{"0":{"start":{"line":1,"column":0},"end":{"line":1,"column":67}},"1":{"start":{"line":2,"column":0},"end":{"line":2,"column":87}},"2":{"start":{"line":3,"column":0},"end":{"line":3,"column":47}},"3":{"start":{"line":4,"column":0},"end":{"line":4,"column":41}},"4":{"start":{"line":6,"column":0},"end":{"line":6,"column":13}},"5":{"start":{"line":11,"column":2},"end":{"line":11,"column":null}},"6":{"start":{"line":8,"column":14},"end":{"line":8,"column":20}},"7":{"start":{"line":15,"column":2},"end":{"line":15,"column":null}},"8":{"start":{"line":19,"column":2},"end":{"line":19,"column":null}},"9":{"start":{"line":27,"column":2},"end":{"line":27,"column":null}},"10":{"start":{"line":23,"column":14},"end":{"line":23,"column":20}},"11":{"start":{"line":35,"column":2},"end":{"line":35,"column":null}},"12":{"start":{"line":31,"column":14},"end":{"line":31,"column":20}}},"fnMap":{"0":{"name":"(anonymous_2)","decl":{"start":{"line":8,"column":8},"end":{"line":8,"column":11}},"loc":{"start":{"line":8,"column":14},"end":{"line":8,"column":20}}},"1":{"name":"(anonymous_3)","decl":{"start":{"line":23,"column":8},"end":{"line":23,"column":11}},"loc":{"start":{"line":23,"column":14},"end":{"line":23,"column":20}}},"2":{"name":"(anonymous_4)","decl":{"start":{"line":31,"column":8},"end":{"line":31,"column":11}},"loc":{"start":{"line":31,"column":14},"end":{"line":31,"column":20}}}},"branchMap":{},"s":{"0":1,"1":1,"2":1,"3":1,"4":1,"5":1,"6":0,"7":1,"8":1,"9":1,"10":0,"11":1,"12":0},"f":{"0":0,"1":0,"2":0},"b":{}}
,"C:\\Users\\telma\\OneDrive\\Área de Trabalho\\VSCode\\Novo-backend\\src\\contracts\\charges\\payments\\update-payment.dto.ts": {"path":"C:\\Users\\telma\\OneDrive\\Área de Trabalho\\VSCode\\Novo-backend\\src\\contracts\\charges\\payments\\update-payment.dto.ts","statementMap":{"0":{"start":{"line":1,"column":0},"end":{"line":1,"column":54}},"1":{"start":{"line":2,"column":0},"end":{"line":2,"column":87}},"2":{"start":{"line":3,"column":0},"end":{"line":3,"column":52}},"3":{"start":{"line":4,"column":0},"end":{"line":4,"column":47}},"4":{"start":{"line":6,"column":25},"end":{"line":7,"column":80}},"5":{"start":{"line":7,"column":2},"end":{"line":7,"column":80}},"6":{"start":{"line":7,"column":28},"end":{"line":7,"column":78}},"7":{"start":{"line":9,"column":0},"end":{"line":9,"column":13}},"8":{"start":{"line":16,"column":2},"end":{"line":16,"column":null}},"9":{"start":{"line":13,"column":14},"end":{"line":13,"column":20}},"10":{"start":{"line":22,"column":2},"end":{"line":22,"column":null}},"11":{"start":{"line":28,"column":2},"end":{"line":28,"column":null}},"12":{"start":{"line":37,"column":2},"end":{"line":37,"column":null}},"13":{"start":{"line":33,"column":14},"end":{"line":33,"column":20}},"14":{"start":{"line":46,"column":2},"end":{"line":46,"column":null}},"15":{"start":{"line":42,"column":14},"end":{"line":42,"column":20}}},"fnMap":{"0":{"name":"(anonymous_2)","decl":{"start":{"line":6,"column":25},"end":{"line":6,"column":28}},"loc":{"start":{"line":7,"column":2},"end":{"line":7,"column":80}}},"1":{"name":"(anonymous_3)","decl":{"start":{"line":7,"column":12},"end":{"line":7,"column":13}},"loc":{"start":{"line":7,"column":28},"end":{"line":7,"column":78}}},"2":{"name":"(anonymous_4)","decl":{"start":{"line":13,"column":8},"end":{"line":13,"column":11}},"loc":{"start":{"line":13,"column":14},"end":{"line":13,"column":20}}},"3":{"name":"(anonymous_5)","decl":{"start":{"line":33,"column":8},"end":{"line":33,"column":11}},"loc":{"start":{"line":33,"column":14},"end":{"line":33,"column":20}}},"4":{"name":"(anonymous_6)","decl":{"start":{"line":42,"column":8},"end":{"line":42,"column":11}},"loc":{"start":{"line":42,"column":14},"end":{"line":42,"column":20}}}},"branchMap":{"0":{"loc":{"start":{"line":7,"column":28},"end":{"line":7,"column":78}},"type":"cond-expr","locations":[{"start":{"line":7,"column":61},"end":{"line":7,"column":70}},{"start":{"line":7,"column":73},"end":{"line":7,"column":78}}]},"1":{"loc":{"start":{"line":7,"column":28},"end":{"line":7,"column":58}},"type":"binary-expr","locations":[{"start":{"line":7,"column":28},"end":{"line":7,"column":40}},{"start":{"line":7,"column":44},"end":{"line":7,"column":58}}]}},"s":{"0":1,"1":1,"2":1,"3":1,"4":1,"5":5,"6":0,"7":1,"8":1,"9":0,"10":1,"11":1,"12":1,"13":0,"14":1,"15":0},"f":{"0":5,"1":0,"2":0,"3":0,"4":0},"b":{"0":[0,0],"1":[0,0]}}
,"C:\\Users\\telma\\OneDrive\\Área de Trabalho\\VSCode\\Novo-backend\\src\\contracts\\condominiums\\address.dto.ts": {"path":"C:\\Users\\telma\\OneDrive\\Área de Trabalho\\VSCode\\Novo-backend\\src\\contracts\\condominiums\\address.dto.ts","statementMap":{"0":{"start":{"line":1,"column":0},"end":{"line":1,"column":67}},"1":{"start":{"line":2,"column":0},"end":{"line":2,"column":41}},"2":{"start":{"line":3,"column":0},"end":{"line":3,"column":77}},"3":{"start":{"line":5,"column":0},"end":{"line":5,"column":13}},"4":{"start":{"line":12,"column":2},"end":{"line":12,"column":null}},"5":{"start":{"line":20,"column":2},"end":{"line":20,"column":null}},"6":{"start":{"line":28,"column":2},"end":{"line":28,"column":null}},"7":{"start":{"line":36,"column":2},"end":{"line":36,"column":null}},"8":{"start":{"line":44,"column":2},"end":{"line":44,"column":null}},"9":{"start":{"line":52,"column":2},"end":{"line":52,"column":null}},"10":{"start":{"line":46,"column":14},"end":{"line":46,"column":20}},"11":{"start":{"line":60,"column":2},"end":{"line":60,"column":null}}},"fnMap":{"0":{"name":"(anonymous_2)","decl":{"start":{"line":46,"column":8},"end":{"line":46,"column":11}},"loc":{"start":{"line":46,"column":14},"end":{"line":46,"column":20}}}},"branchMap":{},"s":{"0":1,"1":1,"2":1,"3":1,"4":1,"5":1,"6":1,"7":1,"8":1,"9":1,"10":0,"11":1},"f":{"0":0},"b":{}}
,"C:\\Users\\telma\\OneDrive\\Área de Trabalho\\VSCode\\Novo-backend\\src\\contracts\\condominiums\\address.response.ts": {"path":"C:\\Users\\telma\\OneDrive\\Área de Trabalho\\VSCode\\Novo-backend\\src\\contracts\\condominiums\\address.response.ts","statementMap":{"0":{"start":{"line":1,"column":0},"end":{"line":1,"column":46}},"1":{"start":{"line":3,"column":0},"end":{"line":3,"column":13}},"2":{"start":{"line":8,"column":2},"end":{"line":8,"column":null}},"3":{"start":{"line":13,"column":2},"end":{"line":13,"column":null}},"4":{"start":{"line":18,"column":2},"end":{"line":18,"column":null}},"5":{"start":{"line":23,"column":2},"end":{"line":23,"column":null}},"6":{"start":{"line":28,"column":2},"end":{"line":28,"column":null}},"7":{"start":{"line":33,"column":2},"end":{"line":33,"column":null}},"8":{"start":{"line":38,"column":2},"end":{"line":38,"column":null}},"9":{"start":{"line":43,"column":2},"end":{"line":43,"column":null}}},"fnMap":{},"branchMap":{},"s":{"0":4,"1":4,"2":4,"3":4,"4":4,"5":4,"6":4,"7":4,"8":4,"9":4},"f":{},"b":{}}
,"C:\\Users\\telma\\OneDrive\\Área de Trabalho\\VSCode\\Novo-backend\\src\\contracts\\condominiums\\condominium.dto.ts": {"path":"C:\\Users\\telma\\OneDrive\\Área de Trabalho\\VSCode\\Novo-backend\\src\\contracts\\condominiums\\condominium.dto.ts","statementMap":{"0":{"start":{"line":1,"column":0},"end":{"line":1,"column":null}},"1":{"start":{"line":7,"column":0},"end":{"line":7,"column":43}},"2":{"start":{"line":8,"column":0},"end":{"line":8,"column":67}},"3":{"start":{"line":9,"column":0},"end":{"line":9,"column":41}},"4":{"start":{"line":11,"column":0},"end":{"line":11,"column":13}},"5":{"start":{"line":18,"column":2},"end":{"line":18,"column":null}},"6":{"start":{"line":26,"column":2},"end":{"line":26,"column":null}},"7":{"start":{"line":34,"column":2},"end":{"line":34,"column":null}},"8":{"start":{"line":29,"column":14},"end":{"line":29,"column":24}},"9":{"start":{"line":32,"column":16},"end":{"line":32,"column":26}}},"fnMap":{"0":{"name":"(anonymous_2)","decl":{"start":{"line":29,"column":8},"end":{"line":29,"column":11}},"loc":{"start":{"line":29,"column":14},"end":{"line":29,"column":24}}},"1":{"name":"(anonymous_3)","decl":{"start":{"line":32,"column":10},"end":{"line":32,"column":13}},"loc":{"start":{"line":32,"column":16},"end":{"line":32,"column":26}}}},"branchMap":{},"s":{"0":1,"1":1,"2":1,"3":1,"4":1,"5":1,"6":1,"7":1,"8":0,"9":0},"f":{"0":0,"1":0},"b":{}}
,"C:\\Users\\telma\\OneDrive\\Área de Trabalho\\VSCode\\Novo-backend\\src\\contracts\\condominiums\\condominium.response.ts": {"path":"C:\\Users\\telma\\OneDrive\\Área de Trabalho\\VSCode\\Novo-backend\\src\\contracts\\condominiums\\condominium.response.ts","statementMap":{"0":{"start":{"line":1,"column":0},"end":{"line":1,"column":67}},"1":{"start":{"line":2,"column":0},"end":{"line":2,"column":53}},"2":{"start":{"line":5,"column":0},"end":{"line":5,"column":13}},"3":{"start":{"line":10,"column":2},"end":{"line":10,"column":null}},"4":{"start":{"line":16,"column":2},"end":{"line":16,"column":null}},"5":{"start":{"line":21,"column":2},"end":{"line":21,"column":null}},"6":{"start":{"line":26,"column":2},"end":{"line":26,"column":null}},"7":{"start":{"line":24,"column":18},"end":{"line":24,"column":33}}},"fnMap":{"0":{"name":"(anonymous_2)","decl":{"start":{"line":24,"column":12},"end":{"line":24,"column":15}},"loc":{"start":{"line":24,"column":18},"end":{"line":24,"column":33}}}},"branchMap":{},"s":{"0":3,"1":3,"2":3,"3":3,"4":3,"5":3,"6":3,"7":0},"f":{"0":0},"b":{}}
,"C:\\Users\\telma\\OneDrive\\Área de Trabalho\\VSCode\\Novo-backend\\src\\contracts\\condominiums\\property.dto.ts": {"path":"C:\\Users\\telma\\OneDrive\\Área de Trabalho\\VSCode\\Novo-backend\\src\\contracts\\condominiums\\property.dto.ts","statementMap":{"0":{"start":{"line":1,"column":0},"end":{"line":1,"column":null}},"1":{"start":{"line":8,"column":0},"end":{"line":8,"column":67}},"2":{"start":{"line":9,"column":0},"end":{"line":9,"column":41}},"3":{"start":{"line":10,"column":0},"end":{"line":10,"column":62}},"4":{"start":{"line":12,"column":0},"end":{"line":12,"column":13}},"5":{"start":{"line":19,"column":4},"end":{"line":19,"column":null}},"6":{"start":{"line":27,"column":4},"end":{"line":27,"column":null}},"7":{"start":{"line":35,"column":4},"end":{"line":35,"column":null}},"8":{"start":{"line":44,"column":4},"end":{"line":44,"column":null}},"9":{"start":{"line":52,"column":4},"end":{"line":52,"column":null}},"10":{"start":{"line":61,"column":4},"end":{"line":61,"column":null}},"11":{"start":{"line":54,"column":14},"end":{"line":54,"column":20}},"12":{"start":{"line":70,"column":2},"end":{"line":70,"column":null}},"13":{"start":{"line":63,"column":14},"end":{"line":63,"column":20}},"14":{"start":{"line":78,"column":2},"end":{"line":78,"column":null}},"15":{"start":{"line":86,"column":4},"end":{"line":86,"column":null}}},"fnMap":{"0":{"name":"(anonymous_2)","decl":{"start":{"line":54,"column":8},"end":{"line":54,"column":11}},"loc":{"start":{"line":54,"column":14},"end":{"line":54,"column":20}}},"1":{"name":"(anonymous_3)","decl":{"start":{"line":63,"column":8},"end":{"line":63,"column":11}},"loc":{"start":{"line":63,"column":14},"end":{"line":63,"column":20}}}},"branchMap":{},"s":{"0":1,"1":1,"2":1,"3":1,"4":1,"5":1,"6":1,"7":1,"8":1,"9":1,"10":1,"11":0,"12":1,"13":0,"14":1,"15":1},"f":{"0":0,"1":0},"b":{}}
,"C:\\Users\\telma\\OneDrive\\Área de Trabalho\\VSCode\\Novo-backend\\src\\contracts\\condominiums\\property.response.ts": {"path":"C:\\Users\\telma\\OneDrive\\Área de Trabalho\\VSCode\\Novo-backend\\src\\contracts\\condominiums\\property.response.ts","statementMap":{"0":{"start":{"line":1,"column":0},"end":{"line":1,"column":67}},"1":{"start":{"line":2,"column":0},"end":{"line":2,"column":62}},"2":{"start":{"line":3,"column":0},"end":{"line":3,"column":61}},"3":{"start":{"line":5,"column":0},"end":{"line":5,"column":13}},"4":{"start":{"line":10,"column":4},"end":{"line":10,"column":null}},"5":{"start":{"line":15,"column":4},"end":{"line":15,"column":null}},"6":{"start":{"line":20,"column":4},"end":{"line":20,"column":null}},"7":{"start":{"line":25,"column":4},"end":{"line":25,"column":null}},"8":{"start":{"line":30,"column":4},"end":{"line":30,"column":null}},"9":{"start":{"line":35,"column":4},"end":{"line":35,"column":null}},"10":{"start":{"line":40,"column":4},"end":{"line":40,"column":null}},"11":{"start":{"line":45,"column":4},"end":{"line":45,"column":null}},"12":{"start":{"line":50,"column":4},"end":{"line":50,"column":null}},"13":{"start":{"line":55,"column":6},"end":{"line":55,"column":null}},"14":{"start":{"line":61,"column":4},"end":{"line":61,"column":null}}},"fnMap":{},"branchMap":{},"s":{"0":2,"1":2,"2":2,"3":2,"4":2,"5":2,"6":2,"7":2,"8":2,"9":2,"10":2,"11":2,"12":2,"13":2,"14":2},"f":{},"b":{}}
,"C:\\Users\\telma\\OneDrive\\Área de Trabalho\\VSCode\\Novo-backend\\src\\contracts\\contract.templates\\contract.template.dto.ts": {"path":"C:\\Users\\telma\\OneDrive\\Área de Trabalho\\VSCode\\Novo-backend\\src\\contracts\\contract.templates\\contract.template.dto.ts","statementMap":{"0":{"start":{"line":1,"column":0},"end":{"line":1,"column":46}},"1":{"start":{"line":2,"column":0},"end":{"line":2,"column":55}},"2":{"start":{"line":4,"column":0},"end":{"line":4,"column":13}},"3":{"start":{"line":12,"column":4},"end":{"line":12,"column":null}},"4":{"start":{"line":20,"column":4},"end":{"line":20,"column":null}},"5":{"start":{"line":28,"column":4},"end":{"line":28,"column":null}}},"fnMap":{},"branchMap":{},"s":{"0":1,"1":1,"2":1,"3":1,"4":1,"5":1},"f":{},"b":{}}
,"C:\\Users\\telma\\OneDrive\\Área de Trabalho\\VSCode\\Novo-backend\\src\\contracts\\contract.templates\\contract.template.response.ts": {"path":"C:\\Users\\telma\\OneDrive\\Área de Trabalho\\VSCode\\Novo-backend\\src\\contracts\\contract.templates\\contract.template.response.ts","statementMap":{"0":{"start":{"line":1,"column":0},"end":{"line":1,"column":13}}},"fnMap":{},"branchMap":{},"s":{"0":1},"f":{},"b":{}}
,"C:\\Users\\telma\\OneDrive\\Área de Trabalho\\VSCode\\Novo-backend\\src\\contracts\\contracts\\contract.dto.ts": {"path":"C:\\Users\\telma\\OneDrive\\Área de Trabalho\\VSCode\\Novo-backend\\src\\contracts\\contracts\\contract.dto.ts","statementMap":{"0":{"start":{"line":1,"column":0},"end":{"line":1,"column":67}},"1":{"start":{"line":2,"column":0},"end":{"line":2,"column":67}},"2":{"start":{"line":4,"column":0},"end":{"line":4,"column":13}},"3":{"start":{"line":11,"column":2},"end":{"line":11,"column":null}},"4":{"start":{"line":19,"column":2},"end":{"line":19,"column":null}},"5":{"start":{"line":27,"column":2},"end":{"line":27,"column":null}},"6":{"start":{"line":35,"column":2},"end":{"line":35,"column":30}},"7":{"start":{"line":40,"column":2},"end":{"line":40,"column":null}},"8":{"start":{"line":48,"column":2},"end":{"line":48,"column":null}}},"fnMap":{},"branchMap":{},"s":{"0":1,"1":1,"2":1,"3":1,"4":1,"5":1,"6":1,"7":1,"8":1},"f":{},"b":{}}
,"C:\\Users\\telma\\OneDrive\\Área de Trabalho\\VSCode\\Novo-backend\\src\\contracts\\contracts\\contract.response.ts": {"path":"C:\\Users\\telma\\OneDrive\\Área de Trabalho\\VSCode\\Novo-backend\\src\\contracts\\contracts\\contract.response.ts","statementMap":{"0":{"start":{"line":1,"column":0},"end":{"line":1,"column":46}},"1":{"start":{"line":2,"column":0},"end":{"line":2,"column":69}},"2":{"start":{"line":3,"column":0},"end":{"line":3,"column":60}},"3":{"start":{"line":4,"column":0},"end":{"line":4,"column":92}},"4":{"start":{"line":6,"column":0},"end":{"line":6,"column":13}},"5":{"start":{"line":11,"column":2},"end":{"line":11,"column":null}},"6":{"start":{"line":17,"column":2},"end":{"line":17,"column":null}},"7":{"start":{"line":15,"column":16},"end":{"line":15,"column":30}},"8":{"start":{"line":23,"column":2},"end":{"line":23,"column":null}},"9":{"start":{"line":29,"column":2},"end":{"line":29,"column":null}},"10":{"start":{"line":27,"column":16},"end":{"line":27,"column":32}},"11":{"start":{"line":35,"column":2},"end":{"line":35,"column":null}},"12":{"start":{"line":33,"column":16},"end":{"line":33,"column":40}},"13":{"start":{"line":41,"column":2},"end":{"line":41,"column":null}}},"fnMap":{"0":{"name":"(anonymous_2)","decl":{"start":{"line":15,"column":10},"end":{"line":15,"column":13}},"loc":{"start":{"line":15,"column":16},"end":{"line":15,"column":30}}},"1":{"name":"(anonymous_3)","decl":{"start":{"line":27,"column":10},"end":{"line":27,"column":13}},"loc":{"start":{"line":27,"column":16},"end":{"line":27,"column":32}}},"2":{"name":"(anonymous_4)","decl":{"start":{"line":33,"column":10},"end":{"line":33,"column":13}},"loc":{"start":{"line":33,"column":16},"end":{"line":33,"column":40}}}},"branchMap":{},"s":{"0":1,"1":1,"2":1,"3":1,"4":1,"5":1,"6":1,"7":0,"8":1,"9":1,"10":0,"11":1,"12":0,"13":1},"f":{"0":0,"1":0,"2":0},"b":{}}
,"C:\\Users\\telma\\OneDrive\\Área de Trabalho\\VSCode\\Novo-backend\\src\\contracts\\contracts\\contractMeta.dto.ts": {"path":"C:\\Users\\telma\\OneDrive\\Área de Trabalho\\VSCode\\Novo-backend\\src\\contracts\\contracts\\contractMeta.dto.ts","statementMap":{"0":{"start":{"line":1,"column":0},"end":{"line":1,"column":54}},"1":{"start":{"line":2,"column":0},"end":{"line":2,"column":72}},"2":{"start":{"line":4,"column":0},"end":{"line":4,"column":13}},"3":{"start":{"line":13,"column":2},"end":{"line":13,"column":null}}},"fnMap":{},"branchMap":{},"s":{"0":0,"1":0,"2":0,"3":0},"f":{},"b":{}}
,"C:\\Users\\telma\\OneDrive\\Área de Trabalho\\VSCode\\Novo-backend\\src\\contracts\\contracts\\preview.contract.dto.ts": {"path":"C:\\Users\\telma\\OneDrive\\Área de Trabalho\\VSCode\\Novo-backend\\src\\contracts\\contracts\\preview.contract.dto.ts","statementMap":{"0":{"start":{"line":1,"column":0},"end":{"line":1,"column":46}},"1":{"start":{"line":2,"column":0},"end":{"line":2,"column":53}},"2":{"start":{"line":4,"column":0},"end":{"line":4,"column":13}},"3":{"start":{"line":10,"column":2},"end":{"line":10,"column":null}},"4":{"start":{"line":14,"column":2},"end":{"line":14,"column":null}},"5":{"start":{"line":20,"column":2},"end":{"line":20,"column":null}}},"fnMap":{},"branchMap":{},"s":{"0":1,"1":1,"2":1,"3":1,"4":1,"5":1},"f":{},"b":{}}
,"C:\\Users\\telma\\OneDrive\\Área de Trabalho\\VSCode\\Novo-backend\\src\\contracts\\employees\\bankData.dto.ts": {"path":"C:\\Users\\telma\\OneDrive\\Área de Trabalho\\VSCode\\Novo-backend\\src\\contracts\\employees\\bankData.dto.ts","statementMap":{"0":{"start":{"line":1,"column":0},"end":{"line":1,"column":13}}},"fnMap":{},"branchMap":{},"s":{"0":1},"f":{},"b":{}}
,"C:\\Users\\telma\\OneDrive\\Área de Trabalho\\VSCode\\Novo-backend\\src\\contracts\\employees\\bankData.response.ts": {"path":"C:\\Users\\telma\\OneDrive\\Área de Trabalho\\VSCode\\Novo-backend\\src\\contracts\\employees\\bankData.response.ts","statementMap":{"0":{"start":{"line":1,"column":0},"end":{"line":1,"column":13}}},"fnMap":{},"branchMap":{},"s":{"0":1},"f":{},"b":{}}
,"C:\\Users\\telma\\OneDrive\\Área de Trabalho\\VSCode\\Novo-backend\\src\\contracts\\employees\\employee.dto.ts": {"path":"C:\\Users\\telma\\OneDrive\\Área de Trabalho\\VSCode\\Novo-backend\\src\\contracts\\employees\\employee.dto.ts","statementMap":{"0":{"start":{"line":1,"column":0},"end":{"line":1,"column":45}},"1":{"start":{"line":2,"column":0},"end":{"line":2,"column":41}},"2":{"start":{"line":3,"column":0},"end":{"line":3,"column":108}},"3":{"start":{"line":4,"column":0},"end":{"line":4,"column":62}},"4":{"start":{"line":5,"column":0},"end":{"line":5,"column":45}},"5":{"start":{"line":6,"column":0},"end":{"line":6,"column":44}},"6":{"start":{"line":9,"column":0},"end":{"line":9,"column":13}},"7":{"start":{"line":15,"column":4},"end":{"line":15,"column":null}},"8":{"start":{"line":23,"column":4},"end":{"line":23,"column":null}},"9":{"start":{"line":31,"column":4},"end":{"line":31,"column":null}},"10":{"start":{"line":26,"column":16},"end":{"line":26,"column":27}},"11":{"start":{"line":29,"column":20},"end":{"line":29,"column":31}},"12":{"start":{"line":39,"column":4},"end":{"line":39,"column":null}},"13":{"start":{"line":47,"column":4},"end":{"line":47,"column":null}},"14":{"start":{"line":55,"column":4},"end":{"line":55,"column":null}},"15":{"start":{"line":49,"column":16},"end":{"line":49,"column":20}},"16":{"start":{"line":63,"column":4},"end":{"line":63,"column":null}},"17":{"start":{"line":57,"column":16},"end":{"line":57,"column":22}},"18":{"start":{"line":71,"column":4},"end":{"line":71,"column":null}},"19":{"start":{"line":65,"column":16},"end":{"line":65,"column":22}},"20":{"start":{"line":80,"column":4},"end":{"line":80,"column":null}}},"fnMap":{"0":{"name":"(anonymous_2)","decl":{"start":{"line":26,"column":10},"end":{"line":26,"column":13}},"loc":{"start":{"line":26,"column":16},"end":{"line":26,"column":27}}},"1":{"name":"(anonymous_3)","decl":{"start":{"line":29,"column":14},"end":{"line":29,"column":17}},"loc":{"start":{"line":29,"column":20},"end":{"line":29,"column":31}}},"2":{"name":"(anonymous_4)","decl":{"start":{"line":49,"column":10},"end":{"line":49,"column":13}},"loc":{"start":{"line":49,"column":16},"end":{"line":49,"column":20}}},"3":{"name":"(anonymous_5)","decl":{"start":{"line":57,"column":10},"end":{"line":57,"column":13}},"loc":{"start":{"line":57,"column":16},"end":{"line":57,"column":22}}},"4":{"name":"(anonymous_6)","decl":{"start":{"line":65,"column":10},"end":{"line":65,"column":13}},"loc":{"start":{"line":65,"column":16},"end":{"line":65,"column":22}}}},"branchMap":{},"s":{"0":1,"1":1,"2":1,"3":1,"4":1,"5":1,"6":1,"7":1,"8":1,"9":1,"10":0,"11":0,"12":1,"13":1,"14":1,"15":0,"16":1,"17":0,"18":1,"19":0,"20":1},"f":{"0":0,"1":0,"2":0,"3":0,"4":0},"b":{}}
,"C:\\Users\\telma\\OneDrive\\Área de Trabalho\\VSCode\\Novo-backend\\src\\contracts\\employees\\employee.response.ts": {"path":"C:\\Users\\telma\\OneDrive\\Área de Trabalho\\VSCode\\Novo-backend\\src\\contracts\\employees\\employee.response.ts","statementMap":{"0":{"start":{"line":1,"column":0},"end":{"line":1,"column":62}},"1":{"start":{"line":2,"column":0},"end":{"line":2,"column":55}},"2":{"start":{"line":3,"column":0},"end":{"line":3,"column":46}},"3":{"start":{"line":5,"column":0},"end":{"line":5,"column":13}},"4":{"start":{"line":10,"column":4},"end":{"line":10,"column":null}},"5":{"start":{"line":15,"column":4},"end":{"line":15,"column":null}},"6":{"start":{"line":20,"column":4},"end":{"line":20,"column":null}},"7":{"start":{"line":25,"column":4},"end":{"line":25,"column":null}},"8":{"start":{"line":30,"column":4},"end":{"line":30,"column":null}},"9":{"start":{"line":35,"column":4},"end":{"line":35,"column":null}},"10":{"start":{"line":40,"column":4},"end":{"line":40,"column":null}},"11":{"start":{"line":45,"column":4},"end":{"line":45,"column":null}},"12":{"start":{"line":50,"column":4},"end":{"line":50,"column":null}},"13":{"start":{"line":55,"column":4},"end":{"line":55,"column":null}}},"fnMap":{},"branchMap":{},"s":{"0":1,"1":1,"2":1,"3":1,"4":1,"5":1,"6":1,"7":1,"8":1,"9":1,"10":1,"11":1,"12":1,"13":1},"f":{},"b":{}}
,"C:\\Users\\telma\\OneDrive\\Área de Trabalho\\VSCode\\Novo-backend\\src\\contracts\\employees\\employeeBenefit.dto.ts": {"path":"C:\\Users\\telma\\OneDrive\\Área de Trabalho\\VSCode\\Novo-backend\\src\\contracts\\employees\\employeeBenefit.dto.ts","statementMap":{"0":{"start":{"line":1,"column":0},"end":{"line":1,"column":46}},"1":{"start":{"line":2,"column":0},"end":{"line":2,"column":45}},"2":{"start":{"line":3,"column":0},"end":{"line":3,"column":75}},"3":{"start":{"line":6,"column":0},"end":{"line":6,"column":13}},"4":{"start":{"line":9,"column":2},"end":{"line":9,"column":null}},"5":{"start":{"line":14,"column":2},"end":{"line":14,"column":null}},"6":{"start":{"line":20,"column":2},"end":{"line":20,"column":null}}},"fnMap":{},"branchMap":{},"s":{"0":1,"1":1,"2":1,"3":1,"4":1,"5":1,"6":1},"f":{},"b":{}}
,"C:\\Users\\telma\\OneDrive\\Área de Trabalho\\VSCode\\Novo-backend\\src\\contracts\\employees\\employeeBenefit.response.ts": {"path":"C:\\Users\\telma\\OneDrive\\Área de Trabalho\\VSCode\\Novo-backend\\src\\contracts\\employees\\employeeBenefit.response.ts","statementMap":{"0":{"start":{"line":1,"column":0},"end":{"line":1,"column":46}},"1":{"start":{"line":2,"column":0},"end":{"line":2,"column":45}},"2":{"start":{"line":3,"column":0},"end":{"line":3,"column":43}},"3":{"start":{"line":5,"column":0},"end":{"line":5,"column":13}},"4":{"start":{"line":11,"column":2},"end":{"line":11,"column":null}},"5":{"start":{"line":14,"column":2},"end":{"line":14,"column":null}},"6":{"start":{"line":18,"column":2},"end":{"line":18,"column":null}},"7":{"start":{"line":22,"column":2},"end":{"line":22,"column":null}}},"fnMap":{},"branchMap":{},"s":{"0":0,"1":0,"2":0,"3":0,"4":0,"5":0,"6":0,"7":0},"f":{},"b":{}}
,"C:\\Users\\telma\\OneDrive\\Área de Trabalho\\VSCode\\Novo-backend\\src\\contracts\\employees\\employeePayment.dto.ts": {"path":"C:\\Users\\telma\\OneDrive\\Área de Trabalho\\VSCode\\Novo-backend\\src\\contracts\\employees\\employeePayment.dto.ts","statementMap":{"0":{"start":{"line":1,"column":0},"end":{"line":1,"column":46}},"1":{"start":{"line":2,"column":0},"end":{"line":2,"column":82}},"2":{"start":{"line":3,"column":0},"end":{"line":3,"column":45}},"3":{"start":{"line":5,"column":0},"end":{"line":5,"column":13}},"4":{"start":{"line":9,"column":2},"end":{"line":9,"column":null}},"5":{"start":{"line":14,"column":2},"end":{"line":14,"column":null}},"6":{"start":{"line":19,"column":2},"end":{"line":19,"column":null}}},"fnMap":{},"branchMap":{},"s":{"0":1,"1":1,"2":1,"3":1,"4":1,"5":1,"6":1},"f":{},"b":{}}
,"C:\\Users\\telma\\OneDrive\\Área de Trabalho\\VSCode\\Novo-backend\\src\\contracts\\employees\\employeePayment.response.ts": {"path":"C:\\Users\\telma\\OneDrive\\Área de Trabalho\\VSCode\\Novo-backend\\src\\contracts\\employees\\employeePayment.response.ts","statementMap":{"0":{"start":{"line":1,"column":0},"end":{"line":1,"column":46}},"1":{"start":{"line":2,"column":0},"end":{"line":2,"column":70}},"2":{"start":{"line":3,"column":0},"end":{"line":3,"column":45}},"3":{"start":{"line":5,"column":0},"end":{"line":5,"column":13}},"4":{"start":{"line":10,"column":4},"end":{"line":10,"column":null}},"5":{"start":{"line":15,"column":2},"end":{"line":15,"column":null}},"6":{"start":{"line":19,"column":2},"end":{"line":19,"column":null}},"7":{"start":{"line":23,"column":2},"end":{"line":23,"column":null}}},"fnMap":{},"branchMap":{},"s":{"0":1,"1":1,"2":1,"3":1,"4":1,"5":1,"6":1,"7":1},"f":{},"b":{}}
,"C:\\Users\\telma\\OneDrive\\Área de Trabalho\\VSCode\\Novo-backend\\src\\contracts\\examples\\example.dto.ts": {"path":"C:\\Users\\telma\\OneDrive\\Área de Trabalho\\VSCode\\Novo-backend\\src\\contracts\\examples\\example.dto.ts","statementMap":{"0":{"start":{"line":1,"column":0},"end":{"line":1,"column":67}},"1":{"start":{"line":2,"column":0},"end":{"line":2,"column":41}},"2":{"start":{"line":3,"column":0},"end":{"line":3,"column":null}},"3":{"start":{"line":13,"column":0},"end":{"line":13,"column":45}},"4":{"start":{"line":15,"column":0},"end":{"line":15,"column":13}},"5":{"start":{"line":22,"column":2},"end":{"line":22,"column":null}},"6":{"start":{"line":30,"column":2},"end":{"line":30,"column":null}},"7":{"start":{"line":38,"column":2},"end":{"line":38,"column":null}},"8":{"start":{"line":32,"column":14},"end":{"line":32,"column":20}},"9":{"start":{"line":46,"column":2},"end":{"line":46,"column":null}},"10":{"start":{"line":40,"column":14},"end":{"line":40,"column":18}},"11":{"start":{"line":54,"column":2},"end":{"line":54,"column":null}},"12":{"start":{"line":48,"column":14},"end":{"line":48,"column":21}},"13":{"start":{"line":63,"column":2},"end":{"line":63,"column":null}},"14":{"start":{"line":71,"column":2},"end":{"line":71,"column":null}},"15":{"start":{"line":66,"column":14},"end":{"line":66,"column":25}},"16":{"start":{"line":69,"column":16},"end":{"line":69,"column":27}},"17":{"start":{"line":81,"column":2},"end":{"line":81,"column":null}},"18":{"start":{"line":75,"column":14},"end":{"line":75,"column":25}},"19":{"start":{"line":78,"column":16},"end":{"line":78,"column":27}}},"fnMap":{"0":{"name":"(anonymous_2)","decl":{"start":{"line":32,"column":8},"end":{"line":32,"column":11}},"loc":{"start":{"line":32,"column":14},"end":{"line":32,"column":20}}},"1":{"name":"(anonymous_3)","decl":{"start":{"line":40,"column":8},"end":{"line":40,"column":11}},"loc":{"start":{"line":40,"column":14},"end":{"line":40,"column":18}}},"2":{"name":"(anonymous_4)","decl":{"start":{"line":48,"column":8},"end":{"line":48,"column":11}},"loc":{"start":{"line":48,"column":14},"end":{"line":48,"column":21}}},"3":{"name":"(anonymous_5)","decl":{"start":{"line":66,"column":8},"end":{"line":66,"column":11}},"loc":{"start":{"line":66,"column":14},"end":{"line":66,"column":25}}},"4":{"name":"(anonymous_6)","decl":{"start":{"line":69,"column":10},"end":{"line":69,"column":13}},"loc":{"start":{"line":69,"column":16},"end":{"line":69,"column":27}}},"5":{"name":"(anonymous_7)","decl":{"start":{"line":75,"column":8},"end":{"line":75,"column":11}},"loc":{"start":{"line":75,"column":14},"end":{"line":75,"column":25}}},"6":{"name":"(anonymous_8)","decl":{"start":{"line":78,"column":10},"end":{"line":78,"column":13}},"loc":{"start":{"line":78,"column":16},"end":{"line":78,"column":27}}}},"branchMap":{},"s":{"0":0,"1":0,"2":0,"3":0,"4":0,"5":0,"6":0,"7":0,"8":0,"9":0,"10":0,"11":0,"12":0,"13":0,"14":0,"15":0,"16":0,"17":0,"18":0,"19":0},"f":{"0":0,"1":0,"2":0,"3":0,"4":0,"5":0,"6":0},"b":{}}
,"C:\\Users\\telma\\OneDrive\\Área de Trabalho\\VSCode\\Novo-backend\\src\\contracts\\examples\\example.response.ts": {"path":"C:\\Users\\telma\\OneDrive\\Área de Trabalho\\VSCode\\Novo-backend\\src\\contracts\\examples\\example.response.ts","statementMap":{"0":{"start":{"line":1,"column":0},"end":{"line":1,"column":67}},"1":{"start":{"line":2,"column":0},"end":{"line":2,"column":55}},"2":{"start":{"line":4,"column":0},"end":{"line":4,"column":13}},"3":{"start":{"line":9,"column":2},"end":{"line":9,"column":null}},"4":{"start":{"line":15,"column":2},"end":{"line":15,"column":null}},"5":{"start":{"line":21,"column":2},"end":{"line":21,"column":null}},"6":{"start":{"line":27,"column":2},"end":{"line":27,"column":null}},"7":{"start":{"line":33,"column":2},"end":{"line":33,"column":null}},"8":{"start":{"line":39,"column":2},"end":{"line":39,"column":null}},"9":{"start":{"line":37,"column":16},"end":{"line":37,"column":32}},"10":{"start":{"line":46,"column":2},"end":{"line":46,"column":null}},"11":{"start":{"line":43,"column":16},"end":{"line":43,"column":32}},"12":{"start":{"line":53,"column":2},"end":{"line":53,"column":null}}},"fnMap":{"0":{"name":"(anonymous_2)","decl":{"start":{"line":37,"column":10},"end":{"line":37,"column":13}},"loc":{"start":{"line":37,"column":16},"end":{"line":37,"column":32}}},"1":{"name":"(anonymous_3)","decl":{"start":{"line":43,"column":10},"end":{"line":43,"column":13}},"loc":{"start":{"line":43,"column":16},"end":{"line":43,"column":32}}}},"branchMap":{},"s":{"0":0,"1":0,"2":0,"3":0,"4":0,"5":0,"6":0,"7":0,"8":0,"9":0,"10":0,"11":0,"12":0},"f":{"0":0,"1":0},"b":{}}
,"C:\\Users\\telma\\OneDrive\\Área de Trabalho\\VSCode\\Novo-backend\\src\\contracts\\examples\\example2.dto.ts": {"path":"C:\\Users\\telma\\OneDrive\\Área de Trabalho\\VSCode\\Novo-backend\\src\\contracts\\examples\\example2.dto.ts","statementMap":{"0":{"start":{"line":1,"column":0},"end":{"line":1,"column":67}},"1":{"start":{"line":3,"column":0},"end":{"line":3,"column":13}},"2":{"start":{"line":8,"column":2},"end":{"line":8,"column":null}},"3":{"start":{"line":14,"column":2},"end":{"line":14,"column":null}}},"fnMap":{},"branchMap":{},"s":{"0":0,"1":0,"2":0,"3":0},"f":{},"b":{}}
,"C:\\Users\\telma\\OneDrive\\Área de Trabalho\\VSCode\\Novo-backend\\src\\contracts\\examples\\example2.response.ts": {"path":"C:\\Users\\telma\\OneDrive\\Área de Trabalho\\VSCode\\Novo-backend\\src\\contracts\\examples\\example2.response.ts","statementMap":{"0":{"start":{"line":1,"column":0},"end":{"line":1,"column":67}},"1":{"start":{"line":3,"column":0},"end":{"line":3,"column":13}},"2":{"start":{"line":8,"column":2},"end":{"line":8,"column":null}},"3":{"start":{"line":14,"column":2},"end":{"line":14,"column":null}}},"fnMap":{},"branchMap":{},"s":{"0":0,"1":0,"2":0,"3":0},"f":{},"b":{}}
,"C:\\Users\\telma\\OneDrive\\Área de Trabalho\\VSCode\\Novo-backend\\src\\contracts\\expenses\\expense.dto.ts": {"path":"C:\\Users\\telma\\OneDrive\\Área de Trabalho\\VSCode\\Novo-backend\\src\\contracts\\expenses\\expense.dto.ts","statementMap":{"0":{"start":{"line":1,"column":0},"end":{"line":1,"column":46}},"1":{"start":{"line":2,"column":0},"end":{"line":2,"column":79}},"2":{"start":{"line":3,"column":0},"end":{"line":3,"column":73}},"3":{"start":{"line":5,"column":0},"end":{"line":5,"column":13}},"4":{"start":{"line":8,"column":2},"end":{"line":8,"column":null}},"5":{"start":{"line":12,"column":2},"end":{"line":12,"column":null}},"6":{"start":{"line":16,"column":2},"end":{"line":16,"column":null}},"7":{"start":{"line":20,"column":2},"end":{"line":20,"column":null}},"8":{"start":{"line":25,"column":2},"end":{"line":25,"column":null}},"9":{"start":{"line":29,"column":2},"end":{"line":29,"column":null}},"10":{"start":{"line":33,"column":2},"end":{"line":33,"column":null}}},"fnMap":{},"branchMap":{},"s":{"0":1,"1":1,"2":1,"3":1,"4":1,"5":1,"6":1,"7":1,"8":1,"9":1,"10":1},"f":{},"b":{}}
,"C:\\Users\\telma\\OneDrive\\Área de Trabalho\\VSCode\\Novo-backend\\src\\contracts\\expenses\\expense.response.ts": {"path":"C:\\Users\\telma\\OneDrive\\Área de Trabalho\\VSCode\\Novo-backend\\src\\contracts\\expenses\\expense.response.ts","statementMap":{"0":{"start":{"line":1,"column":0},"end":{"line":1,"column":46}},"1":{"start":{"line":2,"column":0},"end":{"line":2,"column":74}},"2":{"start":{"line":3,"column":0},"end":{"line":3,"column":73}},"3":{"start":{"line":5,"column":0},"end":{"line":5,"column":13}},"4":{"start":{"line":8,"column":2},"end":{"line":8,"column":null}},"5":{"start":{"line":11,"column":2},"end":{"line":11,"column":null}},"6":{"start":{"line":14,"column":2},"end":{"line":14,"column":null}},"7":{"start":{"line":18,"column":2},"end":{"line":18,"column":null}},"8":{"start":{"line":22,"column":2},"end":{"line":22,"column":null}},"9":{"start":{"line":26,"column":2},"end":{"line":26,"column":null}},"10":{"start":{"line":30,"column":2},"end":{"line":30,"column":null}}},"fnMap":{},"branchMap":{},"s":{"0":0,"1":0,"2":0,"3":0,"4":0,"5":0,"6":0,"7":0,"8":0,"9":0,"10":0},"f":{},"b":{}}
,"C:\\Users\\telma\\OneDrive\\Área de Trabalho\\VSCode\\Novo-backend\\src\\contracts\\owner\\owner.response.ts": {"path":"C:\\Users\\telma\\OneDrive\\Área de Trabalho\\VSCode\\Novo-backend\\src\\contracts\\owner\\owner.response.ts","statementMap":{"0":{"start":{"line":1,"column":0},"end":{"line":1,"column":67}},"1":{"start":{"line":2,"column":0},"end":{"line":2,"column":66}},"2":{"start":{"line":4,"column":0},"end":{"line":4,"column":13}},"3":{"start":{"line":9,"column":2},"end":{"line":9,"column":null}},"4":{"start":{"line":15,"column":2},"end":{"line":15,"column":null}},"5":{"start":{"line":21,"column":2},"end":{"line":21,"column":null}}},"fnMap":{},"branchMap":{},"s":{"0":0,"1":0,"2":0,"3":0,"4":0,"5":0},"f":{},"b":{}}
,"C:\\Users\\telma\\OneDrive\\Área de Trabalho\\VSCode\\Novo-backend\\src\\contracts\\pagination\\paginated.result.ts": {"path":"C:\\Users\\telma\\OneDrive\\Área de Trabalho\\VSCode\\Novo-backend\\src\\contracts\\pagination\\paginated.result.ts","statementMap":{"0":{"start":{"line":1,"column":0},"end":{"line":1,"column":61}},"1":{"start":{"line":10,"column":16},"end":{"line":10,"column":38}},"2":{"start":{"line":11,"column":4},"end":{"line":11,"column":40}},"3":{"start":{"line":12,"column":4},"end":{"line":12,"column":47}},"4":{"start":{"line":3,"column":0},"end":{"line":3,"column":13}},"5":{"start":{"line":38,"column":2},"end":{"line":43,"column":null}},"6":{"start":{"line":9,"column":9},"end":{"line":13,"column":null}}},"fnMap":{"0":{"name":"(anonymous_2)","decl":{"start":{"line":9,"column":2},"end":{"line":9,"column":8}},"loc":{"start":{"line":9,"column":36},"end":{"line":13,"column":3}}}},"branchMap":{},"s":{"0":1,"1":0,"2":0,"3":0,"4":1,"5":1,"6":1},"f":{"0":0},"b":{}}
,"C:\\Users\\telma\\OneDrive\\Área de Trabalho\\VSCode\\Novo-backend\\src\\contracts\\pagination\\pagination.dto.ts": {"path":"C:\\Users\\telma\\OneDrive\\Área de Trabalho\\VSCode\\Novo-backend\\src\\contracts\\pagination\\pagination.dto.ts","statementMap":{"0":{"start":{"line":1,"column":0},"end":{"line":1,"column":46}},"1":{"start":{"line":2,"column":0},"end":{"line":2,"column":52}},"2":{"start":{"line":3,"column":0},"end":{"line":3,"column":76}},"3":{"start":{"line":4,"column":0},"end":{"line":4,"column":54}},"4":{"start":{"line":17,"column":19},"end":{"line":17,"column":21}},"5":{"start":{"line":29,"column":18},"end":{"line":29,"column":19}},"6":{"start":{"line":6,"column":0},"end":{"line":6,"column":13}},"7":{"start":{"line":17,"column":2},"end":{"line":17,"column":null}},"8":{"start":{"line":8,"column":14},"end":{"line":8,"column":20}},"9":{"start":{"line":29,"column":2},"end":{"line":29,"column":null}},"10":{"start":{"line":20,"column":14},"end":{"line":20,"column":20}},"11":{"start":{"line":43,"column":2},"end":{"line":43,"column":null}},"12":{"start":{"line":32,"column":29},"end":{"line":32,"column":67}},"13":{"start":{"line":56,"column":2},"end":{"line":56,"column":null}},"14":{"start":{"line":46,"column":29},"end":{"line":46,"column":67}}},"fnMap":{"0":{"name":"(anonymous_2)","decl":{"start":{"line":8,"column":8},"end":{"line":8,"column":11}},"loc":{"start":{"line":8,"column":14},"end":{"line":8,"column":20}}},"1":{"name":"(anonymous_3)","decl":{"start":{"line":20,"column":8},"end":{"line":20,"column":11}},"loc":{"start":{"line":20,"column":14},"end":{"line":20,"column":20}}},"2":{"name":"(anonymous_4)","decl":{"start":{"line":32,"column":13},"end":{"line":32,"column":14}},"loc":{"start":{"line":32,"column":29},"end":{"line":32,"column":67}}},"3":{"name":"(anonymous_5)","decl":{"start":{"line":46,"column":13},"end":{"line":46,"column":14}},"loc":{"start":{"line":46,"column":29},"end":{"line":46,"column":67}}}},"branchMap":{"0":{"loc":{"start":{"line":32,"column":29},"end":{"line":32,"column":67}},"type":"cond-expr","locations":[{"start":{"line":32,"column":52},"end":{"line":32,"column":57}},{"start":{"line":32,"column":60},"end":{"line":32,"column":67}}]},"1":{"loc":{"start":{"line":46,"column":29},"end":{"line":46,"column":67}},"type":"cond-expr","locations":[{"start":{"line":46,"column":52},"end":{"line":46,"column":57}},{"start":{"line":46,"column":60},"end":{"line":46,"column":67}}]}},"s":{"0":1,"1":1,"2":1,"3":1,"4":0,"5":0,"6":1,"7":1,"8":0,"9":1,"10":0,"11":1,"12":0,"13":1,"14":0},"f":{"0":0,"1":0,"2":0,"3":0},"b":{"0":[0,0],"1":[0,0]}}
[...]
,"C:\\Users\\telma\\OneDrive\\Área de Trabalho\\VSCode\\Novo-backend\\src\\services\\tools\\generate-contract.service.ts": {"path":"C:\\Users\\telma\\OneDrive\\Área de Trabalho\\VSCode\\Novo-backend\\src\\services\\tools\\generate-contract.service.ts","statementMap":{"0":{"start":{"line":1,"column":0},"end":{"line":1,"column":62}},"1":{"start":{"line":3,"column":0},"end":{"line":3,"column":85}},"2":{"start":{"line":5,"column":0},"end":{"line":5,"column":65}},"3":{"start":{"line":6,"column":0},"end":{"line":6,"column":61}},"4":{"start":{"line":7,"column":0},"end":{"line":7,"column":59}},"5":{"start":{"line":11,"column":7},"end":{"line":112,"column":null}},"6":{"start":{"line":13,"column":25},"end":{"line":13,"column":46}},"7":{"start":{"line":14,"column":25},"end":{"line":14,"column":41}},"8":{"start":{"line":15,"column":25},"end":{"line":15,"column":39}},"9":{"start":{"line":16,"column":25},"end":{"line":16,"column":39}},"10":{"start":{"line":21,"column":25},"end":{"line":21,"column":75}},"11":{"start":{"line":22,"column":8},"end":{"line":24,"column":9}},"12":{"start":{"line":23,"column":12},"end":{"line":23,"column":67}},"13":{"start":{"line":25,"column":25},"end":{"line":25,"column":50}},"14":{"start":{"line":26,"column":8},"end":{"line":28,"column":9}},"15":{"start":{"line":27,"column":12},"end":{"line":27,"column":67}},"16":{"start":{"line":29,"column":28},"end":{"line":29,"column":57}},"17":{"start":{"line":30,"column":8},"end":{"line":32,"column":9}},"18":{"start":{"line":31,"column":12},"end":{"line":31,"column":69}},"19":{"start":{"line":33,"column":25},"end":{"line":33,"column":42}},"20":{"start":{"line":34,"column":8},"end":{"line":36,"column":9}},"21":{"start":{"line":35,"column":12},"end":{"line":35,"column":65}},"22":{"start":{"line":37,"column":23},"end":{"line":37,"column":38}},"23":{"start":{"line":38,"column":8},"end":{"line":40,"column":9}},"24":{"start":{"line":39,"column":12},"end":{"line":39,"column":68}},"25":{"start":{"line":41,"column":24},"end":{"line":41,"column":43}},"26":{"start":{"line":42,"column":8},"end":{"line":44,"column":9}},"27":{"start":{"line":43,"column":12},"end":{"line":43,"column":67}},"28":{"start":{"line":46,"column":29},"end":{"line":90,"column":10}},"29":{"start":{"line":92,"column":28},"end":{"line":92,"column":62}},"30":{"start":{"line":93,"column":34},"end":{"line":95,"column":null}},"31":{"start":{"line":98,"column":26},"end":{"line":98,"column":77}},"32":{"start":{"line":100,"column":26},"end":{"line":100,"column":36}},"33":{"start":{"line":101,"column":25},"end":{"line":101,"column":57}},"34":{"start":{"line":102,"column":27},"end":{"line":102,"column":50}},"35":{"start":{"line":104,"column":20},"end":{"line":107,"column":null}},"36":{"start":{"line":110,"column":8},"end":{"line":110,"column":37}},"37":{"start":{"line":11,"column":13},"end":{"line":11,"column":36}},"38":{"start":{"line":11,"column":13},"end":{"line":112,"column":null}}},"fnMap":{"0":{"name":"(anonymous_2)","decl":{"start":{"line":12,"column":4},"end":{"line":12,"column":null}},"loc":{"start":{"line":16,"column":57},"end":{"line":17,"column":9}}},"1":{"name":"(anonymous_3)","decl":{"start":{"line":19,"column":4},"end":{"line":19,"column":9}},"loc":{"start":{"line":19,"column":60},"end":{"line":111,"column":5}}}},"branchMap":{"0":{"loc":{"start":{"line":22,"column":8},"end":{"line":24,"column":9}},"type":"if","locations":[{"start":{"line":22,"column":8},"end":{"line":24,"column":9}}]},"1":{"loc":{"start":{"line":26,"column":8},"end":{"line":28,"column":9}},"type":"if","locations":[{"start":{"line":26,"column":8},"end":{"line":28,"column":9}}]},"2":{"loc":{"start":{"line":30,"column":8},"end":{"line":32,"column":9}},"type":"if","locations":[{"start":{"line":30,"column":8},"end":{"line":32,"column":9}}]},"3":{"loc":{"start":{"line":34,"column":8},"end":{"line":36,"column":9}},"type":"if","locations":[{"start":{"line":34,"column":8},"end":{"line":36,"column":9}}]},"4":{"loc":{"start":{"line":38,"column":8},"end":{"line":40,"column":9}},"type":"if","locations":[{"start":{"line":38,"column":8},"end":{"line":40,"column":9}}]},"5":{"loc":{"start":{"line":42,"column":8},"end":{"line":44,"column":9}},"type":"if","locations":[{"start":{"line":42,"column":8},"end":{"line":44,"column":9}}]},"6":{"loc":{"start":{"line":92,"column":28},"end":{"line":92,"column":62}},"type":"binary-expr","locations":[{"start":{"line":92,"column":28},"end":{"line":92,"column":41}},{"start":{"line":92,"column":45},"end":{"line":92,"column":62}}]}},"s":{"0":3,"1":3,"2":3,"3":3,"4":3,"5":3,"6":7,"7":7,"8":7,"9":7,"10":12,"11":12,"12":2,"13":10,"14":10,"15":2,"16":8,"17":8,"18":2,"19":6,"20":6,"21":0,"22":6,"23":6,"24":2,"25":4,"26":4,"27":2,"28":2,"29":2,"30":2,"31":2,"32":2,"33":2,"34":2,"35":2,"36":2,"37":3,"38":3},"f":{"0":7,"1":12},"b":{"0":[2],"1":[2],"2":[2],"3":[0],"4":[2],"5":[2],"6":[2,1]}}
,"C:\\Users\\telma\\OneDrive\\Área de Trabalho\\VSCode\\Novo-backend\\src\\services\\tools\\mail.service.ts": {"path":"C:\\Users\\telma\\OneDrive\\Área de Trabalho\\VSCode\\Novo-backend\\src\\services\\tools\\mail.service.ts","statementMap":{"0":{"start":{"line":1,"column":0},"end":{"line":1,"column":44}},"1":{"start":{"line":2,"column":0},"end":{"line":2,"column":41}},"2":{"start":{"line":5,"column":7},"end":{"line":24,"column":null}},"3":{"start":{"line":6,"column":33},"end":{"line":12,"column":4}},"4":{"start":{"line":15,"column":24},"end":{"line":20,"column":6}},"5":{"start":{"line":22,"column":4},"end":{"line":22,"column":50}},"6":{"start":{"line":5,"column":13},"end":{"line":5,"column":24}},"7":{"start":{"line":5,"column":13},"end":{"line":24,"column":null}}},"fnMap":{"0":{"name":"(anonymous_1)","decl":{"start":{"line":14,"column":2},"end":{"line":14,"column":7}},"loc":{"start":{"line":14,"column":58},"end":{"line":23,"column":3}}}},"branchMap":{},"s":{"0":4,"1":4,"2":4,"3":2,"4":2,"5":2,"6":4,"7":4},"f":{"0":2},"b":{}}
,"C:\\Users\\telma\\OneDrive\\Área de Trabalho\\VSCode\\Novo-backend\\src\\services\\tools\\minio-client.service.ts": {"path":"C:\\Users\\telma\\OneDrive\\Área de Trabalho\\VSCode\\Novo-backend\\src\\services\\tools\\minio-client.service.ts","statementMap":{"0":{"start":{"line":1,"column":0},"end":{"line":1,"column":null}},"1":{"start":{"line":7,"column":0},"end":{"line":7,"column":47}},"2":{"start":{"line":8,"column":0},"end":{"line":8,"column":51}},"3":{"start":{"line":9,"column":0},"end":{"line":9,"column":31}},"4":{"start":{"line":18,"column":31},"end":{"line":155,"column":null}},"5":{"start":{"line":19,"column":28},"end":{"line":19,"column":63}},"6":{"start":{"line":24,"column":21},"end":{"line":24,"column":28}},"7":{"start":{"line":25,"column":21},"end":{"line":25,"column":36}},"8":{"start":{"line":27,"column":4},"end":{"line":28,"column":65}},"9":{"start":{"line":30,"column":4},"end":{"line":32,"column":5}},"10":{"start":{"line":31,"column":6},"end":{"line":31,"column":64}},"11":{"start":{"line":34,"column":4},"end":{"line":42,"column":7}},"12":{"start":{"line":50,"column":22},"end":{"line":50,"column":71}},"13":{"start":{"line":52,"column":4},"end":{"line":59,"column":5}},"14":{"start":{"line":54,"column":36},"end":{"line":54,"column":51}},"15":{"start":{"line":56,"column":6},"end":{"line":58,"column":8}},"16":{"start":{"line":61,"column":21},"end":{"line":61,"column":55}},"17":{"start":{"line":62,"column":21},"end":{"line":62,"column":54}},"18":{"start":{"line":64,"column":4},"end":{"line":79,"column":5}},"19":{"start":{"line":65,"column":6},"end":{"line":71,"column":8}},"20":{"start":{"line":73,"column":6},"end":{"line":73,"column":26}},"21":{"start":{"line":75,"column":6},"end":{"line":75,"column":31}},"22":{"start":{"line":76,"column":6},"end":{"line":78,"column":8}},"23":{"start":{"line":83,"column":4},"end":{"line":103,"column":7}},"24":{"start":{"line":84,"column":35},"end":{"line":84,"column":37}},"25":{"start":{"line":85,"column":21},"end":{"line":85,"column":77}},"26":{"start":{"line":87,"column":6},"end":{"line":99,"column":9}},"27":{"start":{"line":88,"column":29},"end":{"line":88,"column":54}},"28":{"start":{"line":90,"column":10},"end":{"line":90,"column":64}},"29":{"start":{"line":92,"column":8},"end":{"line":98,"column":11}},"30":{"start":{"line":101,"column":6},"end":{"line":101,"column":48}},"31":{"start":{"line":101,"column":29},"end":{"line":101,"column":46}},"32":{"start":{"line":102,"column":6},"end":{"line":102,"column":47}},"33":{"start":{"line":102,"column":34},"end":{"line":102,"column":45}},"34":{"start":{"line":110,"column":4},"end":{"line":120,"column":5}},"35":{"start":{"line":111,"column":6},"end":{"line":115,"column":8}},"36":{"start":{"line":117,"column":6},"end":{"line":119,"column":8}},"37":{"start":{"line":124,"column":4},"end":{"line":128,"column":5}},"38":{"start":{"line":125,"column":6},"end":{"line":125,"column":70}},"39":{"start":{"line":127,"column":6},"end":{"line":127,"column":78}},"40":{"start":{"line":136,"column":21},"end":{"line":136,"column":49}},"41":{"start":{"line":138,"column":4},"end":{"line":153,"column":5}},"42":{"start":{"line":139,"column":6},"end":{"line":145,"column":8}},"43":{"start":{"line":147,"column":6},"end":{"line":147,"column":26}},"44":{"start":{"line":149,"column":6},"end":{"line":149,"column":31}},"45":{"start":{"line":150,"column":6},"end":{"line":152,"column":8}},"46":{"start":{"line":18,"column":13},"end":{"line":18,"column":31}},"47":{"start":{"line":18,"column":13},"end":{"line":155,"column":null}}},"fnMap":{"0":{"name":"(anonymous_2)","decl":{"start":{"line":23,"column":2},"end":{"line":23,"column":null}},"loc":{"start":{"line":25,"column":49},"end":{"line":43,"column":3}}},"1":{"name":"(anonymous_3)","decl":{"start":{"line":45,"column":9},"end":{"line":45,"column":14}},"loc":{"start":{"line":48,"column":26},"end":{"line":80,"column":3}}},"2":{"name":"(anonymous_4)","decl":{"start":{"line":54,"column":29},"end":{"line":54,"column":30}},"loc":{"start":{"line":54,"column":36},"end":{"line":54,"column":51}}},"3":{"name":"(anonymous_5)","decl":{"start":{"line":82,"column":9},"end":{"line":82,"column":14}},"loc":{"start":{"line":82,"column":24},"end":{"line":104,"column":3}}},"4":{"name":"(anonymous_6)","decl":{"start":{"line":83,"column":23},"end":{"line":83,"column":24}},"loc":{"start":{"line":83,"column":43},"end":{"line":103,"column":5}}},"5":{"name":"(anonymous_7)","decl":{"start":{"line":87,"column":24},"end":{"line":87,"column":25}},"loc":{"start":{"line":87,"column":32},"end":{"line":99,"column":7}}},"6":{"name":"(anonymous_8)","decl":{"start":{"line":101,"column":23},"end":{"line":101,"column":26}},"loc":{"start":{"line":101,"column":29},"end":{"line":101,"column":46}}},"7":{"name":"(anonymous_9)","decl":{"start":{"line":102,"column":25},"end":{"line":102,"column":26}},"loc":{"start":{"line":102,"column":34},"end":{"line":102,"column":45}}},"8":{"name":"(anonymous_10)","decl":{"start":{"line":106,"column":9},"end":{"line":106,"column":14}},"loc":{"start":{"line":108,"column":28},"end":{"line":121,"column":3}}},"9":{"name":"(anonymous_11)","decl":{"start":{"line":123,"column":9},"end":{"line":123,"column":14}},"loc":{"start":{"line":123,"column":42},"end":{"line":129,"column":3}}},"10":{"name":"(anonymous_12)","decl":{"start":{"line":131,"column":9},"end":{"line":131,"column":14}},"loc":{"start":{"line":134,"column":20},"end":{"line":154,"column":3}}}},"branchMap":{"0":{"loc":{"start":{"line":30,"column":4},"end":{"line":32,"column":5}},"type":"if","locations":[{"start":{"line":30,"column":4},"end":{"line":32,"column":5}}]},"1":{"loc":{"start":{"line":39,"column":8},"end":{"line":39,"column":74}},"type":"binary-expr","locations":[{"start":{"line":39,"column":8},"end":{"line":39,"column":58}},{"start":{"line":39,"column":62},"end":{"line":39,"column":74}}]},"2":{"loc":{"start":{"line":41,"column":8},"end":{"line":41,"column":74}},"type":"binary-expr","locations":[{"start":{"line":41,"column":8},"end":{"line":41,"column":58}},{"start":{"line":41,"column":62},"end":{"line":41,"column":74}}]},"3":{"loc":{"start":{"line":52,"column":4},"end":{"line":59,"column":5}},"type":"if","locations":[{"start":{"line":52,"column":4},"end":{"line":59,"column":5}}]},"4":{"loc":{"start":{"line":53,"column":6},"end":{"line":54,"column":72}},"type":"binary-expr","locations":[{"start":{"line":53,"column":6},"end":{"line":53,"column":16}},{"start":{"line":54,"column":6},"end":{"line":54,"column":72}}]},"5":{"loc":{"start":{"line":90,"column":10},"end":{"line":90,"column":64}},"type":"binary-expr","locations":[{"start":{"line":90,"column":10},"end":{"line":90,"column":26}},{"start":{"line":90,"column":30},"end":{"line":90,"column":64}}]},"6":{"loc":{"start":{"line":94,"column":20},"end":{"line":96,"column":22}},"type":"cond-expr","locations":[{"start":{"line":95,"column":14},"end":{"line":95,"column":49}},{"start":{"line":96,"column":14},"end":{"line":96,"column":22}}]},"7":{"loc":{"start":{"line":97,"column":21},"end":{"line":97,"column":77}},"type":"cond-expr","locations":[{"start":{"line":97,"column":36},"end":{"line":97,"column":72}},{"start":{"line":97,"column":75},"end":{"line":97,"column":77}}]},"8":{"loc":{"start":{"line":108,"column":4},"end":{"line":108,"column":28}},"type":"default-arg","locations":[{"start":{"line":108,"column":21},"end":{"line":108,"column":28}}]}},"s":{"0":13,"1":13,"2":13,"3":13,"4":13,"5":0,"6":0,"7":0,"8":0,"9":0,"10":0,"11":0,"12":0,"13":0,"14":0,"15":0,"16":0,"17":0,"18":0,"19":0,"20":0,"21":0,"22":0,"23":0,"24":0,"25":0,"26":0,"27":0,"28":0,"29":0,"30":0,"31":0,"32":0,"33":0,"34":0,"35":0,"36":0,"37":0,"38":0,"39":0,"40":0,"41":0,"42":0,"43":0,"44":0,"45":0,"46":13,"47":13},"f":{"0":0,"1":0,"2":0,"3":0,"4":0,"5":0,"6":0,"7":0,"8":0,"9":0,"10":0},"b":{"0":[0],"1":[0,0],"2":[0,0],"3":[0],"4":[0,0],"5":[0,0],"6":[0,0],"7":[0,0],"8":[0]}}
,"C:\\Users\\telma\\OneDrive\\Área de Trabalho\\VSCode\\Novo-backend\\src\\services\\tools\\pdf-generator.service.ts": {"path":"C:\\Users\\telma\\OneDrive\\Área de Trabalho\\VSCode\\Novo-backend\\src\\services\\tools\\pdf-generator.service.ts","statementMap":{"0":{"start":{"line":1,"column":0},"end":{"line":1,"column":74}},"1":{"start":{"line":2,"column":0},"end":{"line":2,"column":39}},"2":{"start":{"line":3,"column":0},"end":{"line":3,"column":33}},"3":{"start":{"line":6,"column":7},"end":{"line":114,"column":null}},"4":{"start":{"line":8,"column":48},"end":{"line":8,"column":52}},"5":{"start":{"line":10,"column":8},"end":{"line":46,"column":9}},"6":{"start":{"line":11,"column":32},"end":{"line":11,"column":61}},"7":{"start":{"line":13,"column":12},"end":{"line":16,"column":15}},"8":{"start":{"line":18,"column":25},"end":{"line":18,"column":48}},"9":{"start":{"line":20,"column":29},"end":{"line":20,"column":64}},"10":{"start":{"line":22,"column":12},"end":{"line":24,"column":15}},"11":{"start":{"line":26,"column":30},"end":{"line":35,"column":14}},"12":{"start":{"line":37,"column":12},"end":{"line":37,"column":42}},"13":{"start":{"line":39,"column":12},"end":{"line":41,"column":14}},"14":{"start":{"line":43,"column":12},"end":{"line":45,"column":13}},"15":{"start":{"line":44,"column":16},"end":{"line":44,"column":38}},"16":{"start":{"line":50,"column":8},"end":{"line":112,"column":6}},"17":{"start":{"line":6,"column":13},"end":{"line":6,"column":32}},"18":{"start":{"line":6,"column":13},"end":{"line":114,"column":null}}},"fnMap":{"0":{"name":"(anonymous_1)","decl":{"start":{"line":7,"column":11},"end":{"line":7,"column":16}},"loc":{"start":{"line":7,"column":49},"end":{"line":47,"column":5}}},"1":{"name":"(anonymous_2)","decl":{"start":{"line":49,"column":12},"end":{"line":49,"column":29}},"loc":{"start":{"line":49,"column":45},"end":{"line":113,"column":5}}}},"branchMap":{"0":{"loc":{"start":{"line":43,"column":12},"end":{"line":45,"column":13}},"type":"if","locations":[{"start":{"line":43,"column":12},"end":{"line":45,"column":13}}]}},"s":{"0":4,"1":4,"2":4,"3":4,"4":3,"5":3,"6":3,"7":3,"8":3,"9":3,"10":3,"11":3,"12":1,"13":2,"14":3,"15":3,"16":3,"17":4,"18":4},"f":{"0":3,"1":3},"b":{"0":[3]}}
,"C:\\Users\\telma\\OneDrive\\Área de Trabalho\\VSCode\\Novo-backend\\src\\services\\tools\\template-engine.service.ts": {"path":"C:\\Users\\telma\\OneDrive\\Área de Trabalho\\VSCode\\Novo-backend\\src\\services\\tools\\template-engine.service.ts","statementMap":{"0":{"start":{"line":1,"column":0},"end":{"line":1,"column":44}},"1":{"start":{"line":4,"column":7},"end":{"line":15,"column":null}},"2":{"start":{"line":6,"column":8},"end":{"line":9,"column":11}},"3":{"start":{"line":7,"column":26},"end":{"line":7,"column":53}},"4":{"start":{"line":8,"column":12},"end":{"line":8,"column":78}},"5":{"start":{"line":13,"column":8},"end":{"line":13,"column":71}},"6":{"start":{"line":13,"column":53},"end":{"line":13,"column":64}},"7":{"start":{"line":4,"column":13},"end":{"line":4,"column":34}},"8":{"start":{"line":4,"column":13},"end":{"line":15,"column":null}}},"fnMap":{"0":{"name":"(anonymous_1)","decl":{"start":{"line":5,"column":4},"end":{"line":5,"column":9}},"loc":{"start":{"line":5,"column":53},"end":{"line":10,"column":5}}},"1":{"name":"(anonymous_2)","decl":{"start":{"line":6,"column":55},"end":{"line":6,"column":56}},"loc":{"start":{"line":6,"column":66},"end":{"line":9,"column":9}}},"2":{"name":"(anonymous_3)","decl":{"start":{"line":12,"column":12},"end":{"line":12,"column":23}},"loc":{"start":{"line":12,"column":62},"end":{"line":14,"column":5}}},"3":{"name":"(anonymous_4)","decl":{"start":{"line":13,"column":38},"end":{"line":13,"column":39}},"loc":{"start":{"line":13,"column":53},"end":{"line":13,"column":64}}}},"branchMap":{"0":{"loc":{"start":{"line":8,"column":19},"end":{"line":8,"column":77}},"type":"cond-expr","locations":[{"start":{"line":8,"column":59},"end":{"line":8,"column":72}},{"start":{"line":8,"column":75},"end":{"line":8,"column":77}}]},"1":{"loc":{"start":{"line":8,"column":19},"end":{"line":8,"column":56}},"type":"binary-expr","locations":[{"start":{"line":8,"column":19},"end":{"line":8,"column":38}},{"start":{"line":8,"column":42},"end":{"line":8,"column":56}}]}},"s":{"0":5,"1":5,"2":6,"3":7,"4":7,"5":7,"6":10,"7":5,"8":5},"f":{"0":6,"1":7,"2":7,"3":10},"b":{"0":[5,2],"1":[7,5]}}
}
