TN:
SF:src\main.ts
FN:8,bootstrap
FN:44,(anonymous_1)
FNF:2
FNH:1
FNDA:1,bootstrap
FNDA:0,(anonymous_1)
DA:1,1
DA:2,1
DA:3,1
DA:4,1
DA:5,1
DA:6,1
DA:9,1
DA:11,1
DA:13,1
DA:15,1
DA:24,1
DA:30,1
DA:44,1
DA:45,1
DA:46,1
DA:48,1
LF:16
LH:16
BRDA:46,0,0,1
BRDA:46,0,1,1
BRF:2
BRH:2
end_of_record
TN:
SF:src\common\database\prisma.service.ts
FN:6,(anonymous_1)
FN:10,(anonymous_2)
FNF:2
FNH:2
FNDA:1,(anonymous_1)
FNDA:1,(anonymous_2)
DA:1,54
DA:2,54
DA:5,54
DA:7,1
DA:11,1
LF:5
LH:5
BRF:0
BRH:0
end_of_record
TN:
SF:src\common\decorators\current.user.decorator.ts
FN:5,(anonymous_0)
FNF:1
FNH:1
FNDA:2,(anonymous_0)
DA:1,26
DA:4,26
DA:6,2
DA:7,2
LF:4
LH:4
BRF:0
BRH:0
end_of_record
TN:
SF:src\common\decorators\index.ts
FNF:0
FNH:0
DA:1,24
DA:2,24
DA:3,24
DA:4,24
LF:4
LH:4
BRF:0
BRH:0
end_of_record
TN:
SF:src\common\decorators\is-public.decorator.ts
FN:4,(anonymous_0)
FNF:1
FNH:1
FNDA:6,(anonymous_0)
DA:1,24
DA:3,24
DA:4,24
LF:3
LH:3
BRF:0
BRH:0
end_of_record
TN:
SF:src\common\decorators\roles.decorator.ts
FN:4,(anonymous_0)
FNF:1
FNH:1
FNDA:2,(anonymous_0)
DA:1,25
DA:3,25
DA:4,25
LF:3
LH:3
BRF:0
BRH:0
end_of_record
TN:
SF:src\common\decorators\skip-uppercase.decorator.ts
FN:3,(anonymous_0)
FN:4,(anonymous_1)
FNF:2
FNH:2
FNDA:51,(anonymous_0)
FNDA:51,(anonymous_1)
DA:1,24
DA:3,24
DA:4,51
DA:5,51
LF:4
LH:4
BRF:0
BRH:0
end_of_record
TN:
SF:src\common\filters\all-exceptions.filters.ts
FN:15,(anonymous_1)
FNF:1
FNH:1
FNDA:3,(anonymous_1)
DA:1,2
DA:12,2
DA:13,4
DA:16,3
DA:17,3
DA:18,3
DA:23,3
DA:24,1
DA:25,1
DA:26,2
DA:27,1
DA:28,1
DA:30,1
DA:31,1
DA:32,1
DA:38,3
LF:16
LH:16
BRDA:23,0,0,1
BRDA:23,0,1,2
BRDA:25,1,0,1
BRDA:25,1,1,0
BRDA:26,2,0,1
BRDA:26,2,1,1
BRF:6
BRH:5
end_of_record
TN:
SF:src\common\guards\index.ts
FNF:0
FNH:0
DA:1,1
DA:2,1
DA:3,1
LF:3
LH:3
BRF:0
BRH:0
end_of_record
TN:
SF:src\common\guards\jwt-auth.guard.ts
FN:12,(anonymous_2)
FN:16,(anonymous_3)
FN:34,(anonymous_4)
FNF:3
FNH:3
FNDA:10,(anonymous_2)
FNDA:4,(anonymous_3)
FNDA:2,(anonymous_4)
DA:1,11
DA:6,11
DA:7,11
DA:8,11
DA:11,11
DA:12,10
DA:13,10
DA:17,4
DA:22,4
DA:23,1
DA:26,3
DA:28,3
DA:29,1
DA:32,2
DA:34,2
DA:35,2
DA:36,1
DA:39,1
LF:18
LH:18
BRDA:22,0,0,1
BRDA:28,1,0,1
BRDA:35,2,0,1
BRF:3
BRH:3
end_of_record
TN:
SF:src\common\guards\local-auth.guard.ts
FN:10,(anonymous_1)
FN:14,(anonymous_2)
FNF:2
FNH:1
FNDA:0,(anonymous_1)
FNDA:4,(anonymous_2)
DA:1,2
DA:6,2
DA:9,2
DA:11,0
DA:15,4
DA:16,3
DA:19,1
LF:7
LH:6
BRDA:15,0,0,3
BRDA:15,1,0,4
BRDA:15,1,1,2
BRF:3
BRH:3
end_of_record
TN:
SF:src\common\guards\roles.guard.ts
FN:19,(anonymous_2)
FN:24,(anonymous_3)
FNF:2
FNH:2
FNDA:4,(anonymous_2)
FNDA:4,(anonymous_3)
DA:1,14
DA:7,14
DA:9,14
DA:10,14
DA:18,14
DA:20,4
DA:21,4
DA:26,4
DA:31,4
DA:35,4
DA:39,4
DA:40,1
DA:43,3
DA:45,3
DA:47,3
DA:48,1
DA:51,2
DA:52,1
DA:55,1
LF:19
LH:19
BRDA:26,0,0,4
BRDA:26,0,1,1
BRDA:31,1,0,4
BRDA:31,1,1,1
BRDA:39,2,0,1
BRDA:47,3,0,1
BRDA:51,4,0,1
BRF:7
BRH:7
end_of_record
TN:
SF:src\common\guards\strategies\jwt.strategy.ts
FN:8,(anonymous_2)
FN:16,(anonymous_3)
FNF:2
FNH:2
FNDA:1,(anonymous_2)
FNDA:1,(anonymous_3)
DA:1,1
DA:2,1
DA:3,1
DA:7,1
DA:9,1
DA:17,1
LF:6
LH:6
BRF:0
BRH:0
end_of_record
TN:
SF:src\common\guards\strategies\local.strategy.ts
FN:8,(anonymous_2)
FN:12,(anonymous_3)
FNF:2
FNH:2
FNDA:1,(anonymous_2)
FNDA:1,(anonymous_3)
DA:1,1
DA:2,1
DA:3,1
DA:4,1
DA:7,1
DA:8,1
DA:9,1
DA:13,1
LF:8
LH:8
BRF:0
BRH:0
end_of_record
TN:
SF:src\common\middlewares\login-validation.middleware.ts
FN:12,(anonymous_1)
FN:23,(anonymous_2)
FNF:2
FNH:2
FNDA:4,(anonymous_1)
FNDA:3,(anonymous_2)
DA:1,1
DA:6,1
DA:8,1
DA:11,1
DA:13,4
DA:15,4
DA:16,4
DA:17,4
DA:19,4
DA:21,4
DA:22,3
DA:24,3
DA:29,1
LF:13
LH:13
BRDA:21,0,0,3
BRDA:24,1,0,3
BRDA:24,1,1,0
BRF:3
BRH:2
end_of_record
TN:
SF:src\common\pipes\uppercase-global.pipe.ts
FN:6,(anonymous_1)
FNF:1
FNH:1
FNDA:2,(anonymous_1)
DA:1,2
DA:2,2
DA:5,2
DA:7,2
DA:9,2
DA:11,2
DA:12,4
DA:14,4
DA:16,3
DA:18,2
DA:20,2
DA:22,1
DA:25,2
LF:13
LH:13
BRDA:7,0,0,0
BRDA:7,1,0,2
BRDA:7,1,1,2
BRDA:9,2,0,2
BRDA:9,2,1,0
BRDA:14,3,0,1
BRDA:16,4,0,1
BRDA:20,5,0,1
BRDA:22,6,0,1
BRF:9
BRH:7
end_of_record
TN:
SF:src\contracts\pagination\prisma.utils.ts
FN:19,parseBoolean
FN:36,buildDynamicWhere
FNF:2
FNH:2
FNDA:3,parseBoolean
FNDA:11,buildDynamicWhere
DA:13,27
DA:20,3
DA:22,3
DA:25,3
DA:28,3
DA:30,3
DA:31,2
DA:33,1
DA:36,27
DA:41,11
DA:42,11
DA:45,11
DA:48,9
DA:50,9
DA:51,17
DA:52,17
DA:55,17
DA:58,14
DA:59,1
DA:60,1
DA:61,1
DA:65,13
DA:66,13
DA:67,2
DA:68,1
DA:70,2
DA:74,11
DA:75,1
DA:76,1
DA:77,1
DA:81,10
DA:82,3
DA:83,3
DA:84,2
DA:86,3
DA:90,7
DA:91,2
DA:92,2
DA:93,2
DA:97,5
DA:98,2
DA:99,2
DA:100,1
DA:101,1
DA:102,1
DA:104,2
DA:108,3
DA:111,9
LF:48
LH:48
BRDA:20,0,0,0
BRDA:30,1,0,1
BRDA:31,2,0,1
BRDA:38,3,0,4
BRDA:39,4,0,5
BRDA:42,5,0,1
BRDA:42,6,0,1
BRDA:45,7,0,2
BRDA:45,8,0,11
BRDA:45,8,1,9
BRDA:55,9,0,3
BRDA:55,10,0,17
BRDA:55,10,1,16
BRDA:55,10,2,16
BRDA:58,11,0,1
BRDA:58,12,0,14
BRDA:58,12,1,1
BRDA:65,13,0,13
BRDA:65,13,1,12
BRDA:66,14,0,2
BRDA:67,15,0,1
BRDA:74,16,0,1
BRDA:81,17,0,3
BRDA:83,18,0,2
BRDA:90,19,0,2
BRDA:92,20,0,1
BRDA:97,21,0,2
BRDA:99,22,0,1
BRF:28
BRH:27
end_of_record
TN:
SF:src\controllers\app.controller.ts
FN:29,(anonymous_4)
FN:36,(anonymous_5)
FN:51,(anonymous_6)
FN:88,(anonymous_7)
FN:104,(anonymous_8)
FN:113,(anonymous_9)
FNF:6
FNH:6
FNDA:6,(anonymous_4)
FNDA:1,(anonymous_5)
FNDA:1,(anonymous_6)
FNDA:2,(anonymous_7)
FNDA:1,(anonymous_8)
FNDA:1,(anonymous_9)
DA:1,1
DA:13,1
DA:14,1
DA:21,1
DA:22,1
DA:23,1
DA:24,1
DA:25,1
DA:28,1
DA:30,6
DA:31,6
DA:36,1
DA:37,1
DA:51,1
DA:59,1
DA:60,1
DA:88,1
DA:89,2
DA:90,1
DA:92,1
DA:93,1
DA:104,1
DA:105,1
DA:106,1
DA:113,1
DA:114,1
DA:115,1
LF:27
LH:27
BRDA:89,0,0,1
BRF:1
BRH:1
end_of_record
TN:
SF:src\controllers\auth\auth.controller.ts
FN:33,(anonymous_4)
FN:54,(anonymous_5)
FN:72,(anonymous_6)
FNF:3
FNH:3
FNDA:3,(anonymous_4)
FNDA:1,(anonymous_5)
FNDA:3,(anonymous_6)
DA:1,1
DA:8,1
DA:20,1
DA:21,1
DA:22,1
DA:23,1
DA:24,1
DA:25,1
DA:26,1
DA:30,1
DA:31,3
DA:34,3
DA:35,3
DA:54,1
DA:55,1
DA:72,1
DA:75,3
DA:76,3
DA:79,1
DA:85,2
DA:86,2
LF:21
LH:21
BRF:0
BRH:0
end_of_record
TN:
SF:src\controllers\auth\user.controller.ts
FN:34,(anonymous_4)
FN:46,(anonymous_5)
FN:62,(anonymous_6)
FN:79,(anonymous_7)
FN:100,(anonymous_8)
FN:121,(anonymous_9)
FN:143,(anonymous_10)
FN:160,(anonymous_11)
FNF:8
FNH:8
FNDA:7,(anonymous_4)
FNDA:1,(anonymous_5)
FNDA:1,(anonymous_6)
FNDA:1,(anonymous_7)
FNDA:1,(anonymous_8)
FNDA:1,(anonymous_9)
FNDA:1,(anonymous_10)
FNDA:1,(anonymous_11)
DA:1,1
DA:9,1
DA:22,1
DA:23,1
DA:24,1
DA:25,1
DA:26,1
DA:28,1
DA:33,1
DA:34,7
DA:46,1
DA:49,1
DA:62,1
DA:66,1
DA:79,1
DA:83,1
DA:100,1
DA:104,1
DA:121,1
DA:126,1
DA:143,1
DA:147,1
DA:160,1
DA:164,1
LF:24
LH:24
BRF:0
BRH:0
end_of_record
TN:
SF:src\controllers\charges\charge.controller.ts
FN:28,(anonymous_4)
FN:33,(anonymous_5)
FN:45,(anonymous_6)
FN:57,(anonymous_7)
FN:66,(anonymous_8)
FN:76,(anonymous_9)
FN:85,(anonymous_10)
FNF:7
FNH:7
FNDA:6,(anonymous_4)
FNDA:1,(anonymous_5)
FNDA:1,(anonymous_6)
FNDA:1,(anonymous_7)
FNDA:1,(anonymous_8)
FNDA:1,(anonymous_9)
FNDA:1,(anonymous_10)
DA:1,1
DA:14,1
DA:15,1
DA:16,1
DA:17,1
DA:18,1
DA:19,1
DA:21,1
DA:27,1
DA:28,6
DA:33,1
DA:36,1
DA:45,1
DA:51,1
DA:57,1
DA:60,1
DA:66,1
DA:70,1
DA:76,1
DA:79,1
DA:85,1
DA:88,1
LF:22
LH:22
BRF:0
BRH:0
end_of_record
TN:
SF:src\controllers\charges\charges-payment.controller.ts
FN:28,(anonymous_4)
FN:47,(anonymous_5)
FN:59,(anonymous_6)
FN:68,(anonymous_7)
FN:79,(anonymous_8)
FN:103,(anonymous_9)
FN:116,(anonymous_10)
FNF:7
FNH:7
FNDA:7,(anonymous_4)
FNDA:2,(anonymous_5)
FNDA:1,(anonymous_6)
FNDA:1,(anonymous_7)
FNDA:1,(anonymous_8)
FNDA:1,(anonymous_9)
FNDA:1,(anonymous_10)
DA:1,1
DA:15,1
DA:16,1
DA:17,1
DA:18,1
DA:19,1
DA:20,1
DA:21,1
DA:27,1
DA:28,7
DA:47,1
DA:53,2
DA:59,1
DA:62,1
DA:68,1
DA:73,1
DA:79,1
DA:84,1
DA:103,1
DA:110,1
DA:116,1
DA:121,1
LF:22
LH:22
BRF:0
BRH:0
end_of_record
TN:
SF:src\controllers\charges\interest-calculator.controller.ts
FN:25,(anonymous_4)
FN:34,(anonymous_5)
FNF:2
FNH:2
FNDA:1,(anonymous_4)
FNDA:1,(anonymous_5)
DA:1,1
DA:9,1
DA:10,1
DA:11,1
DA:12,1
DA:16,1
DA:18,1
DA:24,1
DA:25,1
DA:34,1
DA:35,1
LF:11
LH:11
BRF:0
BRH:0
end_of_record
TN:
SF:src\controllers\condominiums\condominium.controller.ts
FN:34,(anonymous_4)
FN:46,(anonymous_5)
FN:60,(anonymous_6)
FN:78,(anonymous_7)
FN:96,(anonymous_8)
FN:115,(anonymous_9)
FN:132,(anonymous_10)
FNF:7
FNH:6
FNDA:5,(anonymous_4)
FNDA:1,(anonymous_5)
FNDA:0,(anonymous_6)
FNDA:1,(anonymous_7)
FNDA:1,(anonymous_8)
FNDA:1,(anonymous_9)
FNDA:1,(anonymous_10)
DA:1,1
DA:13,1
DA:21,1
DA:22,1
DA:23,1
DA:24,1
DA:26,1
DA:27,1
DA:28,1
DA:33,1
DA:34,5
DA:46,1
DA:47,1
DA:60,1
DA:63,0
DA:78,1
DA:79,1
DA:96,1
DA:97,1
DA:115,1
DA:119,1
DA:132,1
DA:133,1
LF:23
LH:22
BRF:0
BRH:0
end_of_record
TN:
SF:src\controllers\condominiums\expense.controller.ts
FN:29,(anonymous_4)
FN:34,(anonymous_5)
FN:41,(anonymous_6)
FN:55,(anonymous_7)
FN:64,(anonymous_8)
FN:71,(anonymous_9)
FN:78,(anonymous_10)
FNF:7
FNH:0
FNDA:0,(anonymous_4)
FNDA:0,(anonymous_5)
FNDA:0,(anonymous_6)
FNDA:0,(anonymous_7)
FNDA:0,(anonymous_8)
FNDA:0,(anonymous_9)
FNDA:0,(anonymous_10)
DA:1,0
DA:14,0
DA:15,0
DA:16,0
DA:17,0
DA:18,0
DA:20,0
DA:21,0
DA:22,0
DA:28,0
DA:29,0
DA:34,0
DA:35,0
DA:41,0
DA:42,0
DA:55,0
DA:58,0
DA:64,0
DA:65,0
DA:71,0
DA:72,0
DA:78,0
DA:79,0
LF:23
LH:0
BRF:0
BRH:0
end_of_record
TN:
SF:src\controllers\condominiums\property-documents.controller.ts
FN:22,(anonymous_4)
FN:41,(anonymous_5)
FN:53,(anonymous_6)
FN:63,(anonymous_7)
FN:74,(anonymous_8)
FN:85,(anonymous_9)
FNF:6
FNH:6
FNDA:5,(anonymous_4)
FNDA:1,(anonymous_5)
FNDA:1,(anonymous_6)
FNDA:1,(anonymous_7)
FNDA:1,(anonymous_8)
FNDA:1,(anonymous_9)
DA:1,1
DA:13,1
DA:14,1
DA:15,1
DA:21,1
DA:22,5
DA:41,1
DA:46,1
DA:47,1
DA:53,1
DA:57,1
DA:63,1
DA:68,1
DA:74,1
DA:79,1
DA:85,1
DA:90,1
LF:17
LH:17
BRDA:46,0,0,0
BRF:1
BRH:0
end_of_record
TN:
SF:src\controllers\condominiums\property-inspections.controller.ts
FN:21,(anonymous_4)
FN:40,(anonymous_5)
FN:52,(anonymous_6)
FN:62,(anonymous_7)
FN:73,(anonymous_8)
FN:84,(anonymous_9)
FNF:6
FNH:5
FNDA:4,(anonymous_4)
FNDA:1,(anonymous_5)
FNDA:1,(anonymous_6)
FNDA:1,(anonymous_7)
FNDA:0,(anonymous_8)
FNDA:1,(anonymous_9)
DA:1,1
DA:13,1
DA:14,1
DA:15,1
DA:20,1
DA:21,4
DA:40,1
DA:45,1
DA:46,1
DA:52,1
DA:56,1
DA:62,1
DA:67,1
DA:73,1
DA:78,0
DA:84,1
DA:89,1
LF:17
LH:16
BRDA:45,0,0,0
BRF:1
BRH:0
end_of_record
TN:
SF:src\controllers\condominiums\property.controller.ts
FN:33,(anonymous_4)
FN:44,(anonymous_5)
FN:58,(anonymous_6)
FN:76,(anonymous_7)
FN:91,(anonymous_8)
FN:106,(anonymous_9)
FN:120,(anonymous_10)
FNF:7
FNH:6
FNDA:5,(anonymous_4)
FNDA:1,(anonymous_5)
FNDA:0,(anonymous_6)
FNDA:1,(anonymous_7)
FNDA:1,(anonymous_8)
FNDA:1,(anonymous_9)
FNDA:1,(anonymous_10)
DA:1,1
DA:13,1
DA:22,1
DA:23,1
DA:25,1
DA:26,1
DA:27,1
DA:32,1
DA:33,5
DA:44,1
DA:45,1
DA:58,1
DA:62,0
DA:76,1
DA:77,1
DA:91,1
DA:92,1
DA:106,1
DA:107,1
DA:120,1
DA:121,1
LF:21
LH:20
BRF:0
BRH:0
end_of_record
TN:
SF:src\controllers\contract.templates\contract.template.controller.ts
FN:15,(anonymous_4)
FN:23,(anonymous_5)
FN:39,(anonymous_6)
FN:47,(anonymous_7)
FN:55,(anonymous_8)
FN:63,(anonymous_9)
FN:71,(anonymous_10)
FNF:7
FNH:6
FNDA:5,(anonymous_4)
FNDA:1,(anonymous_5)
FNDA:0,(anonymous_6)
FNDA:1,(anonymous_7)
FNDA:1,(anonymous_8)
FNDA:1,(anonymous_9)
FNDA:1,(anonymous_10)
DA:1,1
DA:2,1
DA:4,1
DA:5,1
DA:7,1
DA:8,1
DA:9,1
DA:14,1
DA:15,5
DA:23,1
DA:26,1
DA:39,1
DA:43,0
DA:47,1
DA:51,1
DA:55,1
DA:59,1
DA:63,1
DA:67,1
DA:71,1
DA:74,1
LF:21
LH:20
BRF:0
BRH:0
end_of_record
TN:
SF:src\controllers\contracts\contract.controller.ts
FN:37,(anonymous_4)
FN:52,(anonymous_5)
FN:66,(anonymous_6)
FN:84,(anonymous_7)
FN:114,(anonymous_8)
FN:139,(anonymous_9)
FN:157,(anonymous_10)
FN:184,(anonymous_11)
FNF:8
FNH:3
FNDA:2,(anonymous_4)
FNDA:1,(anonymous_5)
FNDA:0,(anonymous_6)
FNDA:1,(anonymous_7)
FNDA:0,(anonymous_8)
FNDA:0,(anonymous_9)
FNDA:0,(anonymous_10)
FNDA:0,(anonymous_11)
DA:1,1
DA:15,1
DA:16,1
DA:24,1
DA:25,1
DA:26,1
DA:28,1
DA:29,1
DA:30,1
DA:31,1
DA:36,1
DA:38,2
DA:39,2
DA:52,1
DA:53,1
DA:66,1
DA:70,0
DA:84,1
DA:88,1
DA:114,1
DA:121,0
DA:139,1
DA:144,0
DA:157,1
DA:161,0
DA:184,1
DA:187,0
LF:27
LH:22
BRF:0
BRH:0
end_of_record
TN:
SF:src\controllers\employees\employee-benefits.controller.ts
FN:35,(anonymous_4)
FN:41,(anonymous_5)
FN:58,(anonymous_6)
FN:68,(anonymous_7)
FN:75,(anonymous_8)
FN:82,(anonymous_9)
FNF:6
FNH:5
FNDA:4,(anonymous_4)
FNDA:1,(anonymous_5)
FNDA:0,(anonymous_6)
FNDA:1,(anonymous_7)
FNDA:1,(anonymous_8)
FNDA:1,(anonymous_9)
DA:1,1
DA:14,1
DA:21,1
DA:22,1
DA:23,1
DA:24,1
DA:25,1
DA:26,1
DA:27,1
DA:34,1
DA:35,4
DA:41,1
DA:45,1
DA:58,1
DA:62,0
DA:68,1
DA:69,1
DA:75,1
DA:76,1
DA:82,1
DA:83,1
LF:21
LH:20
BRF:0
BRH:0
end_of_record
TN:
SF:src\controllers\employees\employee-contracts.controller.ts
FN:32,(anonymous_4)
FN:52,(anonymous_5)
FN:67,(anonymous_6)
FN:77,(anonymous_7)
FN:91,(anonymous_8)
FN:105,(anonymous_9)
FNF:6
FNH:6
FNDA:6,(anonymous_4)
FNDA:2,(anonymous_5)
FNDA:1,(anonymous_6)
FNDA:1,(anonymous_7)
FNDA:1,(anonymous_8)
FNDA:1,(anonymous_9)
DA:1,1
DA:14,1
DA:15,1
DA:22,1
DA:23,1
DA:24,1
DA:31,1
DA:32,6
DA:52,1
DA:57,2
DA:58,1
DA:67,1
DA:68,1
DA:77,1
DA:82,1
DA:91,1
DA:96,1
DA:105,1
DA:110,1
LF:19
LH:19
BRDA:57,0,0,1
BRF:1
BRH:1
end_of_record
TN:
SF:src\controllers\employees\employee-payments.controller.ts
FN:31,(anonymous_4)
FN:41,(anonymous_5)
FN:55,(anonymous_6)
FN:68,(anonymous_7)
FNF:4
FNH:4
FNDA:3,(anonymous_4)
FNDA:1,(anonymous_5)
FNDA:1,(anonymous_6)
FNDA:1,(anonymous_7)
DA:1,1
DA:12,1
DA:19,1
DA:20,1
DA:21,1
DA:22,1
DA:23,1
DA:30,1
DA:31,3
DA:41,1
DA:45,1
DA:55,1
DA:58,1
DA:68,1
DA:72,1
LF:15
LH:15
BRF:0
BRH:0
end_of_record
TN:
SF:src\controllers\employees\employee.controller.ts
FN:35,(anonymous_4)
FN:47,(anonymous_5)
FN:65,(anonymous_6)
FN:83,(anonymous_7)
FN:104,(anonymous_8)
FN:125,(anonymous_9)
FNF:6
FNH:6
FNDA:10,(anonymous_4)
FNDA:1,(anonymous_5)
FNDA:2,(anonymous_6)
FNDA:2,(anonymous_7)
FNDA:3,(anonymous_8)
FNDA:2,(anonymous_9)
DA:1,2
DA:15,2
DA:16,2
DA:25,2
DA:26,2
DA:27,2
DA:28,2
DA:29,2
DA:34,2
DA:35,10
DA:47,2
DA:51,1
DA:65,2
DA:66,2
DA:83,2
DA:84,2
DA:104,2
DA:111,3
DA:112,3
DA:125,2
DA:126,2
DA:127,2
LF:22
LH:22
BRDA:111,0,0,1
BRDA:111,0,1,2
BRF:2
BRH:2
end_of_record
TN:
SF:src\controllers\tenants\tenant.controller.ts
FN:34,(anonymous_4)
FN:46,(anonymous_5)
FN:60,(anonymous_6)
FN:78,(anonymous_7)
FN:96,(anonymous_8)
FN:115,(anonymous_9)
FN:133,(anonymous_10)
FNF:7
FNH:6
FNDA:5,(anonymous_4)
FNDA:1,(anonymous_5)
FNDA:0,(anonymous_6)
FNDA:1,(anonymous_7)
FNDA:1,(anonymous_8)
FNDA:1,(anonymous_9)
FNDA:1,(anonymous_10)
DA:1,1
DA:13,1
DA:22,1
DA:23,1
DA:24,1
DA:25,1
DA:26,1
DA:27,1
DA:33,1
DA:34,5
DA:46,1
DA:47,1
DA:60,1
DA:64,0
DA:78,1
DA:79,1
DA:96,1
DA:97,1
DA:115,1
DA:120,1
DA:133,1
DA:134,1
LF:22
LH:21
BRF:0
BRH:0
end_of_record
TN:
SF:src\repositories\auth\auth.repository.ts
FN:7,(anonymous_2)
FN:9,(anonymous_3)
FN:27,(anonymous_4)
FN:36,(anonymous_5)
FNF:4
FNH:4
FNDA:3,(anonymous_2)
FNDA:1,(anonymous_3)
FNDA:2,(anonymous_4)
FNDA:1,(anonymous_5)
DA:1,4
DA:2,4
DA:6,4
DA:7,3
DA:10,1
DA:28,2
DA:37,1
LF:7
LH:7
BRF:0
BRH:0
end_of_record
TN:
SF:src\repositories\auth\user.repository.ts
FN:11,(anonymous_2)
FN:13,(anonymous_3)
FN:33,(anonymous_4)
FN:50,(anonymous_5)
FN:59,(anonymous_6)
FN:100,(anonymous_7)
FN:131,(anonymous_8)
FN:168,(anonymous_9)
FN:186,(anonymous_10)
FN:215,(anonymous_11)
FN:222,(anonymous_12)
FNF:11
FNH:7
FNDA:6,(anonymous_2)
FNDA:1,(anonymous_3)
FNDA:0,(anonymous_4)
FNDA:0,(anonymous_5)
FNDA:0,(anonymous_6)
FNDA:1,(anonymous_7)
FNDA:1,(anonymous_8)
FNDA:1,(anonymous_9)
FNDA:1,(anonymous_10)
FNDA:0,(anonymous_11)
FNDA:1,(anonymous_12)
DA:1,5
DA:2,5
DA:7,5
DA:10,5
DA:11,6
DA:14,1
DA:34,0
DA:53,0
DA:59,0
DA:66,0
DA:89,0
DA:105,1
DA:136,1
DA:169,1
DA:187,1
DA:216,0
DA:223,1
LF:17
LH:11
BRF:0
BRH:0
end_of_record
TN:
SF:src\repositories\charges\charge-payments.repository.ts
FN:7,(anonymous_2)
FN:9,(anonymous_3)
FN:24,(anonymous_4)
FN:32,(anonymous_5)
FN:43,(anonymous_6)
FN:75,(anonymous_7)
FN:139,(anonymous_8)
FN:217,(anonymous_9)
FN:224,(anonymous_10)
FN:230,(anonymous_11)
FNF:10
FNH:8
FNDA:9,(anonymous_2)
FNDA:5,(anonymous_3)
FNDA:3,(anonymous_4)
FNDA:4,(anonymous_5)
FNDA:6,(anonymous_6)
FNDA:2,(anonymous_7)
FNDA:1,(anonymous_8)
FNDA:0,(anonymous_9)
FNDA:0,(anonymous_10)
FNDA:1,(anonymous_11)
DA:1,3
DA:2,3
DA:3,3
DA:6,3
DA:7,9
DA:10,5
DA:20,5
DA:21,4
DA:25,3
DA:28,3
DA:29,2
DA:33,4
DA:44,6
DA:49,6
DA:52,6
DA:54,5
DA:59,5
DA:63,5
DA:64,4
DA:65,3
DA:67,5
DA:68,2
DA:100,2
DA:102,2
DA:103,1
DA:107,1
DA:108,0
DA:111,1
DA:135,1
DA:136,1
DA:165,1
DA:166,1
DA:168,1
DA:169,0
DA:174,1
DA:175,1
DA:182,0
DA:183,0
DA:191,0
DA:194,1
DA:213,1
DA:214,1
DA:218,0
DA:225,0
DA:231,1
DA:232,1
DA:234,1
DA:235,0
DA:238,1
DA:243,1
DA:244,1
LF:51
LH:43
BRDA:20,0,0,1
BRDA:28,1,0,1
BRDA:49,2,0,0
BRDA:52,3,0,1
BRDA:59,4,0,5
BRDA:59,4,1,0
BRDA:63,5,0,1
BRDA:63,5,1,4
BRDA:64,6,0,1
BRDA:64,6,1,3
BRDA:67,7,0,2
BRDA:102,8,0,1
BRDA:107,9,0,0
BRDA:168,10,0,0
BRDA:174,11,0,1
BRDA:174,11,1,0
BRDA:182,12,0,0
BRDA:182,12,1,0
BRDA:214,13,0,1
BRDA:214,13,1,0
BRDA:234,14,0,0
BRF:21
BRH:12
end_of_record
TN:
SF:src\repositories\charges\charge.repository.ts
FN:10,(anonymous_2)
FN:13,(anonymous_3)
FN:15,(anonymous_4)
FN:23,(anonymous_5)
FN:31,(anonymous_6)
FN:36,(anonymous_7)
FN:67,(anonymous_8)
FN:87,(anonymous_9)
FN:100,(anonymous_10)
FN:100,(anonymous_11)
FN:114,(anonymous_12)
FN:123,(anonymous_13)
FN:133,(anonymous_14)
FN:147,(anonymous_15)
FN:151,(anonymous_16)
FN:159,(anonymous_17)
FN:168,(anonymous_18)
FNF:17
FNH:13
FNDA:0,(anonymous_2)
FNDA:8,(anonymous_3)
FNDA:3,(anonymous_4)
FNDA:2,(anonymous_5)
FNDA:5,(anonymous_6)
FNDA:6,(anonymous_7)
FNDA:3,(anonymous_8)
FNDA:1,(anonymous_9)
FNDA:2,(anonymous_10)
FNDA:0,(anonymous_11)
FNDA:4,(anonymous_12)
FNDA:2,(anonymous_13)
FNDA:1,(anonymous_14)
FNDA:0,(anonymous_15)
FNDA:1,(anonymous_16)
FNDA:1,(anonymous_17)
FNDA:0,(anonymous_18)
DA:1,3
DA:2,3
DA:3,3
DA:9,3
DA:11,0
DA:13,8
DA:16,3
DA:20,3
DA:24,2
DA:28,2
DA:32,5
DA:33,5
DA:37,6
DA:42,6
DA:45,5
DA:47,5
DA:52,5
DA:55,5
DA:56,5
DA:57,3
DA:59,3
DA:60,0
DA:68,3
DA:69,2
DA:71,1
DA:84,1
DA:88,1
DA:100,2
DA:103,1
DA:115,4
DA:121,4
DA:123,3
DA:125,3
DA:134,1
DA:136,1
DA:147,1
DA:148,1
DA:152,1
DA:153,1
DA:160,1
DA:162,1
DA:169,0
LF:42
LH:39
BRDA:20,0,0,1
BRDA:28,1,0,1
BRDA:42,2,0,1
BRDA:45,3,0,0
BRDA:52,4,0,5
BRDA:52,4,1,0
BRDA:55,5,0,0
BRDA:55,5,1,5
BRDA:56,6,0,0
BRDA:56,6,1,3
BRDA:59,7,0,0
BRDA:78,8,0,1
BRDA:78,8,1,1
BRDA:79,9,0,1
BRDA:79,9,1,1
BRDA:91,10,0,0
BRDA:91,10,1,1
BRDA:92,11,0,1
BRDA:92,11,1,0
BRDA:93,12,0,0
BRDA:93,12,1,1
BRDA:94,13,0,0
BRDA:94,13,1,1
BRDA:106,14,0,1
BRDA:106,14,1,0
BRDA:107,15,0,0
BRDA:107,15,1,1
BRDA:108,16,0,0
BRDA:108,16,1,1
BRDA:121,17,0,1
BRDA:139,18,0,0
BRDA:139,18,1,1
BRDA:140,19,0,1
BRDA:140,19,1,0
BRDA:141,20,0,1
BRDA:141,20,1,0
BRDA:142,21,0,1
BRDA:142,21,1,0
BRDA:143,22,0,1
BRDA:143,22,1,0
BRF:40
BRH:23
end_of_record
TN:
SF:src\repositories\condominiums\condominium.repository.ts
FN:11,(anonymous_2)
FN:20,(anonymous_3)
FN:76,(anonymous_4)
FN:79,(anonymous_5)
FN:85,(anonymous_6)
FN:93,(anonymous_7)
FN:100,(anonymous_8)
FN:106,(anonymous_9)
FN:114,(anonymous_10)
FNF:9
FNH:5
FNDA:0,(anonymous_2)
FNDA:0,(anonymous_3)
FNDA:4,(anonymous_4)
FNDA:1,(anonymous_5)
FNDA:1,(anonymous_6)
FNDA:0,(anonymous_7)
FNDA:1,(anonymous_8)
FNDA:0,(anonymous_9)
FNDA:1,(anonymous_10)
DA:1,3
DA:2,3
DA:7,3
DA:10,3
DA:14,0
DA:20,0
DA:27,0
DA:48,0
DA:58,4
DA:76,4
DA:80,1
DA:86,1
DA:94,0
DA:101,1
DA:107,0
DA:115,1
LF:16
LH:10
BRF:0
BRH:0
end_of_record
TN:
SF:src\repositories\condominiums\property-documents.repository.ts
FN:6,(anonymous_2)
FN:8,(anonymous_3)
FN:18,(anonymous_4)
FN:31,(anonymous_5)
FN:40,(anonymous_6)
FN:51,(anonymous_7)
FNF:6
FNH:6
FNDA:7,(anonymous_2)
FNDA:6,(anonymous_3)
FNDA:1,(anonymous_4)
FNDA:1,(anonymous_5)
FNDA:3,(anonymous_6)
FNDA:1,(anonymous_7)
DA:1,3
DA:2,3
DA:5,3
DA:6,7
DA:9,6
DA:14,6
DA:15,5
DA:27,1
DA:28,1
DA:32,1
DA:34,1
DA:41,3
DA:43,3
DA:47,3
DA:48,2
DA:52,1
DA:54,1
LF:17
LH:17
BRDA:14,0,0,1
BRDA:47,1,0,1
BRF:2
BRH:2
end_of_record
TN:
SF:src\repositories\condominiums\property-inspections.repository.ts
FN:6,(anonymous_2)
FN:9,(anonymous_3)
FN:22,(anonymous_4)
FN:39,(anonymous_5)
FN:49,(anonymous_6)
FN:68,(anonymous_7)
FNF:6
FNH:6
FNDA:7,(anonymous_2)
FNDA:6,(anonymous_3)
FNDA:1,(anonymous_4)
FNDA:1,(anonymous_5)
FNDA:3,(anonymous_6)
FNDA:1,(anonymous_7)
DA:1,3
DA:2,3
DA:5,3
DA:6,7
DA:10,6
DA:15,6
DA:16,1
DA:19,5
DA:32,1
DA:34,1
DA:40,1
DA:42,1
DA:50,3
DA:52,3
DA:60,3
DA:61,1
DA:64,2
DA:70,1
DA:72,1
LF:19
LH:19
BRDA:15,0,0,1
BRDA:60,1,0,1
BRF:2
BRH:2
end_of_record
TN:
SF:src\repositories\condominiums\property.repository.ts
FN:50,(anonymous_2)
FN:60,(anonymous_3)
FN:90,(anonymous_4)
FN:93,(anonymous_5)
FN:102,(anonymous_6)
FN:113,(anonymous_7)
FN:124,(anonymous_8)
FN:138,(anonymous_9)
FN:151,(anonymous_10)
FNF:9
FNH:8
FNDA:1,(anonymous_2)
FNDA:0,(anonymous_3)
FNDA:7,(anonymous_4)
FNDA:1,(anonymous_5)
FNDA:1,(anonymous_6)
FNDA:1,(anonymous_7)
FNDA:1,(anonymous_8)
FNDA:1,(anonymous_9)
FNDA:1,(anonymous_10)
DA:1,3
DA:2,3
DA:7,3
DA:10,3
DA:12,7
DA:54,1
DA:60,0
DA:67,1
DA:80,1
DA:90,7
DA:94,1
DA:106,1
DA:117,1
DA:125,1
DA:127,1
DA:143,1
DA:152,1
LF:17
LH:16
BRF:0
BRH:0
end_of_record
TN:
SF:src\repositories\contract.templates\contract.template.repository.ts
FN:12,(anonymous_2)
FN:22,(anonymous_3)
FN:56,(anonymous_4)
FN:58,(anonymous_5)
FN:70,(anonymous_6)
FN:91,(anonymous_7)
FN:103,(anonymous_8)
FN:116,(anonymous_9)
FNF:8
FNH:5
FNDA:0,(anonymous_2)
FNDA:0,(anonymous_3)
FNDA:4,(anonymous_4)
FNDA:1,(anonymous_5)
FNDA:1,(anonymous_6)
FNDA:1,(anonymous_7)
FNDA:0,(anonymous_8)
FNDA:1,(anonymous_9)
DA:1,5
DA:2,5
DA:8,5
DA:11,5
DA:16,0
DA:22,0
DA:29,0
DA:46,0
DA:56,4
DA:59,1
DA:71,1
DA:92,1
DA:104,0
DA:117,1
LF:14
LH:9
BRDA:75,0,0,1
BRDA:75,0,1,0
BRF:2
BRH:1
end_of_record
TN:
SF:src\repositories\contracts\contract.repository.ts
FN:153,(anonymous_2)
FN:155,(anonymous_3)
FN:165,(anonymous_4)
FN:197,(anonymous_5)
FN:207,(anonymous_6)
FN:217,(anonymous_7)
FN:230,(anonymous_8)
FN:263,(anonymous_9)
FN:275,(anonymous_10)
FN:286,(anonymous_11)
FN:297,(anonymous_12)
FN:304,(anonymous_13)
FNF:12
FNH:9
FNDA:9,(anonymous_2)
FNDA:0,(anonymous_3)
FNDA:0,(anonymous_4)
FNDA:1,(anonymous_5)
FNDA:1,(anonymous_6)
FNDA:0,(anonymous_7)
FNDA:2,(anonymous_8)
FNDA:1,(anonymous_9)
FNDA:1,(anonymous_10)
FNDA:1,(anonymous_11)
FNDA:1,(anonymous_12)
FNDA:1,(anonymous_13)
DA:1,5
DA:2,5
DA:7,5
DA:10,5
DA:11,9
DA:153,9
DA:159,0
DA:165,0
DA:172,0
DA:185,0
DA:198,1
DA:208,1
DA:218,0
DA:231,2
DA:233,2
DA:240,2
DA:241,1
DA:244,1
DA:253,1
DA:254,1
DA:257,1
DA:264,1
DA:265,1
DA:276,1
DA:287,1
DA:298,1
DA:305,1
LF:27
LH:22
BRDA:240,0,0,1
BRDA:253,1,0,1
BRF:2
BRH:2
end_of_record
TN:
SF:src\repositories\employees\employee-benefits.repository.ts
FN:7,(anonymous_2)
FN:9,(anonymous_3)
FN:15,(anonymous_4)
FN:24,(anonymous_5)
FN:31,(anonymous_6)
FN:37,(anonymous_7)
FN:44,(anonymous_8)
FNF:7
FNH:5
FNDA:4,(anonymous_2)
FNDA:1,(anonymous_3)
FNDA:1,(anonymous_4)
FNDA:1,(anonymous_5)
FNDA:0,(anonymous_6)
FNDA:0,(anonymous_7)
FNDA:1,(anonymous_8)
DA:1,1
DA:2,1
DA:6,1
DA:7,4
DA:10,1
DA:21,1
DA:25,1
DA:32,0
DA:38,0
DA:45,1
LF:10
LH:8
BRF:0
BRH:0
end_of_record
TN:
SF:src\repositories\employees\employee-contracts.repository.ts
FN:6,(anonymous_2)
FN:8,(anonymous_3)
FN:15,(anonymous_4)
FN:26,(anonymous_5)
FN:33,(anonymous_6)
FN:39,(anonymous_7)
FNF:6
FNH:3
FNDA:1,(anonymous_2)
FNDA:1,(anonymous_3)
FNDA:0,(anonymous_4)
FNDA:0,(anonymous_5)
FNDA:1,(anonymous_6)
FNDA:0,(anonymous_7)
DA:1,6
DA:2,6
DA:5,6
DA:6,1
DA:9,1
DA:23,0
DA:27,0
DA:34,1
DA:40,0
LF:9
LH:6
BRF:0
BRH:0
end_of_record
TN:
SF:src\repositories\employees\employee-payments.repository.ts
FN:7,(anonymous_2)
FN:9,(anonymous_3)
FN:16,(anonymous_4)
FN:25,(anonymous_5)
FN:32,(anonymous_6)
FNF:5
FNH:5
FNDA:4,(anonymous_2)
FNDA:1,(anonymous_3)
FNDA:1,(anonymous_4)
FNDA:1,(anonymous_5)
FNDA:1,(anonymous_6)
DA:1,1
DA:2,1
DA:6,1
DA:7,4
DA:10,1
DA:22,1
DA:26,1
DA:33,1
LF:8
LH:8
BRF:0
BRH:0
end_of_record
TN:
SF:src\repositories\employees\employee.repository.ts
FN:49,(anonymous_2)
FN:59,(anonymous_3)
FN:90,(anonymous_4)
FN:92,(anonymous_5)
FN:99,(anonymous_6)
FN:106,(anonymous_7)
FN:144,(anonymous_8)
FN:165,(anonymous_9)
FNF:8
FNH:2
FNDA:0,(anonymous_2)
FNDA:0,(anonymous_3)
FNDA:1,(anonymous_4)
FNDA:0,(anonymous_5)
FNDA:0,(anonymous_6)
FNDA:1,(anonymous_7)
FNDA:0,(anonymous_8)
FNDA:0,(anonymous_9)
DA:1,4
DA:2,4
DA:3,4
DA:8,4
DA:11,4
DA:12,1
DA:53,0
DA:59,0
DA:66,0
DA:79,0
DA:90,1
DA:93,0
DA:100,0
DA:107,1
DA:109,1
DA:145,0
DA:147,0
DA:166,0
LF:18
LH:9
BRDA:119,0,0,1
BRDA:119,0,1,0
BRDA:133,1,0,1
BRDA:133,1,1,0
BRDA:151,2,0,0
BRDA:151,2,1,0
BRF:6
BRH:2
end_of_record
TN:
SF:src\repositories\expenses\expense.repository.ts
FN:28,(anonymous_2)
FN:37,(anonymous_3)
FN:67,(anonymous_4)
FN:69,(anonymous_5)
FN:126,(anonymous_6)
FN:141,(anonymous_7)
FN:153,(anonymous_8)
FN:160,(anonymous_9)
FN:170,(anonymous_10)
FN:192,(anonymous_11)
FN:203,(anonymous_12)
FN:206,(anonymous_13)
FNF:12
FNH:4
FNDA:0,(anonymous_2)
FNDA:0,(anonymous_3)
FNDA:8,(anonymous_4)
FNDA:8,(anonymous_5)
FNDA:8,(anonymous_6)
FNDA:2,(anonymous_7)
FNDA:0,(anonymous_8)
FNDA:0,(anonymous_9)
FNDA:0,(anonymous_10)
FNDA:0,(anonymous_11)
FNDA:0,(anonymous_12)
FNDA:0,(anonymous_13)
DA:1,2
DA:2,2
DA:3,2
DA:6,2
DA:27,2
DA:31,0
DA:37,0
DA:44,0
DA:57,0
DA:67,8
DA:74,8
DA:76,8
DA:77,1
DA:80,7
DA:81,3
DA:83,2
DA:87,2
DA:89,1
DA:92,4
DA:93,3
DA:95,2
DA:99,2
DA:101,1
DA:104,1
DA:127,8
DA:130,2
DA:141,2
DA:150,2
DA:154,0
DA:161,0
DA:166,0
DA:167,0
DA:171,0
DA:173,0
DA:175,0
DA:192,0
DA:204,0
DA:206,0
DA:207,0
DA:212,0
DA:217,0
LF:41
LH:24
BRDA:76,0,0,1
BRDA:76,1,0,8
BRDA:76,1,1,4
BRDA:80,2,0,3
BRDA:81,3,0,1
BRDA:87,4,0,1
BRDA:92,5,0,3
BRDA:93,6,0,1
BRDA:99,7,0,1
BRDA:166,8,0,0
BRF:10
BRH:9
end_of_record
TN:
SF:src\repositories\tenants\tenant.repository.ts
FN:13,(anonymous_2)
FN:23,(anonymous_3)
FN:138,(anonymous_4)
FN:140,(anonymous_5)
FN:147,(anonymous_6)
FN:154,(anonymous_7)
FN:161,(anonymous_8)
FN:277,(anonymous_9)
FN:289,(anonymous_10)
FN:340,(anonymous_11)
FN:360,(anonymous_12)
FN:379,(anonymous_13)
FNF:12
FNH:7
FNDA:0,(anonymous_2)
FNDA:0,(anonymous_3)
FNDA:1,(anonymous_4)
FNDA:1,(anonymous_5)
FNDA:1,(anonymous_6)
FNDA:0,(anonymous_7)
FNDA:1,(anonymous_8)
FNDA:1,(anonymous_9)
FNDA:0,(anonymous_10)
FNDA:0,(anonymous_11)
FNDA:1,(anonymous_12)
FNDA:1,(anonymous_13)
DA:1,3
DA:3,3
DA:6,3
DA:12,3
DA:17,0
DA:23,0
DA:30,0
DA:47,0
DA:57,1
DA:138,1
DA:141,1
DA:148,1
DA:155,0
DA:170,1
DA:172,1
DA:278,1
DA:289,0
DA:340,0
DA:361,1
DA:368,1
DA:369,0
DA:372,1
DA:380,1
DA:388,1
DA:389,0
DA:392,1
LF:26
LH:17
BRDA:180,0,0,0
BRDA:180,0,1,1
BRDA:189,1,0,0
BRDA:189,1,1,1
BRDA:198,2,0,0
BRDA:198,2,1,1
BRDA:219,3,0,0
BRDA:219,3,1,1
BRDA:228,4,0,0
BRDA:228,4,1,1
BRDA:235,5,0,0
BRDA:235,5,1,1
BRDA:247,6,0,0
BRDA:247,6,1,1
BRDA:248,7,0,0
BRDA:248,7,1,1
BRDA:250,8,0,0
BRDA:250,8,1,1
BRDA:262,9,0,0
BRDA:262,9,1,1
BRDA:266,10,0,0
BRDA:266,10,1,1
BRDA:270,11,0,0
BRDA:270,11,1,1
BRDA:279,12,0,1
BRDA:279,12,1,0
BRDA:280,13,0,1
BRDA:280,13,1,0
BRDA:281,14,0,1
BRDA:281,14,1,0
BRDA:282,15,0,1
BRDA:282,15,1,0
BRDA:283,16,0,1
BRDA:283,16,1,0
BRDA:284,17,0,1
BRDA:284,17,1,0
BRDA:286,18,0,1
BRDA:286,18,1,0
BRDA:297,19,0,1
BRDA:297,19,1,0
BRDA:319,20,0,1
BRDA:319,20,1,0
BRDA:328,21,0,1
BRDA:328,21,1,0
BRDA:337,22,0,1
BRDA:337,22,1,0
BRDA:348,23,0,1
BRDA:348,23,1,0
BRDA:368,24,0,0
BRDA:388,25,0,0
BRF:50
BRH:24
end_of_record
TN:
SF:src\services\app.service.ts
FN:5,(anonymous_1)
FNF:1
FNH:1
FNDA:1,(anonymous_1)
DA:1,2
DA:4,2
DA:6,1
LF:3
LH:3
BRF:0
BRH:0
end_of_record
TN:
SF:src\services\auth\auth.service.ts
FN:10,(anonymous_2)
FN:15,(anonymous_3)
FN:21,(anonymous_4)
FN:22,(anonymous_5)
FN:33,(anonymous_6)
FN:49,(anonymous_7)
FNF:6
FNH:5
FNDA:4,(anonymous_2)
FNDA:1,(anonymous_3)
FNDA:2,(anonymous_4)
FNDA:2,(anonymous_5)
FNDA:3,(anonymous_6)
FNDA:0,(anonymous_7)
DA:1,3
DA:2,3
DA:4,3
DA:5,3
DA:9,3
DA:11,4
DA:12,4
DA:16,1
DA:21,2
DA:22,2
DA:25,1
DA:27,1
DA:38,3
DA:39,3
DA:40,1
DA:42,2
DA:43,2
DA:44,1
DA:46,1
DA:50,0
DA:51,0
DA:53,0
DA:54,0
DA:56,0
DA:58,0
LF:25
LH:19
BRDA:39,0,0,1
BRDA:43,1,0,1
BRDA:54,2,0,0
BRF:3
BRH:2
end_of_record
TN:
SF:src\services\auth\user.service.ts
FN:18,(anonymous_2)
FN:23,(anonymous_3)
FN:27,(anonymous_4)
FN:31,(anonymous_5)
FN:38,(anonymous_6)
FN:44,(anonymous_7)
FN:77,(anonymous_8)
FN:85,(anonymous_9)
FN:102,(anonymous_10)
FNF:9
FNH:9
FNDA:12,(anonymous_2)
FNDA:1,(anonymous_3)
FNDA:1,(anonymous_4)
FNDA:1,(anonymous_5)
FNDA:4,(anonymous_6)
FNDA:2,(anonymous_7)
FNDA:1,(anonymous_8)
FNDA:3,(anonymous_9)
FNDA:1,(anonymous_10)
DA:1,4
DA:9,4
DA:10,4
DA:11,4
DA:17,4
DA:19,12
DA:20,12
DA:24,1
DA:28,1
DA:35,1
DA:39,4
DA:41,4
DA:42,2
DA:44,2
DA:47,1
DA:54,2
DA:55,2
DA:56,2
DA:61,2
DA:62,2
DA:68,1
DA:73,1
DA:82,1
DA:89,3
DA:90,3
DA:92,2
DA:96,2
DA:98,1
DA:99,1
DA:103,1
LF:30
LH:30
BRDA:41,0,0,2
BRDA:41,0,1,2
BRDA:42,1,0,1
BRDA:90,2,0,1
BRDA:96,3,0,1
BRF:5
BRH:5
end_of_record
TN:
SF:src\services\charges\charge-payments.service.ts
FN:15,(anonymous_2)
FN:23,(anonymous_3)
FN:33,(anonymous_4)
FN:58,(anonymous_5)
FN:94,(anonymous_6)
FN:99,(anonymous_7)
FN:107,(anonymous_8)
FN:115,(anonymous_9)
FN:167,(anonymous_10)
FNF:9
FNH:8
FNDA:10,(anonymous_2)
FNDA:4,(anonymous_3)
FNDA:3,(anonymous_4)
FNDA:4,(anonymous_5)
FNDA:1,(anonymous_6)
FNDA:5,(anonymous_7)
FNDA:2,(anonymous_8)
FNDA:0,(anonymous_9)
FNDA:2,(anonymous_10)
DA:1,2
DA:7,2
DA:8,2
DA:9,2
DA:14,2
DA:16,10
DA:17,10
DA:18,10
DA:21,10
DA:24,4
DA:25,2
DA:26,2
DA:27,1
DA:37,3
DA:39,3
DA:47,3
DA:59,4
DA:61,3
DA:63,3
DA:71,3
DA:73,3
DA:75,3
DA:91,3
DA:95,1
DA:96,1
DA:100,5
DA:101,5
DA:102,5
DA:104,4
DA:108,2
DA:109,2
DA:111,1
DA:112,1
DA:116,0
DA:118,0
DA:119,0
DA:121,0
DA:129,0
DA:131,0
DA:139,0
DA:141,0
DA:157,0
DA:158,0
DA:159,0
DA:164,0
DA:169,2
DA:171,2
DA:173,2
DA:174,2
DA:175,2
DA:180,2
LF:51
LH:39
BRDA:24,0,0,2
BRDA:26,1,0,1
BRDA:26,2,0,2
BRDA:26,2,1,2
BRDA:63,3,0,1
BRDA:63,3,1,2
BRDA:80,4,0,1
BRDA:80,4,1,2
BRDA:85,5,0,1
BRDA:85,5,1,0
BRDA:102,6,0,1
BRDA:109,7,0,1
BRDA:122,8,0,0
BRDA:122,8,1,0
BRDA:123,9,0,0
BRDA:123,9,1,0
BRDA:124,10,0,0
BRDA:124,10,1,0
BRDA:125,11,0,0
BRDA:125,11,1,0
BRDA:126,12,0,0
BRDA:126,12,1,0
BRDA:131,13,0,0
BRDA:131,13,1,0
BRDA:146,14,0,0
BRDA:146,14,1,0
BRDA:151,15,0,0
BRDA:151,15,1,0
BRDA:157,16,0,0
BRDA:157,17,0,0
BRDA:157,17,1,0
BRDA:173,18,0,2
BRF:32
BRH:12
end_of_record
TN:
SF:src\services\charges\charges.service.ts
FN:13,(anonymous_2)
FN:15,(anonymous_3)
FN:19,(anonymous_4)
FN:26,(anonymous_5)
FN:30,(anonymous_6)
FN:34,(anonymous_7)
FN:38,(anonymous_8)
FN:42,(anonymous_9)
FNF:8
FNH:7
FNDA:6,(anonymous_2)
FNDA:1,(anonymous_3)
FNDA:0,(anonymous_4)
FNDA:1,(anonymous_5)
FNDA:1,(anonymous_6)
FNDA:1,(anonymous_7)
FNDA:1,(anonymous_8)
FNDA:1,(anonymous_9)
DA:1,2
DA:8,2
DA:12,2
DA:13,6
DA:16,1
DA:23,0
DA:27,1
DA:31,1
DA:35,1
DA:39,1
DA:43,1
DA:44,1
LF:12
LH:11
BRF:0
BRH:0
end_of_record
TN:
SF:src\services\charges\interest-calculator.service.ts
FN:9,(anonymous_1)
FN:13,(anonymous_2)
FN:21,(anonymous_3)
FNF:3
FNH:3
FNDA:14,(anonymous_1)
FNDA:4,(anonymous_2)
FNDA:5,(anonymous_3)
DA:1,4
DA:8,4
DA:10,14
DA:14,4
DA:15,4
DA:16,4
DA:18,3
DA:22,5
DA:23,5
DA:24,5
DA:26,5
DA:27,5
DA:29,5
DA:30,1
DA:33,4
DA:35,4
DA:37,4
DA:39,4
DA:41,4
DA:43,4
LF:20
LH:20
BRDA:16,0,0,1
BRDA:23,1,0,5
BRDA:23,1,1,3
BRDA:24,2,0,5
BRDA:24,2,1,3
BRDA:29,3,0,1
BRDA:29,4,0,5
BRDA:29,4,1,4
BRDA:35,5,0,3
BRDA:35,5,1,1
BRDA:39,6,0,3
BRDA:39,6,1,1
BRF:12
BRH:12
end_of_record
TN:
SF:src\services\condominiums\condominium.service.ts
FN:12,(anonymous_2)
FN:14,(anonymous_3)
FN:18,(anonymous_4)
FN:24,(anonymous_5)
FN:28,(anonymous_6)
FN:48,(anonymous_7)
FN:52,(anonymous_8)
FNF:7
FNH:7
FNDA:7,(anonymous_2)
FNDA:1,(anonymous_3)
FNDA:1,(anonymous_4)
FNDA:1,(anonymous_5)
FNDA:2,(anonymous_6)
FNDA:1,(anonymous_7)
FNDA:1,(anonymous_8)
DA:1,2
DA:6,2
DA:7,2
DA:11,2
DA:12,7
DA:13,7
DA:15,1
DA:21,1
DA:25,1
DA:29,2
DA:33,2
DA:34,1
DA:37,1
DA:38,1
DA:44,1
DA:46,1
DA:49,1
DA:53,1
LF:18
LH:18
BRDA:33,0,0,1
BRF:1
BRH:1
end_of_record
TN:
SF:src\services\condominiums\property-documents.repository.ts
FN:10,(anonymous_2)
FN:15,(anonymous_3)
FN:34,(anonymous_4)
FN:38,(anonymous_5)
FN:44,(anonymous_6)
FN:50,(anonymous_7)
FNF:6
FNH:6
FNDA:5,(anonymous_2)
FNDA:1,(anonymous_3)
FNDA:1,(anonymous_4)
FNDA:1,(anonymous_5)
FNDA:1,(anonymous_6)
FNDA:1,(anonymous_7)
DA:1,2
DA:2,2
DA:3,2
DA:4,2
DA:7,2
DA:8,5
DA:11,5
DA:12,5
DA:16,1
DA:18,1
DA:19,1
DA:21,1
DA:23,1
DA:35,1
DA:39,1
DA:40,1
DA:41,1
DA:45,1
DA:46,1
DA:47,1
DA:51,1
DA:53,1
DA:54,1
DA:58,1
LF:24
LH:24
BRDA:18,0,0,1
BRDA:18,0,1,0
BRF:2
BRH:1
end_of_record
TN:
SF:src\services\condominiums\property-inspections.service.ts
FN:10,(anonymous_2)
FN:15,(anonymous_3)
FN:35,(anonymous_4)
FN:39,(anonymous_5)
FN:45,(anonymous_6)
FN:51,(anonymous_7)
FNF:6
FNH:6
FNDA:5,(anonymous_2)
FNDA:1,(anonymous_3)
FNDA:1,(anonymous_4)
FNDA:1,(anonymous_5)
FNDA:1,(anonymous_6)
FNDA:1,(anonymous_7)
DA:1,2
DA:2,2
DA:3,2
DA:4,2
DA:7,2
DA:8,5
DA:11,5
DA:12,5
DA:17,1
DA:19,1
DA:20,1
DA:22,1
DA:24,1
DA:36,1
DA:40,1
DA:41,1
DA:42,1
DA:46,1
DA:47,1
DA:48,1
DA:52,1
DA:54,1
DA:55,1
DA:59,1
LF:24
LH:24
BRDA:19,0,0,1
BRDA:19,0,1,0
BRF:2
BRH:1
end_of_record
TN:
SF:src\services\condominiums\property.service.ts
FN:10,(anonymous_2)
FN:11,(anonymous_3)
FN:15,(anonymous_4)
FN:22,(anonymous_5)
FN:26,(anonymous_6)
FN:30,(anonymous_7)
FN:41,(anonymous_8)
FN:45,(anonymous_9)
FNF:8
FNH:7
FNDA:7,(anonymous_2)
FNDA:1,(anonymous_3)
FNDA:0,(anonymous_4)
FNDA:1,(anonymous_5)
FNDA:1,(anonymous_6)
FNDA:2,(anonymous_7)
FNDA:1,(anonymous_8)
FNDA:1,(anonymous_9)
DA:1,2
DA:6,2
DA:9,2
DA:10,7
DA:12,1
DA:19,0
DA:23,1
DA:27,1
DA:31,2
DA:35,2
DA:36,1
DA:38,1
DA:42,1
DA:46,1
LF:14
LH:13
BRDA:35,0,0,1
BRF:1
BRH:1
end_of_record
TN:
SF:src\services\contract.templates\contract.template.service.ts
FN:11,(anonymous_2)
FN:13,(anonymous_3)
FN:16,(anonymous_4)
FN:22,(anonymous_5)
FN:25,(anonymous_6)
FN:28,(anonymous_7)
FN:31,(anonymous_8)
FNF:7
FNH:6
FNDA:5,(anonymous_2)
FNDA:1,(anonymous_3)
FNDA:0,(anonymous_4)
FNDA:1,(anonymous_5)
FNDA:1,(anonymous_6)
FNDA:1,(anonymous_7)
FNDA:1,(anonymous_8)
DA:1,2
DA:7,2
DA:10,2
DA:11,5
DA:14,1
DA:20,0
DA:23,1
DA:26,1
DA:29,1
DA:32,1
LF:10
LH:9
BRF:0
BRH:0
end_of_record
TN:
SF:src\services\contracts\contract.service.ts
FN:14,(anonymous_2)
FN:20,(anonymous_3)
FN:26,(anonymous_4)
FN:29,(anonymous_5)
FN:36,(anonymous_6)
FN:76,(anonymous_7)
FN:80,(anonymous_8)
FN:84,(anonymous_9)
FN:88,(anonymous_10)
FNF:9
FNH:8
FNDA:9,(anonymous_2)
FNDA:0,(anonymous_3)
FNDA:1,(anonymous_4)
FNDA:1,(anonymous_5)
FNDA:3,(anonymous_6)
FNDA:1,(anonymous_7)
FNDA:1,(anonymous_8)
FNDA:1,(anonymous_9)
FNDA:1,(anonymous_10)
DA:1,2
DA:5,2
DA:6,2
DA:7,2
DA:11,2
DA:12,9
DA:15,9
DA:16,9
DA:17,9
DA:24,0
DA:27,1
DA:30,1
DA:31,1
DA:32,1
DA:33,1
DA:41,3
DA:42,3
DA:43,1
DA:46,2
DA:47,1
DA:48,1
DA:49,1
DA:55,1
DA:56,1
DA:57,1
DA:59,1
DA:60,1
DA:65,1
DA:71,1
DA:72,1
DA:73,1
DA:77,1
DA:81,1
DA:85,1
DA:89,1
LF:35
LH:34
BRDA:42,0,0,1
BRDA:46,1,0,1
BRDA:46,1,1,1
BRF:3
BRH:3
end_of_record
TN:
SF:src\services\contracts\preview.contract.service.ts
FN:16,(anonymous_2)
FN:23,(anonymous_3)
FN:43,(anonymous_4)
FNF:3
FNH:2
FNDA:1,(anonymous_2)
FNDA:1,(anonymous_3)
FNDA:0,(anonymous_4)
DA:1,2
DA:3,2
DA:4,2
DA:5,2
DA:7,2
DA:8,2
DA:14,2
DA:17,1
DA:18,1
DA:19,1
DA:20,1
DA:24,1
DA:26,1
DA:27,0
DA:30,1
DA:31,1
DA:35,1
DA:38,1
DA:48,0
DA:49,0
DA:55,0
DA:57,0
LF:22
LH:17
BRDA:26,0,0,0
BRDA:30,1,0,1
BRDA:30,1,1,1
BRDA:48,2,0,0
BRF:4
BRH:2
end_of_record
TN:
SF:src\services\employees\employee-benefits.service.ts
FN:11,(anonymous_2)
FN:13,(anonymous_3)
FN:34,(anonymous_4)
FN:64,(anonymous_5)
FN:77,(anonymous_6)
FN:104,(anonymous_7)
FNF:6
FNH:5
FNDA:12,(anonymous_2)
FNDA:3,(anonymous_3)
FNDA:0,(anonymous_4)
FNDA:2,(anonymous_5)
FNDA:4,(anonymous_6)
FNDA:3,(anonymous_7)
DA:1,2
DA:2,2
DA:10,2
DA:11,12
DA:14,3
DA:18,3
DA:20,2
DA:21,1
DA:24,1
DA:39,0
DA:44,0
DA:46,0
DA:53,0
DA:65,2
DA:69,2
DA:71,1
DA:78,4
DA:82,4
DA:84,3
DA:88,3
DA:90,2
DA:91,1
DA:94,1
DA:105,3
DA:109,3
DA:111,2
DA:115,2
DA:117,1
DA:122,1
LF:29
LH:25
BRDA:18,0,0,1
BRDA:20,1,0,1
BRDA:20,2,0,2
BRDA:20,2,1,1
BRDA:20,2,2,1
BRDA:44,3,0,0
BRDA:69,4,0,1
BRDA:82,5,0,1
BRDA:88,6,0,1
BRDA:90,7,0,1
BRDA:90,8,0,2
BRDA:90,8,1,2
BRDA:90,8,2,2
BRDA:109,9,0,1
BRDA:115,10,0,1
BRF:15
BRH:14
end_of_record
TN:
SF:src\services\employees\employee-contracts.service.ts
FN:11,(anonymous_2)
FN:16,(anonymous_3)
FN:40,(anonymous_4)
FN:47,(anonymous_5)
FN:55,(anonymous_6)
FN:63,(anonymous_7)
FN:74,(anonymous_8)
FN:82,(anonymous_9)
FN:101,(anonymous_10)
FN:102,(anonymous_11)
FNF:10
FNH:10
FNDA:13,(anonymous_2)
FNDA:4,(anonymous_3)
FNDA:2,(anonymous_4)
FNDA:2,(anonymous_5)
FNDA:2,(anonymous_6)
FNDA:3,(anonymous_7)
FNDA:1,(anonymous_8)
FNDA:2,(anonymous_9)
FNDA:2,(anonymous_10)
FNDA:1,(anonymous_11)
DA:1,5
DA:2,5
DA:3,5
DA:4,5
DA:8,5
DA:9,13
DA:12,13
DA:13,13
DA:18,4
DA:19,4
DA:21,3
DA:22,3
DA:23,1
DA:26,2
DA:28,2
DA:30,2
DA:41,2
DA:42,2
DA:44,1
DA:48,2
DA:49,2
DA:51,1
DA:52,1
DA:56,2
DA:57,2
DA:59,1
DA:60,1
DA:64,3
DA:65,3
DA:66,2
DA:67,2
DA:71,2
DA:80,1
DA:82,2
DA:83,1
DA:84,1
DA:85,1
DA:88,1
DA:89,1
DA:90,1
DA:91,1
DA:101,2
DA:102,1
DA:111,1
LF:44
LH:44
BRDA:19,0,0,1
BRDA:21,1,0,3
BRDA:21,1,1,0
BRDA:22,2,0,1
BRDA:42,3,0,1
BRDA:49,4,0,1
BRDA:57,5,0,1
BRDA:65,6,0,1
BRDA:77,7,0,0
BRDA:78,8,0,0
BRF:10
BRH:7
end_of_record
TN:
SF:src\services\employees\employee-payments.service.ts
FN:9,(anonymous_2)
FN:11,(anonymous_3)
FN:58,(anonymous_4)
FN:76,(anonymous_5)
FN:84,(anonymous_6)
FNF:5
FNH:5
FNDA:10,(anonymous_2)
FNDA:5,(anonymous_3)
FNDA:2,(anonymous_4)
FNDA:2,(anonymous_5)
FNDA:3,(anonymous_6)
DA:1,2
DA:2,2
DA:8,2
DA:9,10
DA:15,5
DA:19,5
DA:21,4
DA:22,1
DA:26,3
DA:27,3
DA:28,1
DA:31,2
DA:32,1
DA:35,1
DA:50,1
DA:59,2
DA:63,2
DA:65,1
DA:76,2
DA:85,3
DA:89,3
DA:91,2
DA:95,2
DA:97,1
LF:24
LH:24
BRDA:19,0,0,1
BRDA:21,1,0,1
BRDA:21,2,0,4
BRDA:21,2,1,3
BRDA:21,2,2,3
BRDA:27,3,0,1
BRDA:31,4,0,1
BRDA:63,5,0,1
BRDA:89,6,0,1
BRDA:95,7,0,1
BRF:10
BRH:10
end_of_record
TN:
SF:src\services\employees\employee.service.ts
FN:11,(anonymous_2)
FN:14,(anonymous_3)
FN:28,(anonymous_4)
FN:36,(anonymous_5)
FN:50,(anonymous_6)
FN:60,(anonymous_7)
FN:76,(anonymous_8)
FNF:7
FNH:3
FNDA:2,(anonymous_2)
FNDA:0,(anonymous_3)
FNDA:0,(anonymous_4)
FNDA:1,(anonymous_5)
FNDA:1,(anonymous_6)
FNDA:0,(anonymous_7)
FNDA:0,(anonymous_8)
DA:1,3
DA:5,3
DA:6,3
DA:7,3
DA:10,3
DA:11,2
DA:15,0
DA:17,0
DA:29,0
DA:30,0
DA:31,0
DA:33,0
DA:37,1
DA:42,1
DA:43,0
DA:46,1
DA:47,1
DA:51,1
DA:53,1
DA:60,1
DA:69,1
DA:77,0
DA:78,0
LF:23
LH:14
BRDA:30,0,0,0
BRDA:42,1,0,0
BRF:2
BRH:0
end_of_record
TN:
SF:src\services\expenses\expense.service.ts
FN:11,(anonymous_2)
FN:16,(anonymous_3)
FN:20,(anonymous_4)
FN:28,(anonymous_5)
FN:40,(anonymous_6)
FN:51,(anonymous_7)
FN:57,(anonymous_8)
FN:68,(anonymous_9)
FN:73,(anonymous_10)
FN:81,(anonymous_11)
FN:91,(anonymous_12)
FNF:11
FNH:2
FNDA:2,(anonymous_2)
FNDA:2,(anonymous_3)
FNDA:0,(anonymous_4)
FNDA:0,(anonymous_5)
FNDA:0,(anonymous_6)
FNDA:0,(anonymous_7)
FNDA:0,(anonymous_8)
FNDA:0,(anonymous_9)
FNDA:0,(anonymous_10)
FNDA:0,(anonymous_11)
FNDA:0,(anonymous_12)
DA:1,1
DA:2,1
DA:7,1
DA:10,1
DA:12,2
DA:13,2
DA:17,2
DA:19,2
DA:21,0
DA:28,1
DA:30,1
DA:37,1
DA:41,0
DA:42,0
DA:43,0
DA:44,0
DA:45,0
DA:48,0
DA:54,0
DA:58,0
DA:60,0
DA:61,0
DA:62,0
DA:65,0
DA:70,0
DA:72,0
DA:74,0
DA:81,0
DA:83,0
DA:92,0
LF:30
LH:11
BRF:0
BRH:0
end_of_record
TN:
SF:src\services\tenants\tenant.service.ts
FN:11,(anonymous_2)
FN:18,(anonymous_3)
FN:19,(anonymous_4)
FN:23,(anonymous_5)
FN:32,(anonymous_6)
FN:44,(anonymous_7)
FN:53,(anonymous_8)
FN:69,(anonymous_9)
FNF:8
FNH:6
FNDA:0,(anonymous_2)
FNDA:1,(anonymous_3)
FNDA:1,(anonymous_4)
FNDA:2,(anonymous_5)
FNDA:1,(anonymous_6)
FNDA:1,(anonymous_7)
FNDA:0,(anonymous_8)
FNDA:2,(anonymous_9)
DA:1,2
DA:7,2
DA:10,2
DA:15,0
DA:18,1
DA:20,1
DA:24,2
DA:26,2
DA:27,1
DA:29,1
DA:33,1
DA:37,1
DA:38,0
DA:41,1
DA:45,1
DA:47,1
DA:48,0
DA:50,1
DA:58,0
DA:60,0
DA:61,0
DA:64,0
DA:66,0
DA:70,2
DA:72,2
DA:73,1
DA:75,1
LF:27
LH:19
BRDA:26,0,0,1
BRDA:37,1,0,0
BRDA:47,2,0,0
BRDA:60,3,0,0
BRDA:72,4,0,1
BRF:5
BRH:2
end_of_record
TN:
SF:src\services\tools\generate-contract.service.ts
FN:12,(anonymous_2)
FN:19,(anonymous_3)
FN:113,(anonymous_4)
FN:137,(anonymous_5)
FNF:4
FNH:2
FNDA:7,(anonymous_2)
FNDA:12,(anonymous_3)
FNDA:0,(anonymous_4)
FNDA:0,(anonymous_5)
DA:1,4
DA:3,4
DA:5,4
DA:6,4
DA:7,4
DA:11,4
DA:13,7
DA:14,7
DA:15,7
DA:16,7
DA:21,12
DA:22,12
DA:23,2
DA:25,10
DA:26,10
DA:27,2
DA:29,8
DA:30,8
DA:31,2
DA:33,6
DA:34,6
DA:35,0
DA:37,6
DA:38,6
DA:39,2
DA:41,4
DA:42,4
DA:43,2
DA:46,2
DA:92,2
DA:93,2
DA:98,2
DA:100,2
DA:101,2
DA:102,2
DA:104,2
DA:110,2
DA:119,0
DA:124,0
DA:126,0
DA:128,0
DA:134,0
DA:143,0
DA:145,0
LF:44
LH:36
BRDA:22,0,0,2
BRDA:26,1,0,2
BRDA:30,2,0,2
BRDA:34,3,0,0
BRDA:38,4,0,2
BRDA:42,5,0,2
BRDA:92,6,0,2
BRDA:92,6,1,1
BRF:8
BRH:7
end_of_record
TN:
SF:src\services\tools\mail.service.ts
FN:14,(anonymous_1)
FNF:1
FNH:1
FNDA:2,(anonymous_1)
DA:1,6
DA:2,6
DA:5,6
DA:6,2
DA:15,2
DA:22,2
LF:6
LH:6
BRF:0
BRH:0
end_of_record
TN:
SF:src\services\tools\minio-client.service.ts
FN:23,(anonymous_2)
FN:45,(anonymous_3)
FN:54,(anonymous_4)
FN:82,(anonymous_5)
FN:83,(anonymous_6)
FN:87,(anonymous_7)
FN:101,(anonymous_8)
FN:102,(anonymous_9)
FN:106,(anonymous_10)
FN:128,(anonymous_11)
FN:136,(anonymous_12)
FNF:11
FNH:10
FNDA:7,(anonymous_2)
FNDA:3,(anonymous_3)
FNDA:3,(anonymous_4)
FNDA:1,(anonymous_5)
FNDA:1,(anonymous_6)
FNDA:2,(anonymous_7)
FNDA:1,(anonymous_8)
FNDA:0,(anonymous_9)
FNDA:1,(anonymous_10)
FNDA:1,(anonymous_11)
FNDA:1,(anonymous_12)
DA:1,18
DA:7,18
DA:8,18
DA:9,18
DA:18,18
DA:19,7
DA:24,7
DA:25,7
DA:27,7
DA:30,7
DA:31,0
DA:34,7
DA:50,3
DA:52,3
DA:54,3
DA:56,1
DA:61,2
DA:62,2
DA:64,2
DA:65,2
DA:73,1
DA:75,1
DA:76,1
DA:83,1
DA:84,1
DA:85,1
DA:87,1
DA:88,2
DA:90,2
DA:92,2
DA:101,1
DA:102,1
DA:110,1
DA:116,1
DA:122,0
DA:129,1
DA:130,1
DA:132,0
DA:141,1
DA:143,1
DA:144,1
DA:152,1
DA:154,0
DA:155,0
LF:44
LH:39
BRDA:30,0,0,0
BRDA:39,1,0,7
BRDA:39,1,1,0
BRDA:41,2,0,7
BRDA:41,2,1,0
BRDA:52,3,0,1
BRDA:53,4,0,3
BRDA:53,4,1,3
BRDA:90,5,0,2
BRDA:90,5,1,1
BRDA:94,6,0,1
BRDA:94,6,1,1
BRDA:97,7,0,1
BRDA:97,7,1,1
BRDA:108,8,0,1
BRF:15
BRH:12
end_of_record
TN:
SF:src\services\tools\pdf-generator.service.ts
FN:7,(anonymous_1)
FN:49,(anonymous_2)
FNF:2
FNH:2
FNDA:3,(anonymous_1)
FNDA:3,(anonymous_2)
DA:1,5
DA:2,5
DA:3,5
DA:6,5
DA:8,3
DA:10,3
DA:11,3
DA:13,3
DA:18,3
DA:20,3
DA:22,3
DA:26,3
DA:37,1
DA:39,2
DA:43,3
DA:44,3
DA:50,3
LF:17
LH:17
BRDA:43,0,0,3
BRF:1
BRH:1
end_of_record
TN:
SF:src\services\tools\template-engine.service.ts
FN:5,(anonymous_1)
FN:6,(anonymous_2)
FN:12,(anonymous_3)
FN:13,(anonymous_4)
FNF:4
FNH:4
FNDA:6,(anonymous_1)
FNDA:7,(anonymous_2)
FNDA:7,(anonymous_3)
FNDA:10,(anonymous_4)
DA:1,5
DA:4,5
DA:6,6
DA:7,7
DA:8,7
DA:13,10
LF:6
LH:6
BRDA:8,0,0,5
BRDA:8,0,1,2
BRDA:8,1,0,7
BRDA:8,1,1,5
BRF:4
BRH:4
end_of_record
